"- Output[channel, i_brand_id, i_class_id, i_category_id, sales, number_sales, channel, i_brand_id, i_class_id, i_category_id, sales, number_sales] => [expr_480:varchar(5), i_brand_id:integer, i_class_id:integer, i_category_id:integer, sum:decimal(38,2), count:bigint, expr_1133:varchar(5), i_brand_id:integer, i_class_id:integer, i_category_id:integer, sum_922:decimal(38,2), count_923:bigint]
        channel := expr_480 (41:2)
        sales := sum (41:2)
        number_sales := count (41:2)
        channel := expr_1133 (41:2)
        sales := sum_922 (41:2)
        number_sales := count_923 (41:2)
    - TopN[100 by (expr_480 ASC_NULLS_LAST, i_brand_id ASC_NULLS_LAST, i_class_id ASC_NULLS_LAST, i_category_id ASC_NULLS_LAST)] => [expr_480:varchar(5), i_brand_id:integer, i_class_id:integer, i_category_id:integer, sum:decimal(38,2), count:bigint, expr_1133:varchar(5), sum_922:decimal(38,2), count_923:bigint]
        - LocalExchange[SINGLE] () => [expr_480:varchar(5), i_brand_id:integer, i_class_id:integer, i_category_id:integer, sum:decimal(38,2), count:bigint, expr_1133:varchar(5), sum_922:decimal(38,2), count_923:bigint]
            - RemoteStreamingExchange[GATHER] => [expr_480:varchar(5), i_brand_id:integer, i_class_id:integer, i_category_id:integer, sum:decimal(38,2), count:bigint, expr_1133:varchar(5), sum_922:decimal(38,2), count_923:bigint]
                - TopNPartial[100 by (expr_480 ASC_NULLS_LAST, i_brand_id ASC_NULLS_LAST, i_class_id ASC_NULLS_LAST, i_category_id ASC_NULLS_LAST)] => [expr_480:varchar(5), i_brand_id:integer, i_class_id:integer, i_category_id:integer, sum:decimal(38,2), count:bigint, expr_1133:varchar(5), sum_922:decimal(38,2), count_923:bigint]
                    - InnerJoin[(""i_brand_id"" = ""i_brand_id_534"") AND (""i_class_id"" = ""i_class_id_536"") AND (""i_category_id"" = ""i_category_id_538"")][$hashvalue_1329, $hashvalue_1399] => [expr_480:varchar(5), i_brand_id:integer, i_class_id:integer, i_category_id:integer, sum:decimal(38,2), count:bigint, expr_1133:varchar(5), sum_922:decimal(38,2), count_923:bigint]
                            Distribution: PARTITIONED
                        - FilterProject[filterPredicate = (sum) > (expr_478), projectLocality = LOCAL] => [expr_480:varchar(5), i_brand_id:integer, i_class_id:integer, i_category_id:integer, sum:decimal(38,2), count:bigint, $hashvalue_1329:bigint]
                                expr_480 := VARCHAR'store'
                                $hashvalue_1329 := combine_hash(combine_hash(combine_hash(BIGINT'0', COALESCE($operator$hash_code(i_brand_id), BIGINT'0')), COALESCE($operator$hash_code(i_class_id), BIGINT'0')), COALESCE($operator$hash_code(i_category_id), BIGINT'0')) (42:27)
                            - CrossJoin => [i_brand_id:integer, i_class_id:integer, i_category_id:integer, sum:decimal(38,2), count:bigint, expr_478:decimal(38,2)]
                                    Distribution: REPLICATED
                                - Project[projectLocality = LOCAL] => [i_brand_id:integer, i_class_id:integer, i_category_id:integer, sum:decimal(38,2), count:bigint]
                                    - Aggregate(FINAL)[i_brand_id, i_class_id, i_category_id][$hashvalue] => [i_brand_id:integer, i_class_id:integer, i_category_id:integer, $hashvalue:bigint, sum:decimal(38,2), count:bigint]
                                            sum := ""presto.default.sum""((sum_1249)) (43:10)
                                            count := ""presto.default.count""((count_1250)) (43:48)
                                        - LocalExchange[HASH][$hashvalue] (i_brand_id, i_class_id, i_category_id) => [i_brand_id:integer, i_class_id:integer, i_category_id:integer, sum_1249:varbinary, count_1250:bigint, $hashvalue:bigint]
                                            - RemoteStreamingExchange[REPARTITION][$hashvalue_1261] => [i_brand_id:integer, i_class_id:integer, i_category_id:integer, sum_1249:varbinary, count_1250:bigint, $hashvalue_1261:bigint]
                                                - Aggregate(PARTIAL)[i_brand_id, i_class_id, i_category_id][$hashvalue_1316] => [i_brand_id:integer, i_class_id:integer, i_category_id:integer, $hashvalue_1316:bigint, sum_1249:varbinary, count_1250:bigint]
                                                        sum_1249 := ""presto.default.sum""((expr_272)) (43:10)
                                                        count_1250 := ""presto.default.count""(*) (43:48)
                                                    - Project[projectLocality = LOCAL] => [i_brand_id:integer, i_class_id:integer, i_category_id:integer, expr_272:decimal(17,2), $hashvalue_1316:bigint]
                                                            expr_272 := (CAST(ss_quantity AS decimal(10,0))) * (ss_list_price) (44:9)
                                                            $hashvalue_1316 := combine_hash(combine_hash(combine_hash(BIGINT'0', COALESCE($operator$hash_code(i_brand_id), BIGINT'0')), COALESCE($operator$hash_code(i_class_id), BIGINT'0')), COALESCE($operator$hash_code(i_category_id), BIGINT'0')) (44:22)
                                                        - InnerJoin[(""d_week_seq"" = ""d_week_seq_240"")][$hashvalue_1312, $hashvalue_1313] => [ss_quantity:integer, ss_list_price:decimal(7,2), i_brand_id:integer, i_class_id:integer, i_category_id:integer]
                                                                Distribution: REPLICATED
                                                            - FilterProject[filterPredicate = expr_235, projectLocality = LOCAL] => [ss_quantity:integer, ss_list_price:decimal(7,2), i_brand_id:integer, i_class_id:integer, i_category_id:integer, d_week_seq:integer, $hashvalue_1312:bigint]
                                                                    $hashvalue_1312 := combine_hash(BIGINT'0', COALESCE($operator$hash_code(d_week_seq), BIGINT'0')) (44:27)
                                                                - Project[projectLocality = LOCAL] => [ss_item_sk:integer, ss_quantity:integer, ss_list_price:decimal(7,2), i_brand_id:integer, i_class_id:integer, i_category_id:integer, d_week_seq:integer, expr_235:boolean]
                                                                    - SemiJoin[ss_item_sk = i_item_sk_1][$hashvalue_1262, $hashvalue_1272] => [ss_item_sk:integer, ss_quantity:integer, ss_list_price:decimal(7,2), i_brand_id:integer, i_class_id:integer, i_category_id:integer, d_week_seq:integer, $hashvalue_1262:bigint, expr_235:boolean]
                                                                            Distribution: PARTITIONED
                                                                        - RemoteStreamingExchange[REPARTITION][$hashvalue_1262] => [ss_item_sk:integer, ss_quantity:integer, ss_list_price:decimal(7,2), i_brand_id:integer, i_class_id:integer, i_category_id:integer, d_week_seq:integer, $hashvalue_1262:bigint]
                                                                                Estimates: {rows: ? (?), cpu: ?, memory: 2546232.00, network: ?}
                                                                            - Project[projectLocality = LOCAL] => [ss_item_sk:integer, ss_quantity:integer, ss_list_price:decimal(7,2), i_brand_id:integer, i_class_id:integer, i_category_id:integer, d_week_seq:integer, $hashvalue_1271:bigint]
                                                                                    Estimates: {rows: ? (?), cpu: ?, memory: 2546232.00, network: 2546232.00}
                                                                                    $hashvalue_1271 := combine_hash(BIGINT'0', COALESCE($operator$hash_code(ss_item_sk), BIGINT'0')) (44:8)
                                                                                - InnerJoin[(""ss_sold_date_sk"" = ""d_date_sk"")][$hashvalue_1267, $hashvalue_1268] => [ss_item_sk:integer, ss_quantity:integer, ss_list_price:decimal(7,2), i_brand_id:integer, i_class_id:integer, i_category_id:integer, d_week_seq:integer]
                                                                                        Estimates: {rows: ? (?), cpu: ?, memory: 2546232.00, network: 2546232.00}
                                                                                        Distribution: REPLICATED
                                                                                    - Project[projectLocality = LOCAL] => [ss_item_sk:integer, ss_quantity:integer, ss_list_price:decimal(7,2), ss_sold_date_sk:integer, i_brand_id:integer, i_class_id:integer, i_category_id:integer, $hashvalue_1267:bigint]
                                                                                            Estimates: {rows: ? (?), cpu: ?, memory: 598604.00, network: 598604.00}
                                                                                            $hashvalue_1267 := combine_hash(BIGINT'0', COALESCE($operator$hash_code(ss_sold_date_sk), BIGINT'0')) (44:9)
                                                                                        - InnerJoin[(""ss_item_sk"" = ""i_item_sk"")][$hashvalue_1263, $hashvalue_1264] => [ss_item_sk:integer, ss_quantity:integer, ss_list_price:decimal(7,2), ss_sold_date_sk:integer, i_brand_id:integer, i_class_id:integer, i_category_id:integer]
                                                                                                Estimates: {rows: ? (?), cpu: ?, memory: 598604.00, network: 598604.00}
                                                                                                Distribution: REPLICATED
                                                                                            - ScanProject[table = TableHandle {connectorId='iceberg', connectorHandle='tpcds_sf1_iceberg.store_sales$data@Optional[6526568472398842660]', layout='Optional[tpcds_sf1_iceberg.store_sales$data@Optional[6526568472398842660]]'}, projectLocality = LOCAL] => [ss_item_sk:integer, ss_quantity:integer, ss_list_price:decimal(7,2), ss_sold_date_sk:integer, $hashvalue_1263:bigint]
                                                                                                    Estimates: {rows: 2750838 (503.69MB), cpu: 27694923.00, memory: 0.00, network: 0.00}/{rows: 2750838 (503.69MB), cpu: 80147388.00, memory: 0.00, network: 0.00}
                                                                                                    $hashvalue_1263 := combine_hash(BIGINT'0', COALESCE($operator$hash_code(ss_item_sk), BIGINT'0')) (48:5)
                                                                                                    ss_list_price := 12:ss_list_price:decimal(7,2) (44:8)
                                                                                                    ss_sold_date_sk := 23:ss_sold_date_sk:integer (44:8)
                                                                                                    ss_quantity := 10:ss_quantity:integer (44:8)
                                                                                                    ss_item_sk := 2:ss_item_sk:integer (44:8)
                                                                                            - LocalExchange[HASH][$hashvalue_1264] (i_item_sk) => [i_item_sk:integer, i_brand_id:integer, i_class_id:integer, i_category_id:integer, $hashvalue_1264:bigint]
                                                                                                    Estimates: {rows: 18000 (2.96MB), cpu: 735906.00, memory: 0.00, network: 598604.00}
                                                                                                - RemoteStreamingExchange[REPLICATE] => [i_item_sk:integer, i_brand_id:integer, i_class_id:integer, i_category_id:integer, $hashvalue_1265:bigint]
                                                                                                        Estimates: {rows: 18000 (2.96MB), cpu: 436604.00, memory: 0.00, network: 598604.00}
                                                                                                    - ScanProject[table = TableHandle {connectorId='iceberg', connectorHandle='tpcds_sf1_iceberg.item$data@Optional[8481639847816879046]', layout='Optional[tpcds_sf1_iceberg.item$data@Optional[8481639847816879046]]'}, projectLocality = LOCAL] => [i_item_sk:integer, i_brand_id:integer, i_class_id:integer, i_category_id:integer, $hashvalue_1266:bigint]
                                                                                                            Estimates: {rows: 18000 (2.96MB), cpu: 137302.00, memory: 0.00, network: 0.00}/{rows: 18000 (2.96MB), cpu: 436604.00, memory: 0.00, network: 0.00}
                                                                                                            $hashvalue_1266 := combine_hash(BIGINT'0', COALESCE($operator$hash_code(i_item_sk), BIGINT'0')) (44:21)
                                                                                                            i_class_id := 10:i_class_id:integer (44:21)
                                                                                                            i_item_sk := 1:i_item_sk:integer (44:21)
                                                                                                            i_brand_id := 8:i_brand_id:integer (44:21)
                                                                                                            i_category_id := 12:i_category_id:integer (44:21)
                                                                                    - LocalExchange[HASH][$hashvalue_1268] (d_date_sk) => [d_date_sk:integer, d_week_seq:integer, $hashvalue_1268:bigint]
                                                                                            Estimates: {rows: 73049 (13.38MB), cpu: 2264001.00, memory: 0.00, network: 1947628.00}
                                                                                        - RemoteStreamingExchange[REPLICATE] => [d_date_sk:integer, d_week_seq:integer, $hashvalue_1269:bigint]
                                                                                                Estimates: {rows: 73049 (13.38MB), cpu: 1290187.00, memory: 0.00, network: 1947628.00}
                                                                                            - ScanProject[table = TableHandle {connectorId='iceberg', connectorHandle='tpcds_sf1_iceberg.date_dim$data@Optional[1154205875244276767]', layout='Optional[tpcds_sf1_iceberg.date_dim$data@Optional[1154205875244276767]]'}, projectLocality = LOCAL] => [d_date_sk:integer, d_week_seq:integer, $hashvalue_1270:bigint]
                                                                                                    Estimates: {rows: 73049 (13.38MB), cpu: 316373.00, memory: 0.00, network: 0.00}/{rows: 73049 (13.38MB), cpu: 1290187.00, memory: 0.00, network: 0.00}
                                                                                                    $hashvalue_1270 := combine_hash(BIGINT'0', COALESCE($operator$hash_code(d_date_sk), BIGINT'0')) (44:27)
                                                                                                    d_date_sk := 1:d_date_sk:integer (44:27)
                                                                                                    d_week_seq := 5:d_week_seq:integer (44:27)
                                                                        - LocalExchange[SINGLE] () => [i_item_sk_1:integer, $hashvalue_1272:bigint]
                                                                            - RemoteStreamingExchange[REPARTITION - REPLICATE NULLS AND ANY][$hashvalue_1273] => [i_item_sk_1:integer, $hashvalue_1273:bigint]
                                                                                - Project[projectLocality = LOCAL] => [i_item_sk_1:integer, $hashvalue_1311:bigint]
                                                                                        $hashvalue_1311 := combine_hash(BIGINT'0', COALESCE($operator$hash_code(i_item_sk_1), BIGINT'0')) (6:8)
                                                                                    - InnerJoin[(""expr_216"" = ""i_brand_id_8"") AND (""expr_217"" = ""i_class_id_10"") AND (""expr_218"" = ""i_category_id_12"")][$hashvalue_1274, $hashvalue_1308] => [i_item_sk_1:integer]
                                                                                            Distribution: PARTITIONED
                                                                                        - FilterProject[filterPredicate = (((count_1217) >= (BIGINT'1')) AND ((count_1218) >= (BIGINT'1'))) AND ((count_1219) >= (BIGINT'1')), projectLocality = LOCAL] => [expr_216:integer, expr_217:integer, expr_218:integer, $hashvalue_1274:bigint]
                                                                                            - Aggregate(FINAL)[expr_216, expr_217, expr_218][$hashvalue_1274] => [expr_216:integer, expr_217:integer, expr_218:integer, $hashvalue_1274:bigint, count_1217:bigint, count_1218:bigint, count_1219:bigint]
                                                                                                    count_1217 := ""presto.default.count""((count_1251))
                                                                                                    count_1218 := ""presto.default.count""((count_1252))
                                                                                                    count_1219 := ""presto.default.count""((count_1253))
                                                                                                - LocalExchange[HASH][$hashvalue_1274] (expr_216, expr_217, expr_218) => [expr_216:integer, expr_217:integer, expr_218:integer, count_1253:bigint, count_1251:bigint, count_1252:bigint, $hashvalue_1274:bigint]
                                                                                                    - Project[projectLocality = LOCAL] => [expr_216:integer, expr_217:integer, expr_218:integer, count_1253:bigint, count_1251:bigint, count_1252:bigint, $hashvalue_1285:bigint]
                                                                                                            $hashvalue_1285 := combine_hash(combine_hash(combine_hash(BIGINT'0', COALESCE($operator$hash_code(expr_216), BIGINT'0')), COALESCE($operator$hash_code(expr_217), BIGINT'0')), COALESCE($operator$hash_code(expr_218), BIGINT'0')) (7:14)
                                                                                                        - Project[projectLocality = LOCAL] => [expr_216:integer, expr_217:integer, expr_218:integer, count_1253:bigint, count_1251:bigint, count_1252:bigint, $hashvalue_1275:bigint]
                                                                                                                expr_216 := i_brand_id_53 (7:14)
                                                                                                                expr_217 := i_class_id_55 (7:39)
                                                                                                                expr_218 := i_category_id_57 (7:64)
                                                                                                            - RemoteStreamingExchange[REPARTITION][$hashvalue_1275] => [i_brand_id_53:integer, i_class_id_55:integer, i_category_id_57:integer, count_1253:bigint, count_1251:bigint, count_1252:bigint, $hashvalue_1275:bigint]
                                                                                                                - Aggregate(PARTIAL)[i_brand_id_53, i_class_id_55, i_category_id_57][$hashvalue_1284] => [i_brand_id_53:integer, i_class_id_55:integer, i_category_id_57:integer, $hashvalue_1284:bigint, count_1253:bigint, count_1251:bigint, count_1252:bigint]
                                                                                                                        count_1253 := ""presto.default.count""((marker_1204))
                                                                                                                        count_1251 := ""presto.default.count""((marker_1202))
                                                                                                                        count_1252 := ""presto.default.count""((marker_1203))
                                                                                                                    - Project[projectLocality = LOCAL] => [i_brand_id_53:integer, i_class_id_55:integer, i_category_id_57:integer, marker_1202:boolean, marker_1203:boolean, marker_1204:boolean, $hashvalue_1284:bigint]
                                                                                                                            Estimates: {rows: ? (?), cpu: ?, memory: 615240.60, network: 615240.60}
                                                                                                                            marker_1202 := BOOLEAN'true'
                                                                                                                            marker_1203 := null
                                                                                                                            marker_1204 := null
                                                                                                                            $hashvalue_1284 := combine_hash(combine_hash(combine_hash(BIGINT'0', COALESCE($operator$hash_code(i_brand_id_53), BIGINT'0')), COALESCE($operator$hash_code(i_class_id_55), BIGINT'0')), COALESCE($operator$hash_code(i_category_id_57), BIGINT'0')) (7:14)
                                                                                                                        - InnerJoin[(""ss_sold_date_sk_45"" = ""d_date_sk_68"")][$hashvalue_1280, $hashvalue_1281] => [i_brand_id_53:integer, i_class_id_55:integer, i_category_id_57:integer]
                                                                                                                                Estimates: {rows: ? (?), cpu: ?, memory: 615240.60, network: 615240.60}
                                                                                                                                Distribution: REPLICATED
                                                                                                                            - Project[projectLocality = LOCAL] => [ss_sold_date_sk_45:integer, i_brand_id_53:integer, i_class_id_55:integer, i_category_id_57:integer, $hashvalue_1280:bigint]
                                                                                                                                    Estimates: {rows: ? (?), cpu: ?, memory: 598604.00, network: 598604.00}
                                                                                                                                    $hashvalue_1280 := combine_hash(BIGINT'0', COALESCE($operator$hash_code(ss_sold_date_sk_45), BIGINT'0')) (8:13)
                                                                                                                                - InnerJoin[(""ss_item_sk_24"" = ""i_item_sk_46"")][$hashvalue_1276, $hashvalue_1277] => [ss_sold_date_sk_45:integer, i_brand_id_53:integer, i_class_id_55:integer, i_category_id_57:integer]
                                                                                                                                        Estimates: {rows: ? (?), cpu: ?, memory: 598604.00, network: 598604.00}
                                                                                                                                        Distribution: REPLICATED
                                                                                                                                    - ScanProject[table = TableHandle {connectorId='iceberg', connectorHandle='tpcds_sf1_iceberg.store_sales$data@Optional[6526568472398842660]', layout='Optional[tpcds_sf1_iceberg.store_sales$data@Optional[6526568472398842660]]'}, projectLocality = LOCAL] => [ss_item_sk_24:integer, ss_sold_date_sk_45:integer, $hashvalue_1276:bigint]
                                                                                                                                            Estimates: {rows: 2750838 (503.69MB), cpu: 12087800.00, memory: 0.00, network: 0.00}/{rows: 2750838 (503.69MB), cpu: 48933142.00, memory: 0.00, network: 0.00}
                                                                                                                                            $hashvalue_1276 := combine_hash(BIGINT'0', COALESCE($operator$hash_code(ss_item_sk_24), BIGINT'0')) (8:13)
                                                                                                                                            ss_item_sk_24 := 2:ss_item_sk:integer (8:12)
                                                                                                                                            ss_sold_date_sk_45 := 23:ss_sold_date_sk:integer (8:12)
                                                                                                                                    - LocalExchange[HASH][$hashvalue_1277] (i_item_sk_46) => [i_item_sk_46:integer, i_brand_id_53:integer, i_class_id_55:integer, i_category_id_57:integer, $hashvalue_1277:bigint]
                                                                                                                                            Estimates: {rows: 18000 (3.30MB), cpu: 735906.00, memory: 0.00, network: 598604.00}
                                                                                                                                        - RemoteStreamingExchange[REPLICATE] => [i_item_sk_46:integer, i_brand_id_53:integer, i_class_id_55:integer, i_category_id_57:integer, $hashvalue_1278:bigint]
                                                                                                                                                Estimates: {rows: 18000 (3.30MB), cpu: 436604.00, memory: 0.00, network: 598604.00}
                                                                                                                                            - ScanProject[table = TableHandle {connectorId='iceberg', connectorHandle='tpcds_sf1_iceberg.item$data@Optional[8481639847816879046]', layout='Optional[tpcds_sf1_iceberg.item$data@Optional[8481639847816879046]]'}, projectLocality = LOCAL] => [i_item_sk_46:integer, i_brand_id_53:integer, i_class_id_55:integer, i_category_id_57:integer, $hashvalue_1279:bigint]
                                                                                                                                                    Estimates: {rows: 18000 (3.30MB), cpu: 137302.00, memory: 0.00, network: 0.00}/{rows: 18000 (3.30MB), cpu: 436604.00, memory: 0.00, network: 0.00}
                                                                                                                                                    $hashvalue_1279 := combine_hash(BIGINT'0', COALESCE($operator$hash_code(i_item_sk_46), BIGINT'0')) (8:25)
                                                                                                                                                    i_class_id_55 := 10:i_class_id:integer (8:25)
                                                                                                                                                    i_brand_id_53 := 8:i_brand_id:integer (8:25)
                                                                                                                                                    i_category_id_57 := 12:i_category_id:integer (8:25)
                                                                                                                                                    i_item_sk_46 := 1:i_item_sk:integer (8:25)
                                                                                                                            - LocalExchange[HASH][$hashvalue_1281] (d_date_sk_68) => [d_date_sk_68:integer, $hashvalue_1281:bigint]
                                                                                                                                    Estimates: {rows: 730 (136.97kB), cpu: 513544.60, memory: 0.00, network: 16636.60}
                                                                                                                                - RemoteStreamingExchange[REPLICATE] => [d_date_sk_68:integer, $hashvalue_1282:bigint]
                                                                                                                                        Estimates: {rows: 730 (136.97kB), cpu: 505226.30, memory: 0.00, network: 16636.60}
                                                                                                                                    - ScanFilterProject[table = TableHandle {connectorId='iceberg', connectorHandle='tpcds_sf1_iceberg.date_dim$data@Optional[1154205875244276767]', layout='Optional[tpcds_sf1_iceberg.date_dim$data@Optional[1154205875244276767]]'}, filterPredicate = d_year_74 BETWEEN (INTEGER'1999') AND (INTEGER'2001'), projectLocality = LOCAL] => [d_date_sk_68:integer, $hashvalue_1283:bigint]
                                                                                                                                            Estimates: {rows: 73049 (13.38MB), cpu: 248454.00, memory: 0.00, network: 0.00}/{rows: 730 (136.97kB), cpu: 496908.00, memory: 0.00, network: 0.00}/{rows: 730 (136.97kB), cpu: 505226.30, memory: 0.00, network: 0.00}
                                                                                                                                            $hashvalue_1283 := combine_hash(BIGINT'0', COALESCE($operator$hash_code(d_date_sk_68), BIGINT'0')) (8:35)
                                                                                                                                            d_date_sk_68 := 1:d_date_sk:integer (8:35)
                                                                                                                                            d_year_74 := 7:d_year:integer (8:35)
                                                                                                    - Project[projectLocality = LOCAL] => [expr_216:integer, expr_217:integer, expr_218:integer, count_1253:bigint, count_1251:bigint, count_1252:bigint, $hashvalue_1296:bigint]
                                                                                                            $hashvalue_1296 := combine_hash(combine_hash(combine_hash(BIGINT'0', COALESCE($operator$hash_code(expr_216), BIGINT'0')), COALESCE($operator$hash_code(expr_217), BIGINT'0')), COALESCE($operator$hash_code(expr_218), BIGINT'0')) (7:14)
                                                                                                        - Project[projectLocality = LOCAL] => [expr_216:integer, expr_217:integer, expr_218:integer, count_1253:bigint, count_1251:bigint, count_1252:bigint, $hashvalue_1286:bigint]
                                                                                                                expr_216 := i_brand_id_108 (7:14)
                                                                                                                expr_217 := i_class_id_110 (7:39)
                                                                                                                expr_218 := i_category_id_112 (7:64)
                                                                                                            - RemoteStreamingExchange[REPARTITION][$hashvalue_1286] => [i_brand_id_108:integer, i_class_id_110:integer, i_category_id_112:integer, count_1253:bigint, count_1251:bigint, count_1252:bigint, $hashvalue_1286:bigint]
                                                                                                                - Aggregate(PARTIAL)[i_brand_id_108, i_class_id_110, i_category_id_112][$hashvalue_1295] => [i_brand_id_108:integer, i_class_id_110:integer, i_category_id_112:integer, $hashvalue_1295:bigint, count_1253:bigint, count_1251:bigint, count_1252:bigint]
                                                                                                                        count_1253 := ""presto.default.count""((marker_1210))
                                                                                                                        count_1251 := ""presto.default.count""((marker_1208))
                                                                                                                        count_1252 := ""presto.default.count""((marker_1209))
                                                                                                                    - Project[projectLocality = LOCAL] => [i_brand_id_108:integer, i_class_id_110:integer, i_category_id_112:integer, marker_1208:boolean, marker_1209:boolean, marker_1210:boolean, $hashvalue_1295:bigint]
                                                                                                                            Estimates: {rows: ? (?), cpu: ?, memory: 615240.60, network: 615240.60}
                                                                                                                            marker_1208 := null
                                                                                                                            marker_1209 := BOOLEAN'true'
                                                                                                                            marker_1210 := null
                                                                                                                            $hashvalue_1295 := combine_hash(combine_hash(combine_hash(BIGINT'0', COALESCE($operator$hash_code(i_brand_id_108), BIGINT'0')), COALESCE($operator$hash_code(i_class_id_110), BIGINT'0')), COALESCE($operator$hash_code(i_category_id_112), BIGINT'0')) (13:15)
                                                                                                                        - InnerJoin[(""cs_sold_date_sk"" = ""d_date_sk_123"")][$hashvalue_1291, $hashvalue_1292] => [i_brand_id_108:integer, i_class_id_110:integer, i_category_id_112:integer]
                                                                                                                                Estimates: {rows: ? (?), cpu: ?, memory: 615240.60, network: 615240.60}
                                                                                                                                Distribution: REPLICATED
                                                                                                                            - Project[projectLocality = LOCAL] => [cs_sold_date_sk:integer, i_brand_id_108:integer, i_class_id_110:integer, i_category_id_112:integer, $hashvalue_1291:bigint]
                                                                                                                                    Estimates: {rows: ? (?), cpu: ?, memory: 598604.00, network: 598604.00}
                                                                                                                                    $hashvalue_1291 := combine_hash(BIGINT'0', COALESCE($operator$hash_code(cs_sold_date_sk), BIGINT'0')) (14:14)
                                                                                                                                - InnerJoin[(""cs_item_sk"" = ""i_item_sk_101"")][$hashvalue_1287, $hashvalue_1288] => [cs_sold_date_sk:integer, i_brand_id_108:integer, i_class_id_110:integer, i_category_id_112:integer]
                                                                                                                                        Estimates: {rows: ? (?), cpu: ?, memory: 598604.00, network: 598604.00}
                                                                                                                                        Distribution: REPLICATED
                                                                                                                                    - ScanProject[table = TableHandle {connectorId='iceberg', connectorHandle='tpcds_sf1_iceberg.catalog_sales$data@Optional[7343679521195877483]', layout='Optional[tpcds_sf1_iceberg.catalog_sales$data@Optional[7343679521195877483]]'}, projectLocality = LOCAL] => [cs_item_sk:integer, cs_sold_date_sk:integer, $hashvalue_1287:bigint]
                                                                                                                                            Estimates: {rows: 1432680 (262.33MB), cpu: 6534270.00, memory: 0.00, network: 0.00}/{rows: 1432680 (262.33MB), cpu: 25962660.00, memory: 0.00, network: 0.00}
                                                                                                                                            $hashvalue_1287 := combine_hash(BIGINT'0', COALESCE($operator$hash_code(cs_item_sk), BIGINT'0')) (14:14)
                                                                                                                                            cs_item_sk := 15:cs_item_sk:integer (14:13)
                                                                                                                                            cs_sold_date_sk := 34:cs_sold_date_sk:integer (14:13)
                                                                                                                                    - LocalExchange[HASH][$hashvalue_1288] (i_item_sk_101) => [i_item_sk_101:integer, i_brand_id_108:integer, i_class_id_110:integer, i_category_id_112:integer, $hashvalue_1288:bigint]
                                                                                                                                            Estimates: {rows: 18000 (3.30MB), cpu: 735906.00, memory: 0.00, network: 598604.00}
                                                                                                                                        - RemoteStreamingExchange[REPLICATE] => [i_item_sk_101:integer, i_brand_id_108:integer, i_class_id_110:integer, i_category_id_112:integer, $hashvalue_1289:bigint]
                                                                                                                                                Estimates: {rows: 18000 (3.30MB), cpu: 436604.00, memory: 0.00, network: 598604.00}
                                                                                                                                            - ScanProject[table = TableHandle {connectorId='iceberg', connectorHandle='tpcds_sf1_iceberg.item$data@Optional[8481639847816879046]', layout='Optional[tpcds_sf1_iceberg.item$data@Optional[8481639847816879046]]'}, projectLocality = LOCAL] => [i_item_sk_101:integer, i_brand_id_108:integer, i_class_id_110:integer, i_category_id_112:integer, $hashvalue_1290:bigint]
                                                                                                                                                    Estimates: {rows: 18000 (3.30MB), cpu: 137302.00, memory: 0.00, network: 0.00}/{rows: 18000 (3.30MB), cpu: 436604.00, memory: 0.00, network: 0.00}
                                                                                                                                                    $hashvalue_1290 := combine_hash(BIGINT'0', COALESCE($operator$hash_code(i_item_sk_101), BIGINT'0')) (14:28)
                                                                                                                                                    i_item_sk_101 := 1:i_item_sk:integer (14:28)
                                                                                                                                                    i_brand_id_108 := 8:i_brand_id:integer (14:28)
                                                                                                                                                    i_class_id_110 := 10:i_class_id:integer (14:28)
                                                                                                                                                    i_category_id_112 := 12:i_category_id:integer (14:28)
                                                                                                                            - LocalExchange[HASH][$hashvalue_1292] (d_date_sk_123) => [d_date_sk_123:integer, $hashvalue_1292:bigint]
                                                                                                                                    Estimates: {rows: 730 (136.97kB), cpu: 513544.60, memory: 0.00, network: 16636.60}
                                                                                                                                - RemoteStreamingExchange[REPLICATE] => [d_date_sk_123:integer, $hashvalue_1293:bigint]
                                                                                                                                        Estimates: {rows: 730 (136.97kB), cpu: 505226.30, memory: 0.00, network: 16636.60}
                                                                                                                                    - ScanFilterProject[table = TableHandle {connectorId='iceberg', connectorHandle='tpcds_sf1_iceberg.date_dim$data@Optional[1154205875244276767]', layout='Optional[tpcds_sf1_iceberg.date_dim$data@Optional[1154205875244276767]]'}, filterPredicate = d_year_129 BETWEEN (INTEGER'1999') AND (INTEGER'2001'), projectLocality = LOCAL] => [d_date_sk_123:integer, $hashvalue_1294:bigint]
                                                                                                                                            Estimates: {rows: 73049 (13.38MB), cpu: 248454.00, memory: 0.00, network: 0.00}/{rows: 730 (136.97kB), cpu: 496908.00, memory: 0.00, network: 0.00}/{rows: 730 (136.97kB), cpu: 505226.30, memory: 0.00, network: 0.00}
                                                                                                                                            $hashvalue_1294 := combine_hash(BIGINT'0', COALESCE($operator$hash_code(d_date_sk_123), BIGINT'0')) (14:38)
                                                                                                                                            d_date_sk_123 := 1:d_date_sk:integer (14:38)
                                                                                                                                            d_year_129 := 7:d_year:integer (14:38)
                                                                                                    - Project[projectLocality = LOCAL] => [expr_216:integer, expr_217:integer, expr_218:integer, count_1253:bigint, count_1251:bigint, count_1252:bigint, $hashvalue_1307:bigint]
                                                                                                            $hashvalue_1307 := combine_hash(combine_hash(combine_hash(BIGINT'0', COALESCE($operator$hash_code(expr_216), BIGINT'0')), COALESCE($operator$hash_code(expr_217), BIGINT'0')), COALESCE($operator$hash_code(expr_218), BIGINT'0')) (7:14)
                                                                                                        - Project[projectLocality = LOCAL] => [expr_216:integer, expr_217:integer, expr_218:integer, count_1253:bigint, count_1251:bigint, count_1252:bigint, $hashvalue_1297:bigint]
                                                                                                                expr_216 := i_brand_id_167 (7:14)
                                                                                                                expr_217 := i_class_id_169 (7:39)
                                                                                                                expr_218 := i_category_id_171 (7:64)
                                                                                                            - RemoteStreamingExchange[REPARTITION][$hashvalue_1297] => [i_brand_id_167:integer, i_class_id_169:integer, i_category_id_171:integer, count_1253:bigint, count_1251:bigint, count_1252:bigint, $hashvalue_1297:bigint]
                                                                                                                - Aggregate(PARTIAL)[i_brand_id_167, i_class_id_169, i_category_id_171][$hashvalue_1306] => [i_brand_id_167:integer, i_class_id_169:integer, i_category_id_171:integer, $hashvalue_1306:bigint, count_1253:bigint, count_1251:bigint, count_1252:bigint]
                                                                                                                        count_1253 := ""presto.default.count""((marker_1216))
                                                                                                                        count_1251 := ""presto.default.count""((marker_1214))
                                                                                                                        count_1252 := ""presto.default.count""((marker_1215))
                                                                                                                    - Project[projectLocality = LOCAL] => [i_brand_id_167:integer, i_class_id_169:integer, i_category_id_171:integer, marker_1214:boolean, marker_1215:boolean, marker_1216:boolean, $hashvalue_1306:bigint]
                                                                                                                            Estimates: {rows: ? (?), cpu: ?, memory: 615240.60, network: 615240.60}
                                                                                                                            marker_1214 := null
                                                                                                                            marker_1215 := null
                                                                                                                            marker_1216 := BOOLEAN'true'
                                                                                                                            $hashvalue_1306 := combine_hash(combine_hash(combine_hash(BIGINT'0', COALESCE($operator$hash_code(i_brand_id_167), BIGINT'0')), COALESCE($operator$hash_code(i_class_id_169), BIGINT'0')), COALESCE($operator$hash_code(i_category_id_171), BIGINT'0')) (19:15)
                                                                                                                        - InnerJoin[(""ws_sold_date_sk"" = ""d_date_sk_182"")][$hashvalue_1302, $hashvalue_1303] => [i_brand_id_167:integer, i_class_id_169:integer, i_category_id_171:integer]
                                                                                                                                Estimates: {rows: ? (?), cpu: ?, memory: 615240.60, network: 615240.60}
                                                                                                                                Distribution: REPLICATED
                                                                                                                            - Project[projectLocality = LOCAL] => [ws_sold_date_sk:integer, i_brand_id_167:integer, i_class_id_169:integer, i_category_id_171:integer, $hashvalue_1302:bigint]
                                                                                                                                    Estimates: {rows: ? (?), cpu: ?, memory: 598604.00, network: 598604.00}
                                                                                                                                    $hashvalue_1302 := combine_hash(BIGINT'0', COALESCE($operator$hash_code(ws_sold_date_sk), BIGINT'0')) (20:14)
                                                                                                                                - InnerJoin[(""ws_item_sk"" = ""i_item_sk_160"")][$hashvalue_1298, $hashvalue_1299] => [ws_sold_date_sk:integer, i_brand_id_167:integer, i_class_id_169:integer, i_category_id_171:integer]
                                                                                                                                        Estimates: {rows: ? (?), cpu: ?, memory: 598604.00, network: 598604.00}
                                                                                                                                        Distribution: REPLICATED
                                                                                                                                    - ScanProject[table = TableHandle {connectorId='iceberg', connectorHandle='tpcds_sf1_iceberg.web_sales$data@Optional[7618567712963574495]', layout='Optional[tpcds_sf1_iceberg.web_sales$data@Optional[7618567712963574495]]'}, projectLocality = LOCAL] => [ws_item_sk:integer, ws_sold_date_sk:integer, $hashvalue_1298:bigint]
                                                                                                                                            Estimates: {rows: 718760 (131.61MB), cpu: 3419092.00, memory: 0.00, network: 0.00}/{rows: 718760 (131.61MB), cpu: 13307024.00, memory: 0.00, network: 0.00}
                                                                                                                                            $hashvalue_1298 := combine_hash(BIGINT'0', COALESCE($operator$hash_code(ws_item_sk), BIGINT'0')) (20:14)
                                                                                                                                            ws_item_sk := 3:ws_item_sk:integer (20:13)
                                                                                                                                            ws_sold_date_sk := 34:ws_sold_date_sk:integer (20:13)
                                                                                                                                    - LocalExchange[HASH][$hashvalue_1299] (i_item_sk_160) => [i_item_sk_160:integer, i_brand_id_167:integer, i_class_id_169:integer, i_category_id_171:integer, $hashvalue_1299:bigint]
                                                                                                                                            Estimates: {rows: 18000 (3.30MB), cpu: 735906.00, memory: 0.00, network: 598604.00}
                                                                                                                                        - RemoteStreamingExchange[REPLICATE] => [i_item_sk_160:integer, i_brand_id_167:integer, i_class_id_169:integer, i_category_id_171:integer, $hashvalue_1300:bigint]
                                                                                                                                                Estimates: {rows: 18000 (3.30MB), cpu: 436604.00, memory: 0.00, network: 598604.00}
                                                                                                                                            - ScanProject[table = TableHandle {connectorId='iceberg', connectorHandle='tpcds_sf1_iceberg.item$data@Optional[8481639847816879046]', layout='Optional[tpcds_sf1_iceberg.item$data@Optional[8481639847816879046]]'}, projectLocality = LOCAL] => [i_item_sk_160:integer, i_brand_id_167:integer, i_class_id_169:integer, i_category_id_171:integer, $hashvalue_1301:bigint]
                                                                                                                                                    Estimates: {rows: 18000 (3.30MB), cpu: 137302.00, memory: 0.00, network: 0.00}/{rows: 18000 (3.30MB), cpu: 436604.00, memory: 0.00, network: 0.00}
                                                                                                                                                    $hashvalue_1301 := combine_hash(BIGINT'0', COALESCE($operator$hash_code(i_item_sk_160), BIGINT'0')) (20:24)
                                                                                                                                                    i_class_id_169 := 10:i_class_id:integer (20:24)
                                                                                                                                                    i_item_sk_160 := 1:i_item_sk:integer (20:24)
                                                                                                                                                    i_brand_id_167 := 8:i_brand_id:integer (20:24)
                                                                                                                                                    i_category_id_171 := 12:i_category_id:integer (20:24)
                                                                                                                            - LocalExchange[HASH][$hashvalue_1303] (d_date_sk_182) => [d_date_sk_182:integer, $hashvalue_1303:bigint]
                                                                                                                                    Estimates: {rows: 730 (136.97kB), cpu: 513544.60, memory: 0.00, network: 16636.60}
                                                                                                                                - RemoteStreamingExchange[REPLICATE] => [d_date_sk_182:integer, $hashvalue_1304:bigint]
                                                                                                                                        Estimates: {rows: 730 (136.97kB), cpu: 505226.30, memory: 0.00, network: 16636.60}
                                                                                                                                    - ScanFilterProject[table = TableHandle {connectorId='iceberg', connectorHandle='tpcds_sf1_iceberg.date_dim$data@Optional[1154205875244276767]', layout='Optional[tpcds_sf1_iceberg.date_dim$data@Optional[1154205875244276767]]'}, filterPredicate = d_year_188 BETWEEN (INTEGER'1999') AND (INTEGER'2001'), projectLocality = LOCAL] => [d_date_sk_182:integer, $hashvalue_1305:bigint]
                                                                                                                                            Estimates: {rows: 73049 (13.38MB), cpu: 248454.00, memory: 0.00, network: 0.00}/{rows: 730 (136.97kB), cpu: 496908.00, memory: 0.00, network: 0.00}/{rows: 730 (136.97kB), cpu: 505226.30, memory: 0.00, network: 0.00}
                                                                                                                                            $hashvalue_1305 := combine_hash(BIGINT'0', COALESCE($operator$hash_code(d_date_sk_182), BIGINT'0')) (20:34)
                                                                                                                                            d_date_sk_182 := 1:d_date_sk:integer (20:34)
                                                                                                                                            d_year_188 := 7:d_year:integer (20:34)
                                                                                        - LocalExchange[HASH][$hashvalue_1308] (i_brand_id_8, i_class_id_10, i_category_id_12) => [i_item_sk_1:integer, i_brand_id_8:integer, i_class_id_10:integer, i_category_id_12:integer, $hashvalue_1308:bigint]
                                                                                                Estimates: {rows: 18000 (3.30MB), cpu: 1035208.00, memory: 0.00, network: 299302.00}
                                                                                            - RemoteStreamingExchange[REPARTITION][$hashvalue_1309] => [i_item_sk_1:integer, i_brand_id_8:integer, i_class_id_10:integer, i_category_id_12:integer, $hashvalue_1309:bigint]
                                                                                                    Estimates: {rows: 18000 (3.30MB), cpu: 735906.00, memory: 0.00, network: 299302.00}
                                                                                                - ScanProject[table = TableHandle {connectorId='iceberg', connectorHandle='tpcds_sf1_iceberg.item$data@Optional[8481639847816879046]', layout='Optional[tpcds_sf1_iceberg.item$data@Optional[8481639847816879046]]'}, projectLocality = LOCAL] => [i_item_sk_1:integer, i_brand_id_8:integer, i_class_id_10:integer, i_category_id_12:integer, $hashvalue_1310:bigint]
                                                                                                        Estimates: {rows: 18000 (3.30MB), cpu: 137302.00, memory: 0.00, network: 0.00}/{rows: 18000 (3.30MB), cpu: 436604.00, memory: 0.00, network: 0.00}
                                                                                                        $hashvalue_1310 := combine_hash(combine_hash(combine_hash(BIGINT'0', COALESCE($operator$hash_code(i_brand_id_8), BIGINT'0')), COALESCE($operator$hash_code(i_class_id_10), BIGINT'0')), COALESCE($operator$hash_code(i_category_id_12), BIGINT'0')) (6:8)
                                                                                                        i_category_id_12 := 12:i_category_id:integer (6:8)
                                                                                                        i_class_id_10 := 10:i_class_id:integer (6:8)
                                                                                                        i_brand_id_8 := 8:i_brand_id:integer (6:8)
                                                                                                        i_item_sk_1 := 1:i_item_sk:integer (6:8)
                                                            - LocalExchange[HASH][$hashvalue_1313] (d_week_seq_240) => [d_week_seq_240:integer, $hashvalue_1313:bigint]
                                                                    Estimates: {rows: 1 (192B), cpu: ?, memory: 0.00, network: ?}
                                                                - RemoteStreamingExchange[REPLICATE] => [d_week_seq_240:integer, $hashvalue_1314:bigint]
                                                                        Estimates: {rows: 1 (192B), cpu: ?, memory: 0.00, network: ?}
                                                                    - Project[projectLocality = LOCAL] => [d_week_seq_240:integer, $hashvalue_1315:bigint]
                                                                            Estimates: {rows: 1 (192B), cpu: ?, memory: 0.00, network: ?}
                                                                            $hashvalue_1315 := combine_hash(BIGINT'0', COALESCE($operator$hash_code(d_week_seq_240), BIGINT'0')) (48:30)
                                                                        - EnforceSingleRow => [d_week_seq_240:integer]
                                                                                Estimates: {rows: 1 (192B), cpu: ?, memory: 0.00, network: ?}
                                                                            - LocalExchange[SINGLE] () => [d_week_seq_240:integer]
                                                                                    Estimates: {rows: ? (?), cpu: ?, memory: 0.00, network: ?}
                                                                                - RemoteStreamingExchange[GATHER] => [d_week_seq_240:integer]
                                                                                        Estimates: {rows: ? (?), cpu: ?, memory: 0.00, network: ?}
                                                                                    - ScanFilterProject[table = TableHandle {connectorId='iceberg', connectorHandle='tpcds_sf1_iceberg.date_dim$data@Optional[1154205875244276767]', layout='Optional[tpcds_sf1_iceberg.date_dim$data@Optional[1154205875244276767]]'}, filterPredicate = (((d_year_242) = (INTEGER'2000')) AND ((d_moy_244) = (INTEGER'12'))) AND ((d_dom_245) = (INTEGER'11')), projectLocality = LOCAL] => [d_week_seq_240:integer]
                                                                                            Estimates: {rows: 73049 (13.38MB), cpu: 364995.00, memory: 0.00, network: 0.00}/{rows: ? (?), cpu: 729990.00, memory: 0.00, network: 0.00}/{rows: ? (?), cpu: ?, memory: 0.00, network: 0.00}
                                                                                            d_year_242 := 7:d_year:integer (48:46)
                                                                                            d_week_seq_240 := 5:d_week_seq:integer (48:46)
                                                                                            d_moy_244 := 9:d_moy:integer (48:46)
                                                                                            d_dom_245 := 10:d_dom:integer (48:46)
                                - LocalExchange[SINGLE] () => [expr_478:decimal(38,2)]
                                        Estimates: {rows: 1 (192B), cpu: ?, memory: ?, network: ?}
                                    - RemoteStreamingExchange[REPLICATE] => [expr_478:decimal(38,2)]
                                            Estimates: {rows: 1 (192B), cpu: ?, memory: ?, network: ?}
                                        - Project[projectLocality = LOCAL] => [expr_478:decimal(38,2)]
                                                Estimates: {rows: 1 (192B), cpu: ?, memory: ?, network: ?}
                                                expr_478 := CAST(avg AS decimal(38,2)) (51:43)
                                            - LocalExchange[ROUND_ROBIN] () => [avg:decimal(17,2)]
                                                    Estimates: {rows: 1 (192B), cpu: ?, memory: ?, network: ?}
                                                - EnforceSingleRow => [avg:decimal(17,2)]
                                                        Estimates: {rows: 1 (192B), cpu: ?, memory: ?, network: ?}
                                                    - Aggregate(FINAL) => [avg:decimal(17,2)]
                                                            avg := ""presto.default.avg""((avg_1254)) (29:10)
                                                        - LocalExchange[SINGLE] () => [avg_1254:varbinary]
                                                            - RemoteStreamingExchange[GATHER] => [avg_1254:varbinary]
                                                                - Aggregate(PARTIAL) => [avg_1254:varbinary]
                                                                        avg_1254 := ""presto.default.avg""((multiply)) (29:10)
                                                                    - Project[projectLocality = LOCAL] => [multiply:decimal(17,2)]
                                                                            Estimates: {rows: ? (?), cpu: ?, memory: 16636.60, network: 16636.60}
                                                                            multiply := (CAST(ss_quantity_283 AS decimal(10,0))) * (ss_list_price_285) (30:17)
                                                                        - InnerJoin[(""ss_sold_date_sk_296"" = ""d_date_sk_297"")][$hashvalue_1317, $hashvalue_1318] => [ss_quantity_283:integer, ss_list_price_285:decimal(7,2)]
                                                                                Estimates: {rows: ? (?), cpu: ?, memory: 16636.60, network: 16636.60}
                                                                                Distribution: REPLICATED
                                                                            - ScanProject[table = TableHandle {connectorId='iceberg', connectorHandle='tpcds_sf1_iceberg.store_sales$data@Optional[6526568472398842660]', layout='Optional[tpcds_sf1_iceberg.store_sales$data@Optional[6526568472398842660]]'}, projectLocality = LOCAL] => [ss_quantity_283:integer, ss_list_price_285:decimal(7,2), ss_sold_date_sk_296:integer, $hashvalue_1317:bigint]
                                                                                    Estimates: {rows: 2750838 (503.69MB), cpu: 18358055.00, memory: 0.00, network: 0.00}/{rows: 2750838 (503.69MB), cpu: 61473652.00, memory: 0.00, network: 0.00}
                                                                                    $hashvalue_1317 := combine_hash(BIGINT'0', COALESCE($operator$hash_code(ss_sold_date_sk_296), BIGINT'0')) (31:16)
                                                                                    ss_quantity_283 := 10:ss_quantity:integer (31:15)
                                                                                    ss_sold_date_sk_296 := 23:ss_sold_date_sk:integer (31:15)
                                                                                    ss_list_price_285 := 12:ss_list_price:decimal(7,2) (31:15)
                                                                            - LocalExchange[HASH][$hashvalue_1318] (d_date_sk_297) => [d_date_sk_297:integer, $hashvalue_1318:bigint]
                                                                                    Estimates: {rows: 730 (136.97kB), cpu: 513544.60, memory: 0.00, network: 16636.60}
                                                                                - RemoteStreamingExchange[REPLICATE] => [d_date_sk_297:integer, $hashvalue_1319:bigint]
                                                                                        Estimates: {rows: 730 (136.97kB), cpu: 505226.30, memory: 0.00, network: 16636.60}
                                                                                    - ScanFilterProject[table = TableHandle {connectorId='iceberg', connectorHandle='tpcds_sf1_iceberg.date_dim$data@Optional[1154205875244276767]', layout='Optional[tpcds_sf1_iceberg.date_dim$data@Optional[1154205875244276767]]'}, filterPredicate = d_year_303 BETWEEN (INTEGER'1999') AND (INTEGER'2001'), projectLocality = LOCAL] => [d_date_sk_297:integer, $hashvalue_1320:bigint]
                                                                                            Estimates: {rows: 73049 (13.38MB), cpu: 248454.00, memory: 0.00, network: 0.00}/{rows: 730 (136.97kB), cpu: 496908.00, memory: 0.00, network: 0.00}/{rows: 730 (136.97kB), cpu: 505226.30, memory: 0.00, network: 0.00}
                                                                                            $hashvalue_1320 := combine_hash(BIGINT'0', COALESCE($operator$hash_code(d_date_sk_297), BIGINT'0')) (31:28)
                                                                                            d_date_sk_297 := 1:d_date_sk:integer (31:28)
                                                                                            d_year_303 := 7:d_year:integer (31:28)
                                                                - Aggregate(PARTIAL) => [avg_1254:varbinary]
                                                                        avg_1254 := ""presto.default.avg""((multiply_1244)) (29:10)
                                                                    - Project[projectLocality = LOCAL] => [multiply_1244:decimal(17,2)]
                                                                            Estimates: {rows: ? (?), cpu: ?, memory: 16636.60, network: 16636.60}
                                                                            multiply_1244 := (CAST(cs_quantity_346 AS decimal(10,0))) * (cs_list_price_348) (30:17)
                                                                        - InnerJoin[(""cs_sold_date_sk_362"" = ""d_date_sk_363"")][$hashvalue_1321, $hashvalue_1322] => [cs_quantity_346:integer, cs_list_price_348:decimal(7,2)]
                                                                                Estimates: {rows: ? (?), cpu: ?, memory: 16636.60, network: 16636.60}
                                                                                Distribution: REPLICATED
                                                                            - ScanProject[table = TableHandle {connectorId='iceberg', connectorHandle='tpcds_sf1_iceberg.catalog_sales$data@Optional[7343679521195877483]', layout='Optional[tpcds_sf1_iceberg.catalog_sales$data@Optional[7343679521195877483]]'}, projectLocality = LOCAL] => [cs_quantity_346:integer, cs_list_price_348:decimal(7,2), cs_sold_date_sk_362:integer, $hashvalue_1321:bigint]
                                                                                    Estimates: {rows: 1432680 (262.33MB), cpu: 9944566.00, memory: 0.00, network: 0.00}/{rows: 1432680 (262.33MB), cpu: 32783252.00, memory: 0.00, network: 0.00}
                                                                                    $hashvalue_1321 := combine_hash(BIGINT'0', COALESCE($operator$hash_code(cs_sold_date_sk_362), BIGINT'0')) (35:16)
                                                                                    cs_list_price_348 := 20:cs_list_price:decimal(7,2) (35:15)
                                                                                    cs_quantity_346 := 18:cs_quantity:integer (35:15)
                                                                                    cs_sold_date_sk_362 := 34:cs_sold_date_sk:integer (35:15)
                                                                            - LocalExchange[HASH][$hashvalue_1322] (d_date_sk_363) => [d_date_sk_363:integer, $hashvalue_1322:bigint]
                                                                                    Estimates: {rows: 730 (136.97kB), cpu: 513544.60, memory: 0.00, network: 16636.60}
                                                                                - RemoteStreamingExchange[REPLICATE] => [d_date_sk_363:integer, $hashvalue_1323:bigint]
                                                                                        Estimates: {rows: 730 (136.97kB), cpu: 505226.30, memory: 0.00, network: 16636.60}
                                                                                    - ScanFilterProject[table = TableHandle {connectorId='iceberg', connectorHandle='tpcds_sf1_iceberg.date_dim$data@Optional[1154205875244276767]', layout='Optional[tpcds_sf1_iceberg.date_dim$data@Optional[1154205875244276767]]'}, filterPredicate = d_year_369 BETWEEN (INTEGER'1999') AND (INTEGER'2001'), projectLocality = LOCAL] => [d_date_sk_363:integer, $hashvalue_1324:bigint]
                                                                                            Estimates: {rows: 73049 (13.38MB), cpu: 248454.00, memory: 0.00, network: 0.00}/{rows: 730 (136.97kB), cpu: 496908.00, memory: 0.00, network: 0.00}/{rows: 730 (136.97kB), cpu: 505226.30, memory: 0.00, network: 0.00}
                                                                                            $hashvalue_1324 := combine_hash(BIGINT'0', COALESCE($operator$hash_code(d_date_sk_363), BIGINT'0')) (35:30)
                                                                                            d_date_sk_363 := 1:d_date_sk:integer (35:30)
                                                                                            d_year_369 := 7:d_year:integer (35:30)
                                                                - Aggregate(PARTIAL) => [avg_1254:varbinary]
                                                                        avg_1254 := ""presto.default.avg""((multiply_1245)) (29:10)
                                                                    - Project[projectLocality = LOCAL] => [multiply_1245:decimal(17,2)]
                                                                            Estimates: {rows: ? (?), cpu: ?, memory: 16636.60, network: 16636.60}
                                                                            multiply_1245 := (CAST(ws_quantity_414 AS decimal(10,0))) * (ws_list_price_416) (30:17)
                                                                        - InnerJoin[(""ws_sold_date_sk_430"" = ""d_date_sk_431"")][$hashvalue_1325, $hashvalue_1326] => [ws_quantity_414:integer, ws_list_price_416:decimal(7,2)]
                                                                                Estimates: {rows: ? (?), cpu: ?, memory: 16636.60, network: 16636.60}
                                                                                Distribution: REPLICATED
                                                                            - ScanProject[table = TableHandle {connectorId='iceberg', connectorHandle='tpcds_sf1_iceberg.web_sales$data@Optional[7618567712963574495]', layout='Optional[tpcds_sf1_iceberg.web_sales$data@Optional[7618567712963574495]]'}, projectLocality = LOCAL] => [ws_quantity_414:integer, ws_list_price_416:decimal(7,2), ws_sold_date_sk_430:integer, $hashvalue_1325:bigint]
                                                                                    Estimates: {rows: 718760 (131.61MB), cpu: 5305810.00, memory: 0.00, network: 0.00}/{rows: 718760 (131.61MB), cpu: 17080460.00, memory: 0.00, network: 0.00}
                                                                                    $hashvalue_1325 := combine_hash(BIGINT'0', COALESCE($operator$hash_code(ws_sold_date_sk_430), BIGINT'0')) (39:16)
                                                                                    ws_list_price_416 := 20:ws_list_price:decimal(7,2) (39:15)
                                                                                    ws_quantity_414 := 18:ws_quantity:integer (39:15)
                                                                                    ws_sold_date_sk_430 := 34:ws_sold_date_sk:integer (39:15)
                                                                            - LocalExchange[HASH][$hashvalue_1326] (d_date_sk_431) => [d_date_sk_431:integer, $hashvalue_1326:bigint]
                                                                                    Estimates: {rows: 730 (136.97kB), cpu: 513544.60, memory: 0.00, network: 16636.60}
                                                                                - RemoteStreamingExchange[REPLICATE] => [d_date_sk_431:integer, $hashvalue_1327:bigint]
                                                                                        Estimates: {rows: 730 (136.97kB), cpu: 505226.30, memory: 0.00, network: 16636.60}
                                                                                    - ScanFilterProject[table = TableHandle {connectorId='iceberg', connectorHandle='tpcds_sf1_iceberg.date_dim$data@Optional[1154205875244276767]', layout='Optional[tpcds_sf1_iceberg.date_dim$data@Optional[1154205875244276767]]'}, filterPredicate = d_year_437 BETWEEN (INTEGER'1999') AND (INTEGER'2001'), projectLocality = LOCAL] => [d_date_sk_431:integer, $hashvalue_1328:bigint]
                                                                                            Estimates: {rows: 73049 (13.38MB), cpu: 248454.00, memory: 0.00, network: 0.00}/{rows: 730 (136.97kB), cpu: 496908.00, memory: 0.00, network: 0.00}/{rows: 730 (136.97kB), cpu: 505226.30, memory: 0.00, network: 0.00}
                                                                                            $hashvalue_1328 := combine_hash(BIGINT'0', COALESCE($operator$hash_code(d_date_sk_431), BIGINT'0')) (39:26)
                                                                                            d_year_437 := 7:d_year:integer (39:26)
                                                                                            d_date_sk_431 := 1:d_date_sk:integer (39:26)
                        - FilterProject[filterPredicate = (sum_922) > (expr_1131), projectLocality = LOCAL] => [expr_1133:varchar(5), i_brand_id_534:integer, i_class_id_536:integer, i_category_id_538:integer, sum_922:decimal(38,2), count_923:bigint, $hashvalue_1399:bigint]
                                expr_1133 := VARCHAR'store'
                                $hashvalue_1399 := combine_hash(combine_hash(combine_hash(BIGINT'0', COALESCE($operator$hash_code(i_brand_id_534), BIGINT'0')), COALESCE($operator$hash_code(i_class_id_536), BIGINT'0')), COALESCE($operator$hash_code(i_category_id_538), BIGINT'0')) (52:27)
                            - CrossJoin => [i_brand_id_534:integer, i_class_id_536:integer, i_category_id_538:integer, sum_922:decimal(38,2), count_923:bigint, expr_1131:decimal(38,2)]
                                    Distribution: REPLICATED
                                - Project[projectLocality = LOCAL] => [i_brand_id_534:integer, i_class_id_536:integer, i_category_id_538:integer, count_923:bigint, sum_922:decimal(38,2)]
                                    - Aggregate(FINAL)[i_brand_id_534, i_class_id_536, i_category_id_538][$hashvalue_1330] => [i_brand_id_534:integer, i_class_id_536:integer, i_category_id_538:integer, $hashvalue_1330:bigint, count_923:bigint, sum_922:decimal(38,2)]
                                            count_923 := ""presto.default.count""((count_1256)) (53:63)
                                            sum_922 := ""presto.default.sum""((sum_1255)) (53:25)
                                        - LocalExchange[HASH][$hashvalue_1330] (i_brand_id_534, i_class_id_536, i_category_id_538) => [i_brand_id_534:integer, i_class_id_536:integer, i_category_id_538:integer, count_1256:bigint, sum_1255:varbinary, $hashvalue_1330:bigint]
                                            - RemoteStreamingExchange[REPARTITION][$hashvalue_1331] => [i_brand_id_534:integer, i_class_id_536:integer, i_category_id_538:integer, count_1256:bigint, sum_1255:varbinary, $hashvalue_1331:bigint]
                                                - Aggregate(PARTIAL)[i_brand_id_534, i_class_id_536, i_category_id_538][$hashvalue_1386] => [i_brand_id_534:integer, i_class_id_536:integer, i_category_id_538:integer, $hashvalue_1386:bigint, count_1256:bigint, sum_1255:varbinary]
                                                        count_1256 := ""presto.default.count""(*) (53:63)
                                                        sum_1255 := ""presto.default.sum""((expr_918)) (53:25)
                                                    - Project[projectLocality = LOCAL] => [i_brand_id_534:integer, i_class_id_536:integer, i_category_id_538:integer, expr_918:decimal(17,2), $hashvalue_1386:bigint]
                                                            expr_918 := (CAST(ss_quantity_513 AS decimal(10,0))) * (ss_list_price_515) (54:8)
                                                            $hashvalue_1386 := combine_hash(combine_hash(combine_hash(BIGINT'0', COALESCE($operator$hash_code(i_brand_id_534), BIGINT'0')), COALESCE($operator$hash_code(i_class_id_536), BIGINT'0')), COALESCE($operator$hash_code(i_category_id_538), BIGINT'0')) (54:21)
                                                        - InnerJoin[(""d_week_seq_553"" = ""d_week_seq_886"")][$hashvalue_1382, $hashvalue_1383] => [ss_quantity_513:integer, ss_list_price_515:decimal(7,2), i_brand_id_534:integer, i_class_id_536:integer, i_category_id_538:integer]
                                                                Distribution: REPLICATED
                                                            - FilterProject[filterPredicate = expr_881, projectLocality = LOCAL] => [ss_quantity_513:integer, ss_list_price_515:decimal(7,2), i_brand_id_534:integer, i_class_id_536:integer, i_category_id_538:integer, d_week_seq_553:integer, $hashvalue_1382:bigint]
                                                                    $hashvalue_1382 := combine_hash(BIGINT'0', COALESCE($operator$hash_code(d_week_seq_553), BIGINT'0')) (54:26)
                                                                - Project[projectLocality = LOCAL] => [ss_item_sk_505:integer, ss_quantity_513:integer, ss_list_price_515:decimal(7,2), i_brand_id_534:integer, i_class_id_536:integer, i_category_id_538:integer, d_week_seq_553:integer, expr_881:boolean]
                                                                    - SemiJoin[ss_item_sk_505 = i_item_sk_578][$hashvalue_1332, $hashvalue_1342] => [ss_item_sk_505:integer, ss_quantity_513:integer, ss_list_price_515:decimal(7,2), i_brand_id_534:integer, i_class_id_536:integer, i_category_id_538:integer, d_week_seq_553:integer, $hashvalue_1332:bigint, expr_881:boolean]
                                                                            Distribution: PARTITIONED
                                                                        - RemoteStreamingExchange[REPARTITION][$hashvalue_1332] => [ss_item_sk_505:integer, ss_quantity_513:integer, ss_list_price_515:decimal(7,2), i_brand_id_534:integer, i_class_id_536:integer, i_category_id_538:integer, d_week_seq_553:integer, $hashvalue_1332:bigint]
                                                                                Estimates: {rows: ? (?), cpu: ?, memory: 2546232.00, network: ?}
                                                                            - Project[projectLocality = LOCAL] => [ss_item_sk_505:integer, ss_quantity_513:integer, ss_list_price_515:decimal(7,2), i_brand_id_534:integer, i_class_id_536:integer, i_category_id_538:integer, d_week_seq_553:integer, $hashvalue_1341:bigint]
                                                                                    Estimates: {rows: ? (?), cpu: ?, memory: 2546232.00, network: 2546232.00}
                                                                                    $hashvalue_1341 := combine_hash(BIGINT'0', COALESCE($operator$hash_code(ss_item_sk_505), BIGINT'0')) (54:7)
                                                                                - InnerJoin[(""ss_sold_date_sk_526"" = ""d_date_sk_549"")][$hashvalue_1337, $hashvalue_1338] => [ss_item_sk_505:integer, ss_quantity_513:integer, ss_list_price_515:decimal(7,2), i_brand_id_534:integer, i_class_id_536:integer, i_category_id_538:integer, d_week_seq_553:integer]
                                                                                        Estimates: {rows: ? (?), cpu: ?, memory: 2546232.00, network: 2546232.00}
                                                                                        Distribution: REPLICATED
                                                                                    - Project[projectLocality = LOCAL] => [ss_item_sk_505:integer, ss_quantity_513:integer, ss_list_price_515:decimal(7,2), ss_sold_date_sk_526:integer, i_brand_id_534:integer, i_class_id_536:integer, i_category_id_538:integer, $hashvalue_1337:bigint]
                                                                                            Estimates: {rows: ? (?), cpu: ?, memory: 598604.00, network: 598604.00}
                                                                                            $hashvalue_1337 := combine_hash(BIGINT'0', COALESCE($operator$hash_code(ss_sold_date_sk_526), BIGINT'0')) (54:8)
                                                                                        - InnerJoin[(""ss_item_sk_505"" = ""i_item_sk_527"")][$hashvalue_1333, $hashvalue_1334] => [ss_item_sk_505:integer, ss_quantity_513:integer, ss_list_price_515:decimal(7,2), ss_sold_date_sk_526:integer, i_brand_id_534:integer, i_class_id_536:integer, i_category_id_538:integer]
                                                                                                Estimates: {rows: ? (?), cpu: ?, memory: 598604.00, network: 598604.00}
                                                                                                Distribution: REPLICATED
                                                                                            - ScanProject[table = TableHandle {connectorId='iceberg', connectorHandle='tpcds_sf1_iceberg.store_sales$data@Optional[6526568472398842660]', layout='Optional[tpcds_sf1_iceberg.store_sales$data@Optional[6526568472398842660]]'}, projectLocality = LOCAL] => [ss_item_sk_505:integer, ss_quantity_513:integer, ss_list_price_515:decimal(7,2), ss_sold_date_sk_526:integer, $hashvalue_1333:bigint]
                                                                                                    Estimates: {rows: 2750838 (503.69MB), cpu: 27694923.00, memory: 0.00, network: 0.00}/{rows: 2750838 (503.69MB), cpu: 80147388.00, memory: 0.00, network: 0.00}
                                                                                                    $hashvalue_1333 := combine_hash(BIGINT'0', COALESCE($operator$hash_code(ss_item_sk_505), BIGINT'0')) (58:4)
                                                                                                    ss_list_price_515 := 12:ss_list_price:decimal(7,2) (54:7)
                                                                                                    ss_item_sk_505 := 2:ss_item_sk:integer (54:7)
                                                                                                    ss_sold_date_sk_526 := 23:ss_sold_date_sk:integer (54:7)
                                                                                                    ss_quantity_513 := 10:ss_quantity:integer (54:7)
                                                                                            - LocalExchange[HASH][$hashvalue_1334] (i_item_sk_527) => [i_item_sk_527:integer, i_brand_id_534:integer, i_class_id_536:integer, i_category_id_538:integer, $hashvalue_1334:bigint]
                                                                                                    Estimates: {rows: 18000 (3.30MB), cpu: 735906.00, memory: 0.00, network: 598604.00}
                                                                                                - RemoteStreamingExchange[REPLICATE] => [i_item_sk_527:integer, i_brand_id_534:integer, i_class_id_536:integer, i_category_id_538:integer, $hashvalue_1335:bigint]
                                                                                                        Estimates: {rows: 18000 (3.30MB), cpu: 436604.00, memory: 0.00, network: 598604.00}
                                                                                                    - ScanProject[table = TableHandle {connectorId='iceberg', connectorHandle='tpcds_sf1_iceberg.item$data@Optional[8481639847816879046]', layout='Optional[tpcds_sf1_iceberg.item$data@Optional[8481639847816879046]]'}, projectLocality = LOCAL] => [i_item_sk_527:integer, i_brand_id_534:integer, i_class_id_536:integer, i_category_id_538:integer, $hashvalue_1336:bigint]
                                                                                                            Estimates: {rows: 18000 (3.30MB), cpu: 137302.00, memory: 0.00, network: 0.00}/{rows: 18000 (3.30MB), cpu: 436604.00, memory: 0.00, network: 0.00}
                                                                                                            $hashvalue_1336 := combine_hash(BIGINT'0', COALESCE($operator$hash_code(i_item_sk_527), BIGINT'0')) (54:20)
                                                                                                            i_brand_id_534 := 8:i_brand_id:integer (54:20)
                                                                                                            i_class_id_536 := 10:i_class_id:integer (54:20)
                                                                                                            i_category_id_538 := 12:i_category_id:integer (54:20)
                                                                                                            i_item_sk_527 := 1:i_item_sk:integer (54:20)
                                                                                    - LocalExchange[HASH][$hashvalue_1338] (d_date_sk_549) => [d_date_sk_549:integer, d_week_seq_553:integer, $hashvalue_1338:bigint]
                                                                                            Estimates: {rows: 73049 (13.38MB), cpu: 2264001.00, memory: 0.00, network: 1947628.00}
                                                                                        - RemoteStreamingExchange[REPLICATE] => [d_date_sk_549:integer, d_week_seq_553:integer, $hashvalue_1339:bigint]
                                                                                                Estimates: {rows: 73049 (13.38MB), cpu: 1290187.00, memory: 0.00, network: 1947628.00}
                                                                                            - ScanProject[table = TableHandle {connectorId='iceberg', connectorHandle='tpcds_sf1_iceberg.date_dim$data@Optional[1154205875244276767]', layout='Optional[tpcds_sf1_iceberg.date_dim$data@Optional[1154205875244276767]]'}, projectLocality = LOCAL] => [d_date_sk_549:integer, d_week_seq_553:integer, $hashvalue_1340:bigint]
                                                                                                    Estimates: {rows: 73049 (13.38MB), cpu: 316373.00, memory: 0.00, network: 0.00}/{rows: 73049 (13.38MB), cpu: 1290187.00, memory: 0.00, network: 0.00}
                                                                                                    $hashvalue_1340 := combine_hash(BIGINT'0', COALESCE($operator$hash_code(d_date_sk_549), BIGINT'0')) (54:26)
                                                                                                    d_week_seq_553 := 5:d_week_seq:integer (54:26)
                                                                                                    d_date_sk_549 := 1:d_date_sk:integer (54:26)
                                                                        - LocalExchange[SINGLE] () => [i_item_sk_578:integer, $hashvalue_1342:bigint]
                                                                            - RemoteStreamingExchange[REPARTITION - REPLICATE NULLS AND ANY][$hashvalue_1343] => [i_item_sk_578:integer, $hashvalue_1343:bigint]
                                                                                - Project[projectLocality = LOCAL] => [i_item_sk_578:integer, $hashvalue_1381:bigint]
                                                                                        $hashvalue_1381 := combine_hash(BIGINT'0', COALESCE($operator$hash_code(i_item_sk_578), BIGINT'0')) (6:8)
                                                                                    - InnerJoin[(""expr_862"" = ""i_brand_id_585"") AND (""expr_863"" = ""i_class_id_587"") AND (""expr_864"" = ""i_category_id_589"")][$hashvalue_1344, $hashvalue_1378] => [i_item_sk_578:integer]
                                                                                            Distribution: PARTITIONED
                                                                                        - FilterProject[filterPredicate = (((count_1241) >= (BIGINT'1')) AND ((count_1242) >= (BIGINT'1'))) AND ((count_1243) >= (BIGINT'1')), projectLocality = LOCAL] => [expr_862:integer, expr_863:integer, expr_864:integer, $hashvalue_1344:bigint]
                                                                                            - Aggregate(FINAL)[expr_862, expr_863, expr_864][$hashvalue_1344] => [expr_862:integer, expr_863:integer, expr_864:integer, $hashvalue_1344:bigint, count_1242:bigint, count_1243:bigint, count_1241:bigint]
                                                                                                    count_1242 := ""presto.default.count""((count_1258))
                                                                                                    count_1243 := ""presto.default.count""((count_1259))
                                                                                                    count_1241 := ""presto.default.count""((count_1257))
                                                                                                - LocalExchange[HASH][$hashvalue_1344] (expr_862, expr_863, expr_864) => [expr_862:integer, expr_863:integer, expr_864:integer, count_1257:bigint, count_1258:bigint, count_1259:bigint, $hashvalue_1344:bigint]
                                                                                                    - Project[projectLocality = LOCAL] => [expr_862:integer, expr_863:integer, expr_864:integer, count_1257:bigint, count_1258:bigint, count_1259:bigint, $hashvalue_1355:bigint]
                                                                                                            $hashvalue_1355 := combine_hash(combine_hash(combine_hash(BIGINT'0', COALESCE($operator$hash_code(expr_862), BIGINT'0')), COALESCE($operator$hash_code(expr_863), BIGINT'0')), COALESCE($operator$hash_code(expr_864), BIGINT'0')) (7:14)
                                                                                                        - Project[projectLocality = LOCAL] => [expr_862:integer, expr_863:integer, expr_864:integer, count_1257:bigint, count_1258:bigint, count_1259:bigint, $hashvalue_1345:bigint]
                                                                                                                expr_862 := i_brand_id_630 (7:14)
                                                                                                                expr_863 := i_class_id_632 (7:39)
                                                                                                                expr_864 := i_category_id_634 (7:64)
                                                                                                            - RemoteStreamingExchange[REPARTITION][$hashvalue_1345] => [i_brand_id_630:integer, i_class_id_632:integer, i_category_id_634:integer, count_1257:bigint, count_1258:bigint, count_1259:bigint, $hashvalue_1345:bigint]
                                                                                                                - Aggregate(PARTIAL)[i_brand_id_630, i_class_id_632, i_category_id_634][$hashvalue_1354] => [i_brand_id_630:integer, i_class_id_632:integer, i_category_id_634:integer, $hashvalue_1354:bigint, count_1257:bigint, count_1258:bigint, count_1259:bigint]
                                                                                                                        count_1257 := ""presto.default.count""((marker_1226))
                                                                                                                        count_1258 := ""presto.default.count""((marker_1227))
                                                                                                                        count_1259 := ""presto.default.count""((marker_1228))
                                                                                                                    - Project[projectLocality = LOCAL] => [i_brand_id_630:integer, i_class_id_632:integer, i_category_id_634:integer, marker_1226:boolean, marker_1227:boolean, marker_1228:boolean, $hashvalue_1354:bigint]
                                                                                                                            Estimates: {rows: ? (?), cpu: ?, memory: 615240.60, network: 615240.60}
                                                                                                                            marker_1226 := BOOLEAN'true'
                                                                                                                            marker_1227 := null
                                                                                                                            marker_1228 := null
                                                                                                                            $hashvalue_1354 := combine_hash(combine_hash(combine_hash(BIGINT'0', COALESCE($operator$hash_code(i_brand_id_630), BIGINT'0')), COALESCE($operator$hash_code(i_class_id_632), BIGINT'0')), COALESCE($operator$hash_code(i_category_id_634), BIGINT'0')) (7:14)
                                                                                                                        - InnerJoin[(""ss_sold_date_sk_622"" = ""d_date_sk_645"")][$hashvalue_1350, $hashvalue_1351] => [i_brand_id_630:integer, i_class_id_632:integer, i_category_id_634:integer]
                                                                                                                                Estimates: {rows: ? (?), cpu: ?, memory: 615240.60, network: 615240.60}
                                                                                                                                Distribution: REPLICATED
                                                                                                                            - Project[projectLocality = LOCAL] => [ss_sold_date_sk_622:integer, i_brand_id_630:integer, i_class_id_632:integer, i_category_id_634:integer, $hashvalue_1350:bigint]
                                                                                                                                    Estimates: {rows: ? (?), cpu: ?, memory: 598604.00, network: 598604.00}
                                                                                                                                    $hashvalue_1350 := combine_hash(BIGINT'0', COALESCE($operator$hash_code(ss_sold_date_sk_622), BIGINT'0')) (8:13)
                                                                                                                                - InnerJoin[(""ss_item_sk_601"" = ""i_item_sk_623"")][$hashvalue_1346, $hashvalue_1347] => [ss_sold_date_sk_622:integer, i_brand_id_630:integer, i_class_id_632:integer, i_category_id_634:integer]
                                                                                                                                        Estimates: {rows: ? (?), cpu: ?, memory: 598604.00, network: 598604.00}
                                                                                                                                        Distribution: REPLICATED
                                                                                                                                    - ScanProject[table = TableHandle {connectorId='iceberg', connectorHandle='tpcds_sf1_iceberg.store_sales$data@Optional[6526568472398842660]', layout='Optional[tpcds_sf1_iceberg.store_sales$data@Optional[6526568472398842660]]'}, projectLocality = LOCAL] => [ss_item_sk_601:integer, ss_sold_date_sk_622:integer, $hashvalue_1346:bigint]
                                                                                                                                            Estimates: {rows: 2750838 (503.69MB), cpu: 12087800.00, memory: 0.00, network: 0.00}/{rows: 2750838 (503.69MB), cpu: 48933142.00, memory: 0.00, network: 0.00}
                                                                                                                                            $hashvalue_1346 := combine_hash(BIGINT'0', COALESCE($operator$hash_code(ss_item_sk_601), BIGINT'0')) (8:13)
                                                                                                                                            ss_sold_date_sk_622 := 23:ss_sold_date_sk:integer (8:12)
                                                                                                                                            ss_item_sk_601 := 2:ss_item_sk:integer (8:12)
                                                                                                                                    - LocalExchange[HASH][$hashvalue_1347] (i_item_sk_623) => [i_item_sk_623:integer, i_brand_id_630:integer, i_class_id_632:integer, i_category_id_634:integer, $hashvalue_1347:bigint]
                                                                                                                                            Estimates: {rows: 18000 (3.30MB), cpu: 735906.00, memory: 0.00, network: 598604.00}
                                                                                                                                        - RemoteStreamingExchange[REPLICATE] => [i_item_sk_623:integer, i_brand_id_630:integer, i_class_id_632:integer, i_category_id_634:integer, $hashvalue_1348:bigint]
                                                                                                                                                Estimates: {rows: 18000 (3.30MB), cpu: 436604.00, memory: 0.00, network: 598604.00}
                                                                                                                                            - ScanProject[table = TableHandle {connectorId='iceberg', connectorHandle='tpcds_sf1_iceberg.item$data@Optional[8481639847816879046]', layout='Optional[tpcds_sf1_iceberg.item$data@Optional[8481639847816879046]]'}, projectLocality = LOCAL] => [i_item_sk_623:integer, i_brand_id_630:integer, i_class_id_632:integer, i_category_id_634:integer, $hashvalue_1349:bigint]
                                                                                                                                                    Estimates: {rows: 18000 (3.30MB), cpu: 137302.00, memory: 0.00, network: 0.00}/{rows: 18000 (3.30MB), cpu: 436604.00, memory: 0.00, network: 0.00}
                                                                                                                                                    $hashvalue_1349 := combine_hash(BIGINT'0', COALESCE($operator$hash_code(i_item_sk_623), BIGINT'0')) (8:25)
                                                                                                                                                    i_brand_id_630 := 8:i_brand_id:integer (8:25)
                                                                                                                                                    i_category_id_634 := 12:i_category_id:integer (8:25)
                                                                                                                                                    i_item_sk_623 := 1:i_item_sk:integer (8:25)
                                                                                                                                                    i_class_id_632 := 10:i_class_id:integer (8:25)
                                                                                                                            - LocalExchange[HASH][$hashvalue_1351] (d_date_sk_645) => [d_date_sk_645:integer, $hashvalue_1351:bigint]
                                                                                                                                    Estimates: {rows: 730 (136.97kB), cpu: 513544.60, memory: 0.00, network: 16636.60}
                                                                                                                                - RemoteStreamingExchange[REPLICATE] => [d_date_sk_645:integer, $hashvalue_1352:bigint]
                                                                                                                                        Estimates: {rows: 730 (136.97kB), cpu: 505226.30, memory: 0.00, network: 16636.60}
                                                                                                                                    - ScanFilterProject[table = TableHandle {connectorId='iceberg', connectorHandle='tpcds_sf1_iceberg.date_dim$data@Optional[1154205875244276767]', layout='Optional[tpcds_sf1_iceberg.date_dim$data@Optional[1154205875244276767]]'}, filterPredicate = d_year_651 BETWEEN (INTEGER'1999') AND (INTEGER'2001'), projectLocality = LOCAL] => [d_date_sk_645:integer, $hashvalue_1353:bigint]
                                                                                                                                            Estimates: {rows: 73049 (13.38MB), cpu: 248454.00, memory: 0.00, network: 0.00}/{rows: 730 (136.97kB), cpu: 496908.00, memory: 0.00, network: 0.00}/{rows: 730 (136.97kB), cpu: 505226.30, memory: 0.00, network: 0.00}
                                                                                                                                            $hashvalue_1353 := combine_hash(BIGINT'0', COALESCE($operator$hash_code(d_date_sk_645), BIGINT'0')) (8:35)
                                                                                                                                            d_year_651 := 7:d_year:integer (8:35)
                                                                                                                                            d_date_sk_645 := 1:d_date_sk:integer (8:35)
                                                                                                    - Project[projectLocality = LOCAL] => [expr_862:integer, expr_863:integer, expr_864:integer, count_1257:bigint, count_1258:bigint, count_1259:bigint, $hashvalue_1366:bigint]
                                                                                                            $hashvalue_1366 := combine_hash(combine_hash(combine_hash(BIGINT'0', COALESCE($operator$hash_code(expr_862), BIGINT'0')), COALESCE($operator$hash_code(expr_863), BIGINT'0')), COALESCE($operator$hash_code(expr_864), BIGINT'0')) (7:14)
                                                                                                        - Project[projectLocality = LOCAL] => [expr_862:integer, expr_863:integer, expr_864:integer, count_1257:bigint, count_1258:bigint, count_1259:bigint, $hashvalue_1356:bigint]
                                                                                                                expr_862 := i_brand_id_720 (7:14)
                                                                                                                expr_863 := i_class_id_722 (7:39)
                                                                                                                expr_864 := i_category_id_724 (7:64)
                                                                                                            - RemoteStreamingExchange[REPARTITION][$hashvalue_1356] => [i_brand_id_720:integer, i_class_id_722:integer, i_category_id_724:integer, count_1257:bigint, count_1258:bigint, count_1259:bigint, $hashvalue_1356:bigint]
                                                                                                                - Aggregate(PARTIAL)[i_brand_id_720, i_class_id_722, i_category_id_724][$hashvalue_1365] => [i_brand_id_720:integer, i_class_id_722:integer, i_category_id_724:integer, $hashvalue_1365:bigint, count_1257:bigint, count_1258:bigint, count_1259:bigint]
                                                                                                                        count_1257 := ""presto.default.count""((marker_1232))
                                                                                                                        count_1258 := ""presto.default.count""((marker_1233))
                                                                                                                        count_1259 := ""presto.default.count""((marker_1234))
                                                                                                                    - Project[projectLocality = LOCAL] => [i_brand_id_720:integer, i_class_id_722:integer, i_category_id_724:integer, marker_1232:boolean, marker_1233:boolean, marker_1234:boolean, $hashvalue_1365:bigint]
                                                                                                                            Estimates: {rows: ? (?), cpu: ?, memory: 615240.60, network: 615240.60}
                                                                                                                            marker_1232 := null
                                                                                                                            marker_1233 := BOOLEAN'true'
                                                                                                                            marker_1234 := null
                                                                                                                            $hashvalue_1365 := combine_hash(combine_hash(combine_hash(BIGINT'0', COALESCE($operator$hash_code(i_brand_id_720), BIGINT'0')), COALESCE($operator$hash_code(i_class_id_722), BIGINT'0')), COALESCE($operator$hash_code(i_category_id_724), BIGINT'0')) (13:15)
                                                                                                                        - InnerJoin[(""cs_sold_date_sk_712"" = ""d_date_sk_735"")][$hashvalue_1361, $hashvalue_1362] => [i_brand_id_720:integer, i_class_id_722:integer, i_category_id_724:integer]
                                                                                                                                Estimates: {rows: ? (?), cpu: ?, memory: 615240.60, network: 615240.60}
                                                                                                                                Distribution: REPLICATED
                                                                                                                            - Project[projectLocality = LOCAL] => [cs_sold_date_sk_712:integer, i_brand_id_720:integer, i_class_id_722:integer, i_category_id_724:integer, $hashvalue_1361:bigint]
                                                                                                                                    Estimates: {rows: ? (?), cpu: ?, memory: 598604.00, network: 598604.00}
                                                                                                                                    $hashvalue_1361 := combine_hash(BIGINT'0', COALESCE($operator$hash_code(cs_sold_date_sk_712), BIGINT'0')) (14:14)
                                                                                                                                - InnerJoin[(""cs_item_sk_693"" = ""i_item_sk_713"")][$hashvalue_1357, $hashvalue_1358] => [cs_sold_date_sk_712:integer, i_brand_id_720:integer, i_class_id_722:integer, i_category_id_724:integer]
                                                                                                                                        Estimates: {rows: ? (?), cpu: ?, memory: 598604.00, network: 598604.00}
                                                                                                                                        Distribution: REPLICATED
                                                                                                                                    - ScanProject[table = TableHandle {connectorId='iceberg', connectorHandle='tpcds_sf1_iceberg.catalog_sales$data@Optional[7343679521195877483]', layout='Optional[tpcds_sf1_iceberg.catalog_sales$data@Optional[7343679521195877483]]'}, projectLocality = LOCAL] => [cs_item_sk_693:integer, cs_sold_date_sk_712:integer, $hashvalue_1357:bigint]
                                                                                                                                            Estimates: {rows: 1432680 (262.33MB), cpu: 6534270.00, memory: 0.00, network: 0.00}/{rows: 1432680 (262.33MB), cpu: 25962660.00, memory: 0.00, network: 0.00}
                                                                                                                                            $hashvalue_1357 := combine_hash(BIGINT'0', COALESCE($operator$hash_code(cs_item_sk_693), BIGINT'0')) (14:14)
                                                                                                                                            cs_sold_date_sk_712 := 34:cs_sold_date_sk:integer (14:13)
                                                                                                                                            cs_item_sk_693 := 15:cs_item_sk:integer (14:13)
                                                                                                                                    - LocalExchange[HASH][$hashvalue_1358] (i_item_sk_713) => [i_item_sk_713:integer, i_brand_id_720:integer, i_class_id_722:integer, i_category_id_724:integer, $hashvalue_1358:bigint]
                                                                                                                                            Estimates: {rows: 18000 (3.30MB), cpu: 735906.00, memory: 0.00, network: 598604.00}
                                                                                                                                        - RemoteStreamingExchange[REPLICATE] => [i_item_sk_713:integer, i_brand_id_720:integer, i_class_id_722:integer, i_category_id_724:integer, $hashvalue_1359:bigint]
                                                                                                                                                Estimates: {rows: 18000 (3.30MB), cpu: 436604.00, memory: 0.00, network: 598604.00}
                                                                                                                                            - ScanProject[table = TableHandle {connectorId='iceberg', connectorHandle='tpcds_sf1_iceberg.item$data@Optional[8481639847816879046]', layout='Optional[tpcds_sf1_iceberg.item$data@Optional[8481639847816879046]]'}, projectLocality = LOCAL] => [i_item_sk_713:integer, i_brand_id_720:integer, i_class_id_722:integer, i_category_id_724:integer, $hashvalue_1360:bigint]
                                                                                                                                                    Estimates: {rows: 18000 (3.30MB), cpu: 137302.00, memory: 0.00, network: 0.00}/{rows: 18000 (3.30MB), cpu: 436604.00, memory: 0.00, network: 0.00}
                                                                                                                                                    $hashvalue_1360 := combine_hash(BIGINT'0', COALESCE($operator$hash_code(i_item_sk_713), BIGINT'0')) (14:28)
                                                                                                                                                    i_item_sk_713 := 1:i_item_sk:integer (14:28)
                                                                                                                                                    i_brand_id_720 := 8:i_brand_id:integer (14:28)
                                                                                                                                                    i_category_id_724 := 12:i_category_id:integer (14:28)
                                                                                                                                                    i_class_id_722 := 10:i_class_id:integer (14:28)
                                                                                                                            - LocalExchange[HASH][$hashvalue_1362] (d_date_sk_735) => [d_date_sk_735:integer, $hashvalue_1362:bigint]
                                                                                                                                    Estimates: {rows: 730 (136.97kB), cpu: 513544.60, memory: 0.00, network: 16636.60}
                                                                                                                                - RemoteStreamingExchange[REPLICATE] => [d_date_sk_735:integer, $hashvalue_1363:bigint]
                                                                                                                                        Estimates: {rows: 730 (136.97kB), cpu: 505226.30, memory: 0.00, network: 16636.60}
                                                                                                                                    - ScanFilterProject[table = TableHandle {connectorId='iceberg', connectorHandle='tpcds_sf1_iceberg.date_dim$data@Optional[1154205875244276767]', layout='Optional[tpcds_sf1_iceberg.date_dim$data@Optional[1154205875244276767]]'}, filterPredicate = d_year_741 BETWEEN (INTEGER'1999') AND (INTEGER'2001'), projectLocality = LOCAL] => [d_date_sk_735:integer, $hashvalue_1364:bigint]
                                                                                                                                            Estimates: {rows: 73049 (13.38MB), cpu: 248454.00, memory: 0.00, network: 0.00}/{rows: 730 (136.97kB), cpu: 496908.00, memory: 0.00, network: 0.00}/{rows: 730 (136.97kB), cpu: 505226.30, memory: 0.00, network: 0.00}
                                                                                                                                            $hashvalue_1364 := combine_hash(BIGINT'0', COALESCE($operator$hash_code(d_date_sk_735), BIGINT'0')) (14:38)
                                                                                                                                            d_date_sk_735 := 1:d_date_sk:integer (14:38)
                                                                                                                                            d_year_741 := 7:d_year:integer (14:38)
                                                                                                    - Project[projectLocality = LOCAL] => [expr_862:integer, expr_863:integer, expr_864:integer, count_1257:bigint, count_1258:bigint, count_1259:bigint, $hashvalue_1377:bigint]
                                                                                                            $hashvalue_1377 := combine_hash(combine_hash(combine_hash(BIGINT'0', COALESCE($operator$hash_code(expr_862), BIGINT'0')), COALESCE($operator$hash_code(expr_863), BIGINT'0')), COALESCE($operator$hash_code(expr_864), BIGINT'0')) (7:14)
                                                                                                        - Project[projectLocality = LOCAL] => [expr_862:integer, expr_863:integer, expr_864:integer, count_1257:bigint, count_1258:bigint, count_1259:bigint, $hashvalue_1367:bigint]
                                                                                                                expr_862 := i_brand_id_813 (7:14)
                                                                                                                expr_863 := i_class_id_815 (7:39)
                                                                                                                expr_864 := i_category_id_817 (7:64)
                                                                                                            - RemoteStreamingExchange[REPARTITION][$hashvalue_1367] => [i_brand_id_813:integer, i_class_id_815:integer, i_category_id_817:integer, count_1257:bigint, count_1258:bigint, count_1259:bigint, $hashvalue_1367:bigint]
                                                                                                                - Aggregate(PARTIAL)[i_brand_id_813, i_class_id_815, i_category_id_817][$hashvalue_1376] => [i_brand_id_813:integer, i_class_id_815:integer, i_category_id_817:integer, $hashvalue_1376:bigint, count_1257:bigint, count_1258:bigint, count_1259:bigint]
                                                                                                                        count_1257 := ""presto.default.count""((marker_1238))
                                                                                                                        count_1258 := ""presto.default.count""((marker_1239))
                                                                                                                        count_1259 := ""presto.default.count""((marker_1240))
                                                                                                                    - Project[projectLocality = LOCAL] => [i_brand_id_813:integer, i_class_id_815:integer, i_category_id_817:integer, marker_1238:boolean, marker_1239:boolean, marker_1240:boolean, $hashvalue_1376:bigint]
                                                                                                                            Estimates: {rows: ? (?), cpu: ?, memory: 615240.60, network: 615240.60}
                                                                                                                            marker_1238 := null
                                                                                                                            marker_1239 := null
                                                                                                                            marker_1240 := BOOLEAN'true'
                                                                                                                            $hashvalue_1376 := combine_hash(combine_hash(combine_hash(BIGINT'0', COALESCE($operator$hash_code(i_brand_id_813), BIGINT'0')), COALESCE($operator$hash_code(i_class_id_815), BIGINT'0')), COALESCE($operator$hash_code(i_category_id_817), BIGINT'0')) (19:15)
                                                                                                                        - InnerJoin[(""ws_sold_date_sk_805"" = ""d_date_sk_828"")][$hashvalue_1372, $hashvalue_1373] => [i_brand_id_813:integer, i_class_id_815:integer, i_category_id_817:integer]
                                                                                                                                Estimates: {rows: ? (?), cpu: ?, memory: 615240.60, network: 615240.60}
                                                                                                                                Distribution: REPLICATED
                                                                                                                            - Project[projectLocality = LOCAL] => [ws_sold_date_sk_805:integer, i_brand_id_813:integer, i_class_id_815:integer, i_category_id_817:integer, $hashvalue_1372:bigint]
                                                                                                                                    Estimates: {rows: ? (?), cpu: ?, memory: 598604.00, network: 598604.00}
                                                                                                                                    $hashvalue_1372 := combine_hash(BIGINT'0', COALESCE($operator$hash_code(ws_sold_date_sk_805), BIGINT'0')) (20:14)
                                                                                                                                - InnerJoin[(""ws_item_sk_774"" = ""i_item_sk_806"")][$hashvalue_1368, $hashvalue_1369] => [ws_sold_date_sk_805:integer, i_brand_id_813:integer, i_class_id_815:integer, i_category_id_817:integer]
                                                                                                                                        Estimates: {rows: ? (?), cpu: ?, memory: 598604.00, network: 598604.00}
                                                                                                                                        Distribution: REPLICATED
                                                                                                                                    - ScanProject[table = TableHandle {connectorId='iceberg', connectorHandle='tpcds_sf1_iceberg.web_sales$data@Optional[7618567712963574495]', layout='Optional[tpcds_sf1_iceberg.web_sales$data@Optional[7618567712963574495]]'}, projectLocality = LOCAL] => [ws_item_sk_774:integer, ws_sold_date_sk_805:integer, $hashvalue_1368:bigint]
                                                                                                                                            Estimates: {rows: 718760 (131.61MB), cpu: 3419092.00, memory: 0.00, network: 0.00}/{rows: 718760 (131.61MB), cpu: 13307024.00, memory: 0.00, network: 0.00}
                                                                                                                                            $hashvalue_1368 := combine_hash(BIGINT'0', COALESCE($operator$hash_code(ws_item_sk_774), BIGINT'0')) (20:14)
                                                                                                                                            ws_item_sk_774 := 3:ws_item_sk:integer (20:13)
                                                                                                                                            ws_sold_date_sk_805 := 34:ws_sold_date_sk:integer (20:13)
                                                                                                                                    - LocalExchange[HASH][$hashvalue_1369] (i_item_sk_806) => [i_item_sk_806:integer, i_brand_id_813:integer, i_class_id_815:integer, i_category_id_817:integer, $hashvalue_1369:bigint]
                                                                                                                                            Estimates: {rows: 18000 (3.30MB), cpu: 735906.00, memory: 0.00, network: 598604.00}
                                                                                                                                        - RemoteStreamingExchange[REPLICATE] => [i_item_sk_806:integer, i_brand_id_813:integer, i_class_id_815:integer, i_category_id_817:integer, $hashvalue_1370:bigint]
                                                                                                                                                Estimates: {rows: 18000 (3.30MB), cpu: 436604.00, memory: 0.00, network: 598604.00}
                                                                                                                                            - ScanProject[table = TableHandle {connectorId='iceberg', connectorHandle='tpcds_sf1_iceberg.item$data@Optional[8481639847816879046]', layout='Optional[tpcds_sf1_iceberg.item$data@Optional[8481639847816879046]]'}, projectLocality = LOCAL] => [i_item_sk_806:integer, i_brand_id_813:integer, i_class_id_815:integer, i_category_id_817:integer, $hashvalue_1371:bigint]
                                                                                                                                                    Estimates: {rows: 18000 (3.30MB), cpu: 137302.00, memory: 0.00, network: 0.00}/{rows: 18000 (3.30MB), cpu: 436604.00, memory: 0.00, network: 0.00}
                                                                                                                                                    $hashvalue_1371 := combine_hash(BIGINT'0', COALESCE($operator$hash_code(i_item_sk_806), BIGINT'0')) (20:24)
                                                                                                                                                    i_item_sk_806 := 1:i_item_sk:integer (20:24)
                                                                                                                                                    i_brand_id_813 := 8:i_brand_id:integer (20:24)
                                                                                                                                                    i_class_id_815 := 10:i_class_id:integer (20:24)
                                                                                                                                                    i_category_id_817 := 12:i_category_id:integer (20:24)
                                                                                                                            - LocalExchange[HASH][$hashvalue_1373] (d_date_sk_828) => [d_date_sk_828:integer, $hashvalue_1373:bigint]
                                                                                                                                    Estimates: {rows: 730 (136.97kB), cpu: 513544.60, memory: 0.00, network: 16636.60}
                                                                                                                                - RemoteStreamingExchange[REPLICATE] => [d_date_sk_828:integer, $hashvalue_1374:bigint]
                                                                                                                                        Estimates: {rows: 730 (136.97kB), cpu: 505226.30, memory: 0.00, network: 16636.60}
                                                                                                                                    - ScanFilterProject[table = TableHandle {connectorId='iceberg', connectorHandle='tpcds_sf1_iceberg.date_dim$data@Optional[1154205875244276767]', layout='Optional[tpcds_sf1_iceberg.date_dim$data@Optional[1154205875244276767]]'}, filterPredicate = d_year_834 BETWEEN (INTEGER'1999') AND (INTEGER'2001'), projectLocality = LOCAL] => [d_date_sk_828:integer, $hashvalue_1375:bigint]
                                                                                                                                            Estimates: {rows: 73049 (13.38MB), cpu: 248454.00, memory: 0.00, network: 0.00}/{rows: 730 (136.97kB), cpu: 496908.00, memory: 0.00, network: 0.00}/{rows: 730 (136.97kB), cpu: 505226.30, memory: 0.00, network: 0.00}
                                                                                                                                            $hashvalue_1375 := combine_hash(BIGINT'0', COALESCE($operator$hash_code(d_date_sk_828), BIGINT'0')) (20:34)
                                                                                                                                            d_date_sk_828 := 1:d_date_sk:integer (20:34)
                                                                                                                                            d_year_834 := 7:d_year:integer (20:34)
                                                                                        - LocalExchange[HASH][$hashvalue_1378] (i_brand_id_585, i_class_id_587, i_category_id_589) => [i_item_sk_578:integer, i_brand_id_585:integer, i_class_id_587:integer, i_category_id_589:integer, $hashvalue_1378:bigint]
                                                                                                Estimates: {rows: 18000 (3.30MB), cpu: 1035208.00, memory: 0.00, network: 299302.00}
                                                                                            - RemoteStreamingExchange[REPARTITION][$hashvalue_1379] => [i_item_sk_578:integer, i_brand_id_585:integer, i_class_id_587:integer, i_category_id_589:integer, $hashvalue_1379:bigint]
                                                                                                    Estimates: {rows: 18000 (3.30MB), cpu: 735906.00, memory: 0.00, network: 299302.00}
                                                                                                - ScanProject[table = TableHandle {connectorId='iceberg', connectorHandle='tpcds_sf1_iceberg.item$data@Optional[8481639847816879046]', layout='Optional[tpcds_sf1_iceberg.item$data@Optional[8481639847816879046]]'}, projectLocality = LOCAL] => [i_item_sk_578:integer, i_brand_id_585:integer, i_class_id_587:integer, i_category_id_589:integer, $hashvalue_1380:bigint]
                                                                                                        Estimates: {rows: 18000 (3.30MB), cpu: 137302.00, memory: 0.00, network: 0.00}/{rows: 18000 (3.30MB), cpu: 436604.00, memory: 0.00, network: 0.00}
                                                                                                        $hashvalue_1380 := combine_hash(combine_hash(combine_hash(BIGINT'0', COALESCE($operator$hash_code(i_brand_id_585), BIGINT'0')), COALESCE($operator$hash_code(i_class_id_587), BIGINT'0')), COALESCE($operator$hash_code(i_category_id_589), BIGINT'0')) (6:8)
                                                                                                        i_category_id_589 := 12:i_category_id:integer (6:8)
                                                                                                        i_item_sk_578 := 1:i_item_sk:integer (6:8)
                                                                                                        i_brand_id_585 := 8:i_brand_id:integer (6:8)
                                                                                                        i_class_id_587 := 10:i_class_id:integer (6:8)
                                                            - LocalExchange[HASH][$hashvalue_1383] (d_week_seq_886) => [d_week_seq_886:integer, $hashvalue_1383:bigint]
                                                                    Estimates: {rows: 1 (192B), cpu: ?, memory: 0.00, network: ?}
                                                                - RemoteStreamingExchange[REPLICATE] => [d_week_seq_886:integer, $hashvalue_1384:bigint]
                                                                        Estimates: {rows: 1 (192B), cpu: ?, memory: 0.00, network: ?}
                                                                    - Project[projectLocality = LOCAL] => [d_week_seq_886:integer, $hashvalue_1385:bigint]
                                                                            Estimates: {rows: 1 (192B), cpu: ?, memory: 0.00, network: ?}
                                                                            $hashvalue_1385 := combine_hash(BIGINT'0', COALESCE($operator$hash_code(d_week_seq_886), BIGINT'0')) (58:29)
                                                                        - EnforceSingleRow => [d_week_seq_886:integer]
                                                                                Estimates: {rows: 1 (192B), cpu: ?, memory: 0.00, network: ?}
                                                                            - LocalExchange[SINGLE] () => [d_week_seq_886:integer]
                                                                                    Estimates: {rows: ? (?), cpu: ?, memory: 0.00, network: ?}
                                                                                - RemoteStreamingExchange[GATHER] => [d_week_seq_886:integer]
                                                                                        Estimates: {rows: ? (?), cpu: ?, memory: 0.00, network: ?}
                                                                                    - ScanFilterProject[table = TableHandle {connectorId='iceberg', connectorHandle='tpcds_sf1_iceberg.date_dim$data@Optional[1154205875244276767]', layout='Optional[tpcds_sf1_iceberg.date_dim$data@Optional[1154205875244276767]]'}, filterPredicate = (((d_year_888) = (INTEGER'1999')) AND ((d_moy_890) = (INTEGER'12'))) AND ((d_dom_891) = (INTEGER'11')), projectLocality = LOCAL] => [d_week_seq_886:integer]
                                                                                            Estimates: {rows: 73049 (13.38MB), cpu: 364995.00, memory: 0.00, network: 0.00}/{rows: ? (?), cpu: 729990.00, memory: 0.00, network: 0.00}/{rows: ? (?), cpu: ?, memory: 0.00, network: 0.00}
                                                                                            d_week_seq_886 := 5:d_week_seq:integer (58:45)
                                                                                            d_dom_891 := 10:d_dom:integer (58:45)
                                                                                            d_moy_890 := 9:d_moy:integer (58:45)
                                                                                            d_year_888 := 7:d_year:integer (58:45)
                                - LocalExchange[SINGLE] () => [expr_1131:decimal(38,2)]
                                        Estimates: {rows: 1 (192B), cpu: ?, memory: ?, network: ?}
                                    - RemoteStreamingExchange[REPLICATE] => [expr_1131:decimal(38,2)]
                                            Estimates: {rows: 1 (192B), cpu: ?, memory: ?, network: ?}
                                        - Project[projectLocality = LOCAL] => [expr_1131:decimal(38,2)]
                                                Estimates: {rows: 1 (192B), cpu: ?, memory: ?, network: ?}
                                                expr_1131 := CAST(avg_1121 AS decimal(38,2)) (51:43)
                                            - LocalExchange[ROUND_ROBIN] () => [avg_1121:decimal(17,2)]
                                                    Estimates: {rows: 1 (192B), cpu: ?, memory: ?, network: ?}
                                                - EnforceSingleRow => [avg_1121:decimal(17,2)]
                                                        Estimates: {rows: 1 (192B), cpu: ?, memory: ?, network: ?}
                                                    - Aggregate(FINAL) => [avg_1121:decimal(17,2)]
                                                            avg_1121 := ""presto.default.avg""((avg_1260)) (29:10)
                                                        - LocalExchange[SINGLE] () => [avg_1260:varbinary]
                                                            - RemoteStreamingExchange[GATHER] => [avg_1260:varbinary]
                                                                - Aggregate(PARTIAL) => [avg_1260:varbinary]
                                                                        avg_1260 := ""presto.default.avg""((multiply_1246)) (29:10)
                                                                    - Project[projectLocality = LOCAL] => [multiply_1246:decimal(17,2)]
                                                                            Estimates: {rows: ? (?), cpu: ?, memory: 16636.60, network: 16636.60}
                                                                            multiply_1246 := (CAST(ss_quantity_934 AS decimal(10,0))) * (ss_list_price_936) (30:17)
                                                                        - InnerJoin[(""ss_sold_date_sk_947"" = ""d_date_sk_948"")][$hashvalue_1387, $hashvalue_1388] => [ss_quantity_934:integer, ss_list_price_936:decimal(7,2)]
                                                                                Estimates: {rows: ? (?), cpu: ?, memory: 16636.60, network: 16636.60}
                                                                                Distribution: REPLICATED
                                                                            - ScanProject[table = TableHandle {connectorId='iceberg', connectorHandle='tpcds_sf1_iceberg.store_sales$data@Optional[6526568472398842660]', layout='Optional[tpcds_sf1_iceberg.store_sales$data@Optional[6526568472398842660]]'}, projectLocality = LOCAL] => [ss_quantity_934:integer, ss_list_price_936:decimal(7,2), ss_sold_date_sk_947:integer, $hashvalue_1387:bigint]
                                                                                    Estimates: {rows: 2750838 (503.69MB), cpu: 18358055.00, memory: 0.00, network: 0.00}/{rows: 2750838 (503.69MB), cpu: 61473652.00, memory: 0.00, network: 0.00}
                                                                                    $hashvalue_1387 := combine_hash(BIGINT'0', COALESCE($operator$hash_code(ss_sold_date_sk_947), BIGINT'0')) (31:16)
                                                                                    ss_quantity_934 := 10:ss_quantity:integer (31:15)
                                                                                    ss_sold_date_sk_947 := 23:ss_sold_date_sk:integer (31:15)
                                                                                    ss_list_price_936 := 12:ss_list_price:decimal(7,2) (31:15)
                                                                            - LocalExchange[HASH][$hashvalue_1388] (d_date_sk_948) => [d_date_sk_948:integer, $hashvalue_1388:bigint]
                                                                                    Estimates: {rows: 730 (136.97kB), cpu: 513544.60, memory: 0.00, network: 16636.60}
                                                                                - RemoteStreamingExchange[REPLICATE] => [d_date_sk_948:integer, $hashvalue_1389:bigint]
                                                                                        Estimates: {rows: 730 (136.97kB), cpu: 505226.30, memory: 0.00, network: 16636.60}
                                                                                    - ScanFilterProject[table = TableHandle {connectorId='iceberg', connectorHandle='tpcds_sf1_iceberg.date_dim$data@Optional[1154205875244276767]', layout='Optional[tpcds_sf1_iceberg.date_dim$data@Optional[1154205875244276767]]'}, filterPredicate = d_year_954 BETWEEN (INTEGER'1999') AND (INTEGER'2001'), projectLocality = LOCAL] => [d_date_sk_948:integer, $hashvalue_1390:bigint]
                                                                                            Estimates: {rows: 73049 (13.38MB), cpu: 248454.00, memory: 0.00, network: 0.00}/{rows: 730 (136.97kB), cpu: 496908.00, memory: 0.00, network: 0.00}/{rows: 730 (136.97kB), cpu: 505226.30, memory: 0.00, network: 0.00}
                                                                                            $hashvalue_1390 := combine_hash(BIGINT'0', COALESCE($operator$hash_code(d_date_sk_948), BIGINT'0')) (31:28)
                                                                                            d_year_954 := 7:d_year:integer (31:28)
                                                                                            d_date_sk_948 := 1:d_date_sk:integer (31:28)
                                                                - Aggregate(PARTIAL) => [avg_1260:varbinary]
                                                                        avg_1260 := ""presto.default.avg""((multiply_1247)) (29:10)
                                                                    - Project[projectLocality = LOCAL] => [multiply_1247:decimal(17,2)]
                                                                            Estimates: {rows: ? (?), cpu: ?, memory: 16636.60, network: 16636.60}
                                                                            multiply_1247 := (CAST(cs_quantity_997 AS decimal(10,0))) * (cs_list_price_999) (30:17)
                                                                        - InnerJoin[(""cs_sold_date_sk_1013"" = ""d_date_sk_1014"")][$hashvalue_1391, $hashvalue_1392] => [cs_quantity_997:integer, cs_list_price_999:decimal(7,2)]
                                                                                Estimates: {rows: ? (?), cpu: ?, memory: 16636.60, network: 16636.60}
                                                                                Distribution: REPLICATED
                                                                            - ScanProject[table = TableHandle {connectorId='iceberg', connectorHandle='tpcds_sf1_iceberg.catalog_sales$data@Optional[7343679521195877483]', layout='Optional[tpcds_sf1_iceberg.catalog_sales$data@Optional[7343679521195877483]]'}, projectLocality = LOCAL] => [cs_quantity_997:integer, cs_list_price_999:decimal(7,2), cs_sold_date_sk_1013:integer, $hashvalue_1391:bigint]
                                                                                    Estimates: {rows: 1432680 (262.33MB), cpu: 9944566.00, memory: 0.00, network: 0.00}/{rows: 1432680 (262.33MB), cpu: 32783252.00, memory: 0.00, network: 0.00}
                                                                                    $hashvalue_1391 := combine_hash(BIGINT'0', COALESCE($operator$hash_code(cs_sold_date_sk_1013), BIGINT'0')) (35:16)
                                                                                    cs_sold_date_sk_1013 := 34:cs_sold_date_sk:integer (35:15)
                                                                                    cs_quantity_997 := 18:cs_quantity:integer (35:15)
                                                                                    cs_list_price_999 := 20:cs_list_price:decimal(7,2) (35:15)
                                                                            - LocalExchange[HASH][$hashvalue_1392] (d_date_sk_1014) => [d_date_sk_1014:integer, $hashvalue_1392:bigint]
                                                                                    Estimates: {rows: 730 (136.97kB), cpu: 513544.60, memory: 0.00, network: 16636.60}
                                                                                - RemoteStreamingExchange[REPLICATE] => [d_date_sk_1014:integer, $hashvalue_1393:bigint]
                                                                                        Estimates: {rows: 730 (136.97kB), cpu: 505226.30, memory: 0.00, network: 16636.60}
                                                                                    - ScanFilterProject[table = TableHandle {connectorId='iceberg', connectorHandle='tpcds_sf1_iceberg.date_dim$data@Optional[1154205875244276767]', layout='Optional[tpcds_sf1_iceberg.date_dim$data@Optional[1154205875244276767]]'}, filterPredicate = d_year_1020 BETWEEN (INTEGER'1999') AND (INTEGER'2001'), projectLocality = LOCAL] => [d_date_sk_1014:integer, $hashvalue_1394:bigint]
                                                                                            Estimates: {rows: 73049 (13.38MB), cpu: 248454.00, memory: 0.00, network: 0.00}/{rows: 730 (136.97kB), cpu: 496908.00, memory: 0.00, network: 0.00}/{rows: 730 (136.97kB), cpu: 505226.30, memory: 0.00, network: 0.00}
                                                                                            $hashvalue_1394 := combine_hash(BIGINT'0', COALESCE($operator$hash_code(d_date_sk_1014), BIGINT'0')) (35:30)
                                                                                            d_year_1020 := 7:d_year:integer (35:30)
                                                                                            d_date_sk_1014 := 1:d_date_sk:integer (35:30)
                                                                - Aggregate(PARTIAL) => [avg_1260:varbinary]
                                                                        avg_1260 := ""presto.default.avg""((multiply_1248)) (29:10)
                                                                    - Project[projectLocality = LOCAL] => [multiply_1248:decimal(17,2)]
                                                                            Estimates: {rows: ? (?), cpu: ?, memory: 16636.60, network: 16636.60}
                                                                            multiply_1248 := (CAST(ws_quantity_1065 AS decimal(10,0))) * (ws_list_price_1067) (30:17)
                                                                        - InnerJoin[(""ws_sold_date_sk_1081"" = ""d_date_sk_1082"")][$hashvalue_1395, $hashvalue_1396] => [ws_quantity_1065:integer, ws_list_price_1067:decimal(7,2)]
                                                                                Estimates: {rows: ? (?), cpu: ?, memory: 16636.60, network: 16636.60}
                                                                                Distribution: REPLICATED
                                                                            - ScanProject[table = TableHandle {connectorId='iceberg', connectorHandle='tpcds_sf1_iceberg.web_sales$data@Optional[7618567712963574495]', layout='Optional[tpcds_sf1_iceberg.web_sales$data@Optional[7618567712963574495]]'}, projectLocality = LOCAL] => [ws_quantity_1065:integer, ws_list_price_1067:decimal(7,2), ws_sold_date_sk_1081:integer, $hashvalue_1395:bigint]
                                                                                    Estimates: {rows: 718760 (131.61MB), cpu: 5305810.00, memory: 0.00, network: 0.00}/{rows: 718760 (131.61MB), cpu: 17080460.00, memory: 0.00, network: 0.00}
                                                                                    $hashvalue_1395 := combine_hash(BIGINT'0', COALESCE($operator$hash_code(ws_sold_date_sk_1081), BIGINT'0')) (39:16)
                                                                                    ws_list_price_1067 := 20:ws_list_price:decimal(7,2) (39:15)
                                                                                    ws_sold_date_sk_1081 := 34:ws_sold_date_sk:integer (39:15)
                                                                                    ws_quantity_1065 := 18:ws_quantity:integer (39:15)
                                                                            - LocalExchange[HASH][$hashvalue_1396] (d_date_sk_1082) => [d_date_sk_1082:integer, $hashvalue_1396:bigint]
                                                                                    Estimates: {rows: 730 (136.97kB), cpu: 513544.60, memory: 0.00, network: 16636.60}
                                                                                - RemoteStreamingExchange[REPLICATE] => [d_date_sk_1082:integer, $hashvalue_1397:bigint]
                                                                                        Estimates: {rows: 730 (136.97kB), cpu: 505226.30, memory: 0.00, network: 16636.60}
                                                                                    - ScanFilterProject[table = TableHandle {connectorId='iceberg', connectorHandle='tpcds_sf1_iceberg.date_dim$data@Optional[1154205875244276767]', layout='Optional[tpcds_sf1_iceberg.date_dim$data@Optional[1154205875244276767]]'}, filterPredicate = d_year_1088 BETWEEN (INTEGER'1999') AND (INTEGER'2001'), projectLocality = LOCAL] => [d_date_sk_1082:integer, $hashvalue_1398:bigint]
                                                                                            Estimates: {rows: 73049 (13.38MB), cpu: 248454.00, memory: 0.00, network: 0.00}/{rows: 730 (136.97kB), cpu: 496908.00, memory: 0.00, network: 0.00}/{rows: 730 (136.97kB), cpu: 505226.30, memory: 0.00, network: 0.00}
                                                                                            $hashvalue_1398 := combine_hash(BIGINT'0', COALESCE($operator$hash_code(d_date_sk_1082), BIGINT'0')) (39:26)
                                                                                            d_date_sk_1082 := 1:d_date_sk:integer (39:26)
                                                                                            d_year_1088 := 7:d_year:integer (39:26)
"
