"- Output[channel, id, sales, returns, profit] => [channel$gid:varchar(15), id$gid:varchar, sum_288:decimal(38,2), sum_289:decimal(38,2), sum_290:decimal(38,2)]
        channel := channel$gid (55:9)
        id := id$gid (55:18)
        sales := sum_288 (55:22)
        returns := sum_289 (55:43)
        profit := sum_290 (55:68)
    - TopN[100 by (channel$gid ASC_NULLS_LAST, id$gid ASC_NULLS_LAST)] => [channel$gid:varchar(15), id$gid:varchar, sum_288:decimal(38,2), sum_289:decimal(38,2), sum_290:decimal(38,2)]
        - LocalExchange[SINGLE] () => [channel$gid:varchar(15), id$gid:varchar, sum_288:decimal(38,2), sum_289:decimal(38,2), sum_290:decimal(38,2)]
            - RemoteStreamingExchange[GATHER] => [channel$gid:varchar(15), id$gid:varchar, sum_288:decimal(38,2), sum_289:decimal(38,2), sum_290:decimal(38,2)]
                - TopNPartial[100 by (channel$gid ASC_NULLS_LAST, id$gid ASC_NULLS_LAST)] => [channel$gid:varchar(15), id$gid:varchar, sum_288:decimal(38,2), sum_289:decimal(38,2), sum_290:decimal(38,2)]
                    - Project[projectLocality = LOCAL] => [channel$gid:varchar(15), id$gid:varchar, sum_288:decimal(38,2), sum_289:decimal(38,2), sum_290:decimal(38,2)]
                        - Aggregate(FINAL)[channel$gid, id$gid, groupid][$hashvalue] => [channel$gid:varchar(15), id$gid:varchar, groupid:bigint, $hashvalue:bigint, sum_289:decimal(38,2), sum_288:decimal(38,2), sum_290:decimal(38,2)]
                                sum_289 := ""presto.default.sum""((sum_311)) (55:43)
                                sum_288 := ""presto.default.sum""((sum_310)) (55:22)
                                sum_290 := ""presto.default.sum""((sum_312)) (55:68)
                            - LocalExchange[HASH][$hashvalue] (channel$gid, id$gid, groupid) => [channel$gid:varchar(15), id$gid:varchar, groupid:bigint, sum_310:varbinary, sum_311:varbinary, sum_312:varbinary, $hashvalue:bigint]
                                - RemoteStreamingExchange[REPARTITION][$hashvalue_322] => [channel$gid:varchar(15), id$gid:varchar, groupid:bigint, sum_310:varbinary, sum_311:varbinary, sum_312:varbinary, $hashvalue_322:bigint]
                                    - Aggregate(PARTIAL)[channel$gid, id$gid, groupid][$hashvalue_392] => [channel$gid:varchar(15), id$gid:varchar, groupid:bigint, $hashvalue_392:bigint, sum_310:varbinary, sum_311:varbinary, sum_312:varbinary]
                                            sum_310 := ""presto.default.sum""((sales_272)) (55:22)
                                            sum_311 := ""presto.default.sum""((returns_273)) (55:43)
                                            sum_312 := ""presto.default.sum""((profit_274)) (55:68)
                                        - Project[projectLocality = LOCAL] => [id$gid:varchar, channel$gid:varchar(15), sales_272:decimal(38,2), returns_273:decimal(38,2), profit_274:decimal(38,2), groupid:bigint, $hashvalue_392:bigint]
                                                $hashvalue_392 := combine_hash(combine_hash(combine_hash(BIGINT'0', COALESCE($operator$hash_code(channel$gid), BIGINT'0')), COALESCE($operator$hash_code(id$gid), BIGINT'0')), COALESCE($operator$hash_code(groupid), BIGINT'0')) (68:19)
                                            - GroupId[[], [expr_270], [expr_270, concat_271]] => [id$gid:varchar, channel$gid:varchar(15), sales_272:decimal(38,2), returns_273:decimal(38,2), profit_274:decimal(38,2), groupid:bigint]
                                                    id$gid := concat_271 (68:28)
                                                    channel$gid := expr_270 (68:19)
                                                - LocalExchange[ROUND_ROBIN] () => [expr_270:varchar(15), concat_271:varchar, sales_272:decimal(38,2), returns_273:decimal(38,2), profit_274:decimal(38,2)]
                                                    - Project[projectLocality = LOCAL] => [sum:decimal(38,2), expr_35:varchar(15), sum_7:decimal(38,2), sum_8:decimal(38,2), concat:varchar]
                                                            expr_35 := VARCHAR'store channel' (57:10)
                                                            concat := concat(VARCHAR'store', s_store_id) (5:12)
                                                        - Aggregate(FINAL)[s_store_id][$hashvalue_323] => [s_store_id:varchar, $hashvalue_323:bigint, sum:decimal(38,2), sum_7:decimal(38,2), sum_8:decimal(38,2)]
                                                                sum := ""presto.default.sum""((sum_313)) (6:11)
                                                                sum_7 := ""presto.default.sum""((sum_314)) (7:11)
                                                                sum_8 := ""presto.default.sum""((sum_315)) (8:11)
                                                            - LocalExchange[HASH][$hashvalue_323] (s_store_id) => [s_store_id:varchar, sum_313:varbinary, sum_314:varbinary, sum_315:varbinary, $hashvalue_323:bigint]
                                                                - RemoteStreamingExchange[REPARTITION][$hashvalue_324] => [s_store_id:varchar, sum_313:varbinary, sum_314:varbinary, sum_315:varbinary, $hashvalue_324:bigint]
                                                                    - Aggregate(PARTIAL)[s_store_id][$hashvalue_345] => [s_store_id:varchar, $hashvalue_345:bigint, sum_313:varbinary, sum_314:varbinary, sum_315:varbinary]
                                                                            sum_313 := ""presto.default.sum""((ss_ext_sales_price)) (6:11)
                                                                            sum_314 := ""presto.default.sum""((expr)) (7:11)
                                                                            sum_315 := ""presto.default.sum""((expr_6)) (8:11)
                                                                        - Project[projectLocality = LOCAL] => [s_store_id:varchar, ss_ext_sales_price:decimal(7,2), expr:decimal(12,2), expr_6:decimal(13,2), $hashvalue_345:bigint]
                                                                                Estimates: {rows: ? (?), cpu: ?, memory: 15129821.65, network: 15129821.65}
                                                                                expr := COALESCE(CAST(sr_return_amt AS decimal(12,2)), DECIMAL'0.00') (9:37)
                                                                                expr_6 := (ss_net_profit) - (COALESCE(CAST(sr_net_loss AS decimal(12,2)), DECIMAL'0.00')) (9:9)
                                                                                $hashvalue_345 := combine_hash(BIGINT'0', COALESCE($operator$hash_code(s_store_id), BIGINT'0')) (11:17)
                                                                            - InnerJoin[(""ss_promo_sk"" = ""p_promo_sk"")][$hashvalue_341, $hashvalue_342] => [ss_ext_sales_price:decimal(7,2), ss_net_profit:decimal(7,2), sr_return_amt:decimal(7,2), sr_net_loss:decimal(7,2), s_store_id:varchar]
                                                                                    Estimates: {rows: ? (?), cpu: ?, memory: 15129821.65, network: 15129821.65}
                                                                                    Distribution: REPLICATED
                                                                                - Project[projectLocality = LOCAL] => [ss_promo_sk:integer, ss_ext_sales_price:decimal(7,2), ss_net_profit:decimal(7,2), sr_return_amt:decimal(7,2), sr_net_loss:decimal(7,2), s_store_id:varchar, $hashvalue_341:bigint]
                                                                                        Estimates: {rows: ? (?), cpu: ?, memory: 15126329.92, network: 15126329.92}
                                                                                        $hashvalue_341 := combine_hash(BIGINT'0', COALESCE($operator$hash_code(ss_promo_sk), BIGINT'0')) (9:9)
                                                                                    - InnerJoin[(""ss_item_sk"" = ""i_item_sk"")][$hashvalue_337, $hashvalue_338] => [ss_promo_sk:integer, ss_ext_sales_price:decimal(7,2), ss_net_profit:decimal(7,2), sr_return_amt:decimal(7,2), sr_net_loss:decimal(7,2), s_store_id:varchar]
                                                                                            Estimates: {rows: ? (?), cpu: ?, memory: 15126329.92, network: 15126329.92}
                                                                                            Distribution: REPLICATED
                                                                                        - Project[projectLocality = LOCAL] => [ss_item_sk:integer, ss_promo_sk:integer, ss_ext_sales_price:decimal(7,2), ss_net_profit:decimal(7,2), sr_return_amt:decimal(7,2), sr_net_loss:decimal(7,2), s_store_id:varchar, $hashvalue_337:bigint]
                                                                                                Estimates: {rows: ? (?), cpu: ?, memory: 14921763.25, network: 14921763.25}
                                                                                                $hashvalue_337 := combine_hash(BIGINT'0', COALESCE($operator$hash_code(ss_item_sk), BIGINT'0')) (9:9)
                                                                                            - InnerJoin[(""ss_store_sk"" = ""s_store_sk"")][$hashvalue_333, $hashvalue_334] => [ss_item_sk:integer, ss_promo_sk:integer, ss_ext_sales_price:decimal(7,2), ss_net_profit:decimal(7,2), sr_return_amt:decimal(7,2), sr_net_loss:decimal(7,2), s_store_id:varchar]
                                                                                                    Estimates: {rows: ? (?), cpu: ?, memory: 14921763.25, network: 14921763.25}
                                                                                                    Distribution: REPLICATED
                                                                                                - Project[projectLocality = LOCAL] => [ss_item_sk:integer, ss_store_sk:integer, ss_promo_sk:integer, ss_ext_sales_price:decimal(7,2), ss_net_profit:decimal(7,2), sr_return_amt:decimal(7,2), sr_net_loss:decimal(7,2), $hashvalue_333:bigint]
                                                                                                        Estimates: {rows: ? (?), cpu: ?, memory: 14921011.25, network: 14921011.25}
                                                                                                        $hashvalue_333 := combine_hash(BIGINT'0', COALESCE($operator$hash_code(ss_store_sk), BIGINT'0')) (9:9)
                                                                                                    - InnerJoin[(""ss_sold_date_sk"" = ""d_date_sk"")][$hashvalue_329, $hashvalue_330] => [ss_item_sk:integer, ss_store_sk:integer, ss_promo_sk:integer, ss_ext_sales_price:decimal(7,2), ss_net_profit:decimal(7,2), sr_return_amt:decimal(7,2), sr_net_loss:decimal(7,2)]
                                                                                                            Estimates: {rows: ? (?), cpu: ?, memory: 14921011.25, network: 14921011.25}
                                                                                                            Distribution: REPLICATED
                                                                                                        - Project[projectLocality = LOCAL] => [ss_item_sk:integer, ss_store_sk:integer, ss_promo_sk:integer, ss_ext_sales_price:decimal(7,2), ss_net_profit:decimal(7,2), ss_sold_date_sk:integer, sr_return_amt:decimal(7,2), sr_net_loss:decimal(7,2), $hashvalue_329:bigint]
                                                                                                                Estimates: {rows: ? (?), cpu: ?, memory: 14920328.00, network: 14920328.00}
                                                                                                                $hashvalue_329 := combine_hash(BIGINT'0', COALESCE($operator$hash_code(ss_sold_date_sk), BIGINT'0')) (9:9)
                                                                                                            - LeftJoin[(""ss_item_sk"" = ""sr_item_sk"") AND (""ss_ticket_number"" = ""sr_ticket_number"")][$hashvalue_325, $hashvalue_326] => [ss_item_sk:integer, ss_store_sk:integer, ss_promo_sk:integer, ss_ext_sales_price:decimal(7,2), ss_net_profit:decimal(7,2), ss_sold_date_sk:integer, sr_return_amt:decimal(7,2), sr_net_loss:decimal(7,2)]
                                                                                                                    Estimates: {rows: ? (?), cpu: ?, memory: 14920328.00, network: 14920328.00}
                                                                                                                    Distribution: REPLICATED
                                                                                                                - ScanProject[table = TableHandle {connectorId='iceberg', connectorHandle='tpcds_sf1_iceberg.store_sales$data@Optional[6526568472398842660]', layout='Optional[tpcds_sf1_iceberg.store_sales$data@Optional[6526568472398842660]]'}, projectLocality = LOCAL] => [ss_item_sk:integer, ss_store_sk:integer, ss_promo_sk:integer, ss_ticket_number:bigint, ss_ext_sales_price:decimal(7,2), ss_net_profit:decimal(7,2), ss_sold_date_sk:integer, $hashvalue_325:bigint]
                                                                                                                        Estimates: {rows: 2750838 (422.37MB), cpu: 49359957.00, memory: 0.00, network: 0.00}/{rows: 2750838 (422.37MB), cpu: 123477456.00, memory: 0.00, network: 0.00}
                                                                                                                        $hashvalue_325 := combine_hash(combine_hash(BIGINT'0', COALESCE($operator$hash_code(ss_item_sk), BIGINT'0')), COALESCE($operator$hash_code(ss_ticket_number), BIGINT'0')) (10:11)
                                                                                                                        ss_sold_date_sk := 23:ss_sold_date_sk:integer (9:8)
                                                                                                                        ss_promo_sk := 8:ss_promo_sk:integer (9:8)
                                                                                                                        ss_ext_sales_price := 15:ss_ext_sales_price:decimal(7,2) (9:8)
                                                                                                                        ss_ticket_number := 9:ss_ticket_number:bigint (9:8)
                                                                                                                        ss_store_sk := 7:ss_store_sk:integer (9:8)
                                                                                                                        ss_item_sk := 2:ss_item_sk:integer (9:8)
                                                                                                                        ss_net_profit := 22:ss_net_profit:decimal(7,2) (9:8)
                                                                                                                - LocalExchange[HASH][$hashvalue_326] (sr_item_sk, sr_ticket_number) => [sr_item_sk:integer, sr_ticket_number:bigint, sr_return_amt:decimal(7,2), sr_net_loss:decimal(7,2), $hashvalue_326:bigint]
                                                                                                                        Estimates: {rows: 278201 (42.72MB), cpu: 19876683.00, memory: 0.00, network: 14920328.00}
                                                                                                                    - RemoteStreamingExchange[REPLICATE] => [sr_item_sk:integer, sr_ticket_number:bigint, sr_return_amt:decimal(7,2), sr_net_loss:decimal(7,2), $hashvalue_327:bigint]
                                                                                                                            Estimates: {rows: 278201 (42.72MB), cpu: 12416519.00, memory: 0.00, network: 14920328.00}
                                                                                                                        - ScanProject[table = TableHandle {connectorId='iceberg', connectorHandle='tpcds_sf1_iceberg.store_returns$data@Optional[730940709024989749]', layout='Optional[tpcds_sf1_iceberg.store_returns$data@Optional[730940709024989749]]'}, projectLocality = LOCAL] => [sr_item_sk:integer, sr_ticket_number:bigint, sr_return_amt:decimal(7,2), sr_net_loss:decimal(7,2), $hashvalue_328:bigint]
                                                                                                                                Estimates: {rows: 278201 (42.72MB), cpu: 4956355.00, memory: 0.00, network: 0.00}/{rows: 278201 (42.72MB), cpu: 12416519.00, memory: 0.00, network: 0.00}
                                                                                                                                $hashvalue_328 := combine_hash(combine_hash(BIGINT'0', COALESCE($operator$hash_code(sr_item_sk), BIGINT'0')), COALESCE($operator$hash_code(sr_ticket_number), BIGINT'0')) (9:36)
                                                                                                                                sr_return_amt := 11:sr_return_amt:decimal(7,2) (9:36)
                                                                                                                                sr_ticket_number := 9:sr_ticket_number:bigint (9:36)
                                                                                                                                sr_net_loss := 19:sr_net_loss:decimal(7,2) (9:36)
                                                                                                                                sr_item_sk := 2:sr_item_sk:integer (9:36)
                                                                                                        - LocalExchange[HASH][$hashvalue_330] (d_date_sk) => [d_date_sk:integer, $hashvalue_330:bigint]
                                                                                                                Estimates: {rows: 30 (4.72kB), cpu: 698401.25, memory: 0.00, network: 683.25}
                                                                                                            - RemoteStreamingExchange[REPLICATE] => [d_date_sk:integer, $hashvalue_331:bigint]
                                                                                                                    Estimates: {rows: 30 (4.72kB), cpu: 698059.62, memory: 0.00, network: 683.25}
                                                                                                                - ScanFilterProject[table = TableHandle {connectorId='iceberg', connectorHandle='tpcds_sf1_iceberg.date_dim$data@Optional[1154205875244276767]', layout='Optional[tpcds_sf1_iceberg.date_dim$data@Optional[1154205875244276767]]'}, filterPredicate = d_date BETWEEN (DATE'2000-08-23') AND (DATE'2000-09-22'), projectLocality = LOCAL] => [d_date_sk:integer, $hashvalue_332:bigint]
                                                                                                                        Estimates: {rows: 73049 (11.22MB), cpu: 348859.00, memory: 0.00, network: 0.00}/{rows: 30 (4.72kB), cpu: 697718.00, memory: 0.00, network: 0.00}/{rows: 30 (4.72kB), cpu: 698059.62, memory: 0.00, network: 0.00}
                                                                                                                        $hashvalue_332 := combine_hash(BIGINT'0', COALESCE($operator$hash_code(d_date_sk), BIGINT'0')) (11:6)
                                                                                                                        d_date_sk := 1:d_date_sk:integer (11:6)
                                                                                                                        d_date := 3:d_date:date (11:6)
                                                                                                - LocalExchange[HASH][$hashvalue_334] (s_store_sk) => [s_store_sk:integer, s_store_id:varchar, $hashvalue_334:bigint]
                                                                                                        Estimates: {rows: 12 (1.89kB), cpu: 1020.00, memory: 0.00, network: 752.00}
                                                                                                    - RemoteStreamingExchange[REPLICATE] => [s_store_sk:integer, s_store_id:varchar, $hashvalue_335:bigint]
                                                                                                            Estimates: {rows: 12 (1.89kB), cpu: 644.00, memory: 0.00, network: 752.00}
                                                                                                        - ScanProject[table = TableHandle {connectorId='iceberg', connectorHandle='tpcds_sf1_iceberg.store$data@Optional[7359973075065441165]', layout='Optional[tpcds_sf1_iceberg.store$data@Optional[7359973075065441165]]'}, projectLocality = LOCAL] => [s_store_sk:integer, s_store_id:varchar, $hashvalue_336:bigint]
                                                                                                                Estimates: {rows: 12 (1.89kB), cpu: 268.00, memory: 0.00, network: 0.00}/{rows: 12 (1.89kB), cpu: 644.00, memory: 0.00, network: 0.00}
                                                                                                                $hashvalue_336 := combine_hash(BIGINT'0', COALESCE($operator$hash_code(s_store_sk), BIGINT'0')) (11:16)
                                                                                                                s_store_id := 2:s_store_id:varchar (11:16)
                                                                                                                s_store_sk := 1:s_store_sk:integer (11:16)
                                                                                        - LocalExchange[HASH][$hashvalue_338] (i_item_sk) => [i_item_sk:integer, $hashvalue_338:bigint]
                                                                                                Estimates: {rows: 8980 (1.38MB), cpu: 391534.67, memory: 0.00, network: 204566.67}
                                                                                            - RemoteStreamingExchange[REPLICATE] => [i_item_sk:integer, $hashvalue_339:bigint]
                                                                                                    Estimates: {rows: 8980 (1.38MB), cpu: 289251.33, memory: 0.00, network: 204566.67}
                                                                                                - ScanFilterProject[table = TableHandle {connectorId='iceberg', connectorHandle='tpcds_sf1_iceberg.item$data@Optional[8481639847816879046]', layout='Optional[tpcds_sf1_iceberg.item$data@Optional[8481639847816879046]]'}, filterPredicate = (i_current_price) > (DECIMAL'50.00'), projectLocality = LOCAL] => [i_item_sk:integer, $hashvalue_340:bigint]
                                                                                                        Estimates: {rows: 18000 (2.76MB), cpu: 93484.00, memory: 0.00, network: 0.00}/{rows: 8980 (1.38MB), cpu: 186968.00, memory: 0.00, network: 0.00}/{rows: 8980 (1.38MB), cpu: 289251.33, memory: 0.00, network: 0.00}
                                                                                                        $hashvalue_340 := combine_hash(BIGINT'0', COALESCE($operator$hash_code(i_item_sk), BIGINT'0')) (11:23)
                                                                                                        i_item_sk := 1:i_item_sk:integer (11:23)
                                                                                                        i_current_price := 6:i_current_price:decimal(7,2) (11:23)
                                                                                - LocalExchange[HASH][$hashvalue_342] (p_promo_sk) => [p_promo_sk:integer, $hashvalue_342:bigint]
                                                                                        Estimates: {rows: 149 (23.35kB), cpu: 8359.73, memory: 0.00, network: 3491.73}
                                                                                    - RemoteStreamingExchange[REPLICATE] => [p_promo_sk:integer, $hashvalue_343:bigint]
                                                                                            Estimates: {rows: 149 (23.35kB), cpu: 6613.87, memory: 0.00, network: 3491.73}
                                                                                        - ScanFilterProject[table = TableHandle {connectorId='iceberg', connectorHandle='tpcds_sf1_iceberg.promotion$data@Optional[1256690337524469734]', layout='Optional[tpcds_sf1_iceberg.promotion$data@Optional[1256690337524469734]]'}, filterPredicate = (p_channel_tv) = (VARCHAR'N'), projectLocality = LOCAL] => [p_promo_sk:integer, $hashvalue_344:bigint]
                                                                                                Estimates: {rows: 300 (47.17kB), cpu: 2434.00, memory: 0.00, network: 0.00}/{rows: 149 (23.35kB), cpu: 4868.00, memory: 0.00, network: 0.00}/{rows: 149 (23.35kB), cpu: 6613.87, memory: 0.00, network: 0.00}
                                                                                                $hashvalue_344 := combine_hash(BIGINT'0', COALESCE($operator$hash_code(p_promo_sk), BIGINT'0')) (11:29)
                                                                                                p_channel_tv := 12:p_channel_tv:varchar (11:29)
                                                                                                p_promo_sk := 1:p_promo_sk:integer (11:29)
                                                    - Project[projectLocality = LOCAL] => [expr_140:varchar(15), concat_141:varchar, sum_117:decimal(38,2), sum_118:decimal(38,2), sum_119:decimal(38,2)]
                                                            expr_140 := VARCHAR'catalog channel'
                                                            concat_141 := concat(VARCHAR'catalog_page', cp_catalog_page_id) (22:12)
                                                        - Aggregate(FINAL)[cp_catalog_page_id][$hashvalue_346] => [cp_catalog_page_id:varchar, $hashvalue_346:bigint, sum_119:decimal(38,2), sum_118:decimal(38,2), sum_117:decimal(38,2)]
                                                                sum_119 := ""presto.default.sum""((sum_318)) (25:11)
                                                                sum_118 := ""presto.default.sum""((sum_317)) (24:11)
                                                                sum_117 := ""presto.default.sum""((sum_316)) (23:11)
                                                            - LocalExchange[HASH][$hashvalue_346] (cp_catalog_page_id) => [cp_catalog_page_id:varchar, sum_316:varbinary, sum_317:varbinary, sum_318:varbinary, $hashvalue_346:bigint]
                                                                - RemoteStreamingExchange[REPARTITION][$hashvalue_347] => [cp_catalog_page_id:varchar, sum_316:varbinary, sum_317:varbinary, sum_318:varbinary, $hashvalue_347:bigint]
                                                                    - Aggregate(PARTIAL)[cp_catalog_page_id][$hashvalue_368] => [cp_catalog_page_id:varchar, $hashvalue_368:bigint, sum_316:varbinary, sum_317:varbinary, sum_318:varbinary]
                                                                            sum_316 := ""presto.default.sum""((cs_ext_sales_price)) (23:11)
                                                                            sum_317 := ""presto.default.sum""((expr_115)) (24:11)
                                                                            sum_318 := ""presto.default.sum""((expr_116)) (25:11)
                                                                        - Project[projectLocality = LOCAL] => [cp_catalog_page_id:varchar, cs_ext_sales_price:decimal(7,2), expr_115:decimal(12,2), expr_116:decimal(13,2), $hashvalue_368:bigint]
                                                                                Estimates: {rows: ? (?), cpu: ?, memory: 8939207.65, network: 8939207.65}
                                                                                expr_115 := COALESCE(CAST(cr_return_amount AS decimal(12,2)), DECIMAL'0.00') (26:39)
                                                                                expr_116 := (cs_net_profit) - (COALESCE(CAST(cr_net_loss AS decimal(12,2)), DECIMAL'0.00')) (26:9)
                                                                                $hashvalue_368 := combine_hash(BIGINT'0', COALESCE($operator$hash_code(cp_catalog_page_id), BIGINT'0')) (28:17)
                                                                            - InnerJoin[(""cs_promo_sk"" = ""p_promo_sk_94"")][$hashvalue_364, $hashvalue_365] => [cs_ext_sales_price:decimal(7,2), cs_net_profit:decimal(7,2), cr_return_amount:decimal(7,2), cr_net_loss:decimal(7,2), cp_catalog_page_id:varchar]
                                                                                    Estimates: {rows: ? (?), cpu: ?, memory: 8939207.65, network: 8939207.65}
                                                                                    Distribution: REPLICATED
                                                                                - Project[projectLocality = LOCAL] => [cs_promo_sk:integer, cs_ext_sales_price:decimal(7,2), cs_net_profit:decimal(7,2), cr_return_amount:decimal(7,2), cr_net_loss:decimal(7,2), cp_catalog_page_id:varchar, $hashvalue_364:bigint]
                                                                                        Estimates: {rows: ? (?), cpu: ?, memory: 8935715.92, network: 8935715.92}
                                                                                        $hashvalue_364 := combine_hash(BIGINT'0', COALESCE($operator$hash_code(cs_promo_sk), BIGINT'0')) (26:9)
                                                                                    - InnerJoin[(""cs_item_sk"" = ""i_item_sk_72"")][$hashvalue_360, $hashvalue_361] => [cs_promo_sk:integer, cs_ext_sales_price:decimal(7,2), cs_net_profit:decimal(7,2), cr_return_amount:decimal(7,2), cr_net_loss:decimal(7,2), cp_catalog_page_id:varchar]
                                                                                            Estimates: {rows: ? (?), cpu: ?, memory: 8935715.92, network: 8935715.92}
                                                                                            Distribution: REPLICATED
                                                                                        - Project[projectLocality = LOCAL] => [cs_item_sk:integer, cs_promo_sk:integer, cs_ext_sales_price:decimal(7,2), cs_net_profit:decimal(7,2), cr_return_amount:decimal(7,2), cr_net_loss:decimal(7,2), cp_catalog_page_id:varchar, $hashvalue_360:bigint]
                                                                                                Estimates: {rows: ? (?), cpu: ?, memory: 8731149.25, network: 8731149.25}
                                                                                                $hashvalue_360 := combine_hash(BIGINT'0', COALESCE($operator$hash_code(cs_item_sk), BIGINT'0')) (26:9)
                                                                                            - InnerJoin[(""cs_catalog_page_sk"" = ""cp_catalog_page_sk"")][$hashvalue_356, $hashvalue_357] => [cs_item_sk:integer, cs_promo_sk:integer, cs_ext_sales_price:decimal(7,2), cs_net_profit:decimal(7,2), cr_return_amount:decimal(7,2), cr_net_loss:decimal(7,2), cp_catalog_page_id:varchar]
                                                                                                    Estimates: {rows: ? (?), cpu: ?, memory: 8731149.25, network: 8731149.25}
                                                                                                    Distribution: REPLICATED
                                                                                                - Project[projectLocality = LOCAL] => [cs_catalog_page_sk:integer, cs_item_sk:integer, cs_promo_sk:integer, cs_ext_sales_price:decimal(7,2), cs_net_profit:decimal(7,2), cr_return_amount:decimal(7,2), cr_net_loss:decimal(7,2), $hashvalue_356:bigint]
                                                                                                        Estimates: {rows: ? (?), cpu: ?, memory: 8307465.25, network: 8307465.25}
                                                                                                        $hashvalue_356 := combine_hash(BIGINT'0', COALESCE($operator$hash_code(cs_catalog_page_sk), BIGINT'0')) (26:9)
                                                                                                    - InnerJoin[(""cs_sold_date_sk"" = ""d_date_sk_44"")][$hashvalue_352, $hashvalue_353] => [cs_catalog_page_sk:integer, cs_item_sk:integer, cs_promo_sk:integer, cs_ext_sales_price:decimal(7,2), cs_net_profit:decimal(7,2), cr_return_amount:decimal(7,2), cr_net_loss:decimal(7,2)]
                                                                                                            Estimates: {rows: ? (?), cpu: ?, memory: 8307465.25, network: 8307465.25}
                                                                                                            Distribution: REPLICATED
                                                                                                        - Project[projectLocality = LOCAL] => [cs_catalog_page_sk:integer, cs_item_sk:integer, cs_promo_sk:integer, cs_ext_sales_price:decimal(7,2), cs_net_profit:decimal(7,2), cs_sold_date_sk:integer, cr_return_amount:decimal(7,2), cr_net_loss:decimal(7,2), $hashvalue_352:bigint]
                                                                                                                Estimates: {rows: ? (?), cpu: ?, memory: 8306782.00, network: 8306782.00}
                                                                                                                $hashvalue_352 := combine_hash(BIGINT'0', COALESCE($operator$hash_code(cs_sold_date_sk), BIGINT'0')) (26:9)
                                                                                                            - LeftJoin[(""cs_item_sk"" = ""cr_item_sk"") AND (""cs_order_number"" = ""cr_order_number"")][$hashvalue_348, $hashvalue_349] => [cs_catalog_page_sk:integer, cs_item_sk:integer, cs_promo_sk:integer, cs_ext_sales_price:decimal(7,2), cs_net_profit:decimal(7,2), cs_sold_date_sk:integer, cr_return_amount:decimal(7,2), cr_net_loss:decimal(7,2)]
                                                                                                                    Estimates: {rows: ? (?), cpu: ?, memory: 8306782.00, network: 8306782.00}
                                                                                                                    Distribution: REPLICATED
                                                                                                                - ScanProject[table = TableHandle {connectorId='iceberg', connectorHandle='tpcds_sf1_iceberg.catalog_sales$data@Optional[7343679521195877483]', layout='Optional[tpcds_sf1_iceberg.catalog_sales$data@Optional[7343679521195877483]]'}, projectLocality = LOCAL] => [cs_catalog_page_sk:integer, cs_item_sk:integer, cs_promo_sk:integer, cs_order_number:bigint, cs_ext_sales_price:decimal(7,2), cs_net_profit:decimal(7,2), cs_sold_date_sk:integer, $hashvalue_348:bigint]
                                                                                                                        Estimates: {rows: 1432680 (219.98MB), cpu: 29182301.00, memory: 0.00, network: 0.00}/{rows: 1432680 (219.98MB), cpu: 71258722.00, memory: 0.00, network: 0.00}
                                                                                                                        $hashvalue_348 := combine_hash(combine_hash(BIGINT'0', COALESCE($operator$hash_code(cs_item_sk), BIGINT'0')), COALESCE($operator$hash_code(cs_order_number), BIGINT'0')) (27:11)
                                                                                                                        cs_catalog_page_sk := 12:cs_catalog_page_sk:integer (26:8)
                                                                                                                        cs_ext_sales_price := 23:cs_ext_sales_price:decimal(7,2) (26:8)
                                                                                                                        cs_net_profit := 33:cs_net_profit:decimal(7,2) (26:8)
                                                                                                                        cs_order_number := 17:cs_order_number:bigint (26:8)
                                                                                                                        cs_item_sk := 15:cs_item_sk:integer (26:8)
                                                                                                                        cs_promo_sk := 16:cs_promo_sk:integer (26:8)
                                                                                                                        cs_sold_date_sk := 34:cs_sold_date_sk:integer (26:8)
                                                                                                                - LocalExchange[HASH][$hashvalue_349] (cr_item_sk, cr_order_number) => [cr_item_sk:integer, cr_order_number:bigint, cr_return_amount:decimal(7,2), cr_net_loss:decimal(7,2), $hashvalue_349:bigint]
                                                                                                                        Estimates: {rows: 143672 (22.06MB), cpu: 11167125.00, memory: 0.00, network: 8306782.00}
                                                                                                                    - RemoteStreamingExchange[REPLICATE] => [cr_item_sk:integer, cr_order_number:bigint, cr_return_amount:decimal(7,2), cr_net_loss:decimal(7,2), $hashvalue_350:bigint]
                                                                                                                            Estimates: {rows: 143672 (22.06MB), cpu: 7013734.00, memory: 0.00, network: 8306782.00}
                                                                                                                        - ScanProject[table = TableHandle {connectorId='iceberg', connectorHandle='tpcds_sf1_iceberg.catalog_returns$data@Optional[6524492234069091843]', layout='Optional[tpcds_sf1_iceberg.catalog_returns$data@Optional[6524492234069091843]]'}, projectLocality = LOCAL] => [cr_item_sk:integer, cr_order_number:bigint, cr_return_amount:decimal(7,2), cr_net_loss:decimal(7,2), $hashvalue_351:bigint]
                                                                                                                                Estimates: {rows: 143672 (22.06MB), cpu: 2860343.00, memory: 0.00, network: 0.00}/{rows: 143672 (22.06MB), cpu: 7013734.00, memory: 0.00, network: 0.00}
                                                                                                                                $hashvalue_351 := combine_hash(combine_hash(BIGINT'0', COALESCE($operator$hash_code(cr_item_sk), BIGINT'0')), COALESCE($operator$hash_code(cr_order_number), BIGINT'0')) (26:38)
                                                                                                                                cr_return_amount := 18:cr_return_amount:decimal(7,2) (26:38)
                                                                                                                                cr_order_number := 16:cr_order_number:bigint (26:38)
                                                                                                                                cr_net_loss := 26:cr_net_loss:decimal(7,2) (26:38)
                                                                                                                                cr_item_sk := 2:cr_item_sk:integer (26:38)
                                                                                                        - LocalExchange[HASH][$hashvalue_353] (d_date_sk_44) => [d_date_sk_44:integer, $hashvalue_353:bigint]
                                                                                                                Estimates: {rows: 30 (4.72kB), cpu: 698401.25, memory: 0.00, network: 683.25}
                                                                                                            - RemoteStreamingExchange[REPLICATE] => [d_date_sk_44:integer, $hashvalue_354:bigint]
                                                                                                                    Estimates: {rows: 30 (4.72kB), cpu: 698059.62, memory: 0.00, network: 683.25}
                                                                                                                - ScanFilterProject[table = TableHandle {connectorId='iceberg', connectorHandle='tpcds_sf1_iceberg.date_dim$data@Optional[1154205875244276767]', layout='Optional[tpcds_sf1_iceberg.date_dim$data@Optional[1154205875244276767]]'}, filterPredicate = d_date_46 BETWEEN (DATE'2000-08-23') AND (DATE'2000-09-22'), projectLocality = LOCAL] => [d_date_sk_44:integer, $hashvalue_355:bigint]
                                                                                                                        Estimates: {rows: 73049 (11.22MB), cpu: 348859.00, memory: 0.00, network: 0.00}/{rows: 30 (4.72kB), cpu: 697718.00, memory: 0.00, network: 0.00}/{rows: 30 (4.72kB), cpu: 698059.62, memory: 0.00, network: 0.00}
                                                                                                                        $hashvalue_355 := combine_hash(BIGINT'0', COALESCE($operator$hash_code(d_date_sk_44), BIGINT'0')) (28:6)
                                                                                                                        d_date_sk_44 := 1:d_date_sk:integer (28:6)
                                                                                                                        d_date_46 := 3:d_date:date (28:6)
                                                                                                - LocalExchange[HASH][$hashvalue_357] (cp_catalog_page_sk) => [cp_catalog_page_sk:integer, cp_catalog_page_id:varchar, $hashvalue_357:bigint]
                                                                                                        Estimates: {rows: 11718 (1.80MB), cpu: 530064.00, memory: 0.00, network: 423684.00}
                                                                                                    - RemoteStreamingExchange[REPLICATE] => [cp_catalog_page_sk:integer, cp_catalog_page_id:varchar, $hashvalue_358:bigint]
                                                                                                            Estimates: {rows: 11718 (1.80MB), cpu: 318222.00, memory: 0.00, network: 423684.00}
                                                                                                        - ScanProject[table = TableHandle {connectorId='iceberg', connectorHandle='tpcds_sf1_iceberg.catalog_page$data@Optional[2452396364161590447]', layout='Optional[tpcds_sf1_iceberg.catalog_page$data@Optional[2452396364161590447]]'}, projectLocality = LOCAL] => [cp_catalog_page_sk:integer, cp_catalog_page_id:varchar, $hashvalue_359:bigint]
                                                                                                                Estimates: {rows: 11718 (1.80MB), cpu: 106380.00, memory: 0.00, network: 0.00}/{rows: 11718 (1.80MB), cpu: 318222.00, memory: 0.00, network: 0.00}
                                                                                                                $hashvalue_359 := combine_hash(BIGINT'0', COALESCE($operator$hash_code(cp_catalog_page_sk), BIGINT'0')) (28:16)
                                                                                                                cp_catalog_page_id := 2:cp_catalog_page_id:varchar (28:16)
                                                                                                                cp_catalog_page_sk := 1:cp_catalog_page_sk:integer (28:16)
                                                                                        - LocalExchange[HASH][$hashvalue_361] (i_item_sk_72) => [i_item_sk_72:integer, $hashvalue_361:bigint]
                                                                                                Estimates: {rows: 8980 (1.38MB), cpu: 391534.67, memory: 0.00, network: 204566.67}
                                                                                            - RemoteStreamingExchange[REPLICATE] => [i_item_sk_72:integer, $hashvalue_362:bigint]
                                                                                                    Estimates: {rows: 8980 (1.38MB), cpu: 289251.33, memory: 0.00, network: 204566.67}
                                                                                                - ScanFilterProject[table = TableHandle {connectorId='iceberg', connectorHandle='tpcds_sf1_iceberg.item$data@Optional[8481639847816879046]', layout='Optional[tpcds_sf1_iceberg.item$data@Optional[8481639847816879046]]'}, filterPredicate = (i_current_price_77) > (DECIMAL'50.00'), projectLocality = LOCAL] => [i_item_sk_72:integer, $hashvalue_363:bigint]
                                                                                                        Estimates: {rows: 18000 (2.76MB), cpu: 93484.00, memory: 0.00, network: 0.00}/{rows: 8980 (1.38MB), cpu: 186968.00, memory: 0.00, network: 0.00}/{rows: 8980 (1.38MB), cpu: 289251.33, memory: 0.00, network: 0.00}
                                                                                                        $hashvalue_363 := combine_hash(BIGINT'0', COALESCE($operator$hash_code(i_item_sk_72), BIGINT'0')) (28:30)
                                                                                                        i_item_sk_72 := 1:i_item_sk:integer (28:30)
                                                                                                        i_current_price_77 := 6:i_current_price:decimal(7,2) (28:30)
                                                                                - LocalExchange[HASH][$hashvalue_365] (p_promo_sk_94) => [p_promo_sk_94:integer, $hashvalue_365:bigint]
                                                                                        Estimates: {rows: 149 (23.35kB), cpu: 8359.73, memory: 0.00, network: 3491.73}
                                                                                    - RemoteStreamingExchange[REPLICATE] => [p_promo_sk_94:integer, $hashvalue_366:bigint]
                                                                                            Estimates: {rows: 149 (23.35kB), cpu: 6613.87, memory: 0.00, network: 3491.73}
                                                                                        - ScanFilterProject[table = TableHandle {connectorId='iceberg', connectorHandle='tpcds_sf1_iceberg.promotion$data@Optional[1256690337524469734]', layout='Optional[tpcds_sf1_iceberg.promotion$data@Optional[1256690337524469734]]'}, filterPredicate = (p_channel_tv_105) = (VARCHAR'N'), projectLocality = LOCAL] => [p_promo_sk_94:integer, $hashvalue_367:bigint]
                                                                                                Estimates: {rows: 300 (47.17kB), cpu: 2434.00, memory: 0.00, network: 0.00}/{rows: 149 (23.35kB), cpu: 4868.00, memory: 0.00, network: 0.00}/{rows: 149 (23.35kB), cpu: 6613.87, memory: 0.00, network: 0.00}
                                                                                                $hashvalue_367 := combine_hash(BIGINT'0', COALESCE($operator$hash_code(p_promo_sk_94), BIGINT'0')) (28:36)
                                                                                                p_channel_tv_105 := 12:p_channel_tv:varchar (28:36)
                                                                                                p_promo_sk_94 := 1:p_promo_sk:integer (28:36)
                                                    - Project[projectLocality = LOCAL] => [sum_234:decimal(38,2), sum_233:decimal(38,2), concat_256:varchar, sum_232:decimal(38,2), expr_265:varchar(15)]
                                                            concat_256 := concat(VARCHAR'web_site', web_site_id) (39:12)
                                                            expr_265 := VARCHAR'web channel' (66:10)
                                                        - Aggregate(FINAL)[web_site_id][$hashvalue_369] => [web_site_id:varchar, $hashvalue_369:bigint, sum_234:decimal(38,2), sum_233:decimal(38,2), sum_232:decimal(38,2)]
                                                                sum_234 := ""presto.default.sum""((sum_321)) (42:11)
                                                                sum_233 := ""presto.default.sum""((sum_320)) (41:11)
                                                                sum_232 := ""presto.default.sum""((sum_319)) (40:11)
                                                            - LocalExchange[HASH][$hashvalue_369] (web_site_id) => [web_site_id:varchar, sum_319:varbinary, sum_320:varbinary, sum_321:varbinary, $hashvalue_369:bigint]
                                                                - RemoteStreamingExchange[REPARTITION][$hashvalue_370] => [web_site_id:varchar, sum_319:varbinary, sum_320:varbinary, sum_321:varbinary, $hashvalue_370:bigint]
                                                                    - Aggregate(PARTIAL)[web_site_id][$hashvalue_391] => [web_site_id:varchar, $hashvalue_391:bigint, sum_319:varbinary, sum_320:varbinary, sum_321:varbinary]
                                                                            sum_319 := ""presto.default.sum""((ws_ext_sales_price)) (40:11)
                                                                            sum_320 := ""presto.default.sum""((expr_230)) (41:11)
                                                                            sum_321 := ""presto.default.sum""((expr_231)) (42:11)
                                                                        - Project[projectLocality = LOCAL] => [web_site_id:varchar, ws_ext_sales_price:decimal(7,2), expr_230:decimal(12,2), expr_231:decimal(13,2), $hashvalue_391:bigint]
                                                                                Estimates: {rows: ? (?), cpu: ?, memory: 4842379.65, network: 4842379.65}
                                                                                expr_230 := COALESCE(CAST(wr_return_amt AS decimal(12,2)), DECIMAL'0.00') (43:35)
                                                                                expr_231 := (ws_net_profit) - (COALESCE(CAST(wr_net_loss AS decimal(12,2)), DECIMAL'0.00')) (43:9)
                                                                                $hashvalue_391 := combine_hash(BIGINT'0', COALESCE($operator$hash_code(web_site_id), BIGINT'0')) (45:17)
                                                                            - InnerJoin[(""ws_promo_sk"" = ""p_promo_sk_209"")][$hashvalue_387, $hashvalue_388] => [ws_ext_sales_price:decimal(7,2), ws_net_profit:decimal(7,2), wr_return_amt:decimal(7,2), wr_net_loss:decimal(7,2), web_site_id:varchar]
                                                                                    Estimates: {rows: ? (?), cpu: ?, memory: 4842379.65, network: 4842379.65}
                                                                                    Distribution: REPLICATED
                                                                                - Project[projectLocality = LOCAL] => [ws_promo_sk:integer, ws_ext_sales_price:decimal(7,2), ws_net_profit:decimal(7,2), wr_return_amt:decimal(7,2), wr_net_loss:decimal(7,2), web_site_id:varchar, $hashvalue_387:bigint]
                                                                                        Estimates: {rows: ? (?), cpu: ?, memory: 4838887.92, network: 4838887.92}
                                                                                        $hashvalue_387 := combine_hash(BIGINT'0', COALESCE($operator$hash_code(ws_promo_sk), BIGINT'0')) (43:9)
                                                                                    - InnerJoin[(""ws_item_sk"" = ""i_item_sk_187"")][$hashvalue_383, $hashvalue_384] => [ws_promo_sk:integer, ws_ext_sales_price:decimal(7,2), ws_net_profit:decimal(7,2), wr_return_amt:decimal(7,2), wr_net_loss:decimal(7,2), web_site_id:varchar]
                                                                                            Estimates: {rows: ? (?), cpu: ?, memory: 4838887.92, network: 4838887.92}
                                                                                            Distribution: REPLICATED
                                                                                        - Project[projectLocality = LOCAL] => [ws_item_sk:integer, ws_promo_sk:integer, ws_ext_sales_price:decimal(7,2), ws_net_profit:decimal(7,2), wr_return_amt:decimal(7,2), wr_net_loss:decimal(7,2), web_site_id:varchar, $hashvalue_383:bigint]
                                                                                                Estimates: {rows: ? (?), cpu: ?, memory: 4634321.25, network: 4634321.25}
                                                                                                $hashvalue_383 := combine_hash(BIGINT'0', COALESCE($operator$hash_code(ws_item_sk), BIGINT'0')) (43:9)
                                                                                            - InnerJoin[(""ws_web_site_sk"" = ""web_site_sk"")][$hashvalue_379, $hashvalue_380] => [ws_item_sk:integer, ws_promo_sk:integer, ws_ext_sales_price:decimal(7,2), ws_net_profit:decimal(7,2), wr_return_amt:decimal(7,2), wr_net_loss:decimal(7,2), web_site_id:varchar]
                                                                                                    Estimates: {rows: ? (?), cpu: ?, memory: 4634321.25, network: 4634321.25}
                                                                                                    Distribution: REPLICATED
                                                                                                - Project[projectLocality = LOCAL] => [ws_item_sk:integer, ws_web_site_sk:integer, ws_promo_sk:integer, ws_ext_sales_price:decimal(7,2), ws_net_profit:decimal(7,2), wr_return_amt:decimal(7,2), wr_net_loss:decimal(7,2), $hashvalue_379:bigint]
                                                                                                        Estimates: {rows: ? (?), cpu: ?, memory: 4632889.25, network: 4632889.25}
                                                                                                        $hashvalue_379 := combine_hash(BIGINT'0', COALESCE($operator$hash_code(ws_web_site_sk), BIGINT'0')) (43:9)
                                                                                                    - InnerJoin[(""ws_sold_date_sk"" = ""d_date_sk_159"")][$hashvalue_375, $hashvalue_376] => [ws_item_sk:integer, ws_web_site_sk:integer, ws_promo_sk:integer, ws_ext_sales_price:decimal(7,2), ws_net_profit:decimal(7,2), wr_return_amt:decimal(7,2), wr_net_loss:decimal(7,2)]
                                                                                                            Estimates: {rows: ? (?), cpu: ?, memory: 4632889.25, network: 4632889.25}
                                                                                                            Distribution: REPLICATED
                                                                                                        - Project[projectLocality = LOCAL] => [ws_item_sk:integer, ws_web_site_sk:integer, ws_promo_sk:integer, ws_ext_sales_price:decimal(7,2), ws_net_profit:decimal(7,2), ws_sold_date_sk:integer, wr_return_amt:decimal(7,2), wr_net_loss:decimal(7,2), $hashvalue_375:bigint]
                                                                                                                Estimates: {rows: ? (?), cpu: ?, memory: 4632206.00, network: 4632206.00}
                                                                                                                $hashvalue_375 := combine_hash(BIGINT'0', COALESCE($operator$hash_code(ws_sold_date_sk), BIGINT'0')) (43:9)
                                                                                                            - LeftJoin[(""ws_item_sk"" = ""wr_item_sk"") AND (""ws_order_number"" = ""wr_order_number"")][$hashvalue_371, $hashvalue_372] => [ws_item_sk:integer, ws_web_site_sk:integer, ws_promo_sk:integer, ws_ext_sales_price:decimal(7,2), ws_net_profit:decimal(7,2), ws_sold_date_sk:integer, wr_return_amt:decimal(7,2), wr_net_loss:decimal(7,2)]
                                                                                                                    Estimates: {rows: ? (?), cpu: ?, memory: 4632206.00, network: 4632206.00}
                                                                                                                    Distribution: REPLICATED
                                                                                                                - ScanProject[table = TableHandle {connectorId='iceberg', connectorHandle='tpcds_sf1_iceberg.web_sales$data@Optional[7618567712963574495]', layout='Optional[tpcds_sf1_iceberg.web_sales$data@Optional[7618567712963574495]]'}, projectLocality = LOCAL] => [ws_item_sk:integer, ws_web_site_sk:integer, ws_promo_sk:integer, ws_order_number:bigint, ws_ext_sales_price:decimal(7,2), ws_net_profit:decimal(7,2), ws_sold_date_sk:integer, $hashvalue_371:bigint]
                                                                                                                        Estimates: {rows: 718760 (110.36MB), cpu: 14548724.00, memory: 0.00, network: 0.00}/{rows: 718760 (110.36MB), cpu: 35566288.00, memory: 0.00, network: 0.00}
                                                                                                                        $hashvalue_371 := combine_hash(combine_hash(BIGINT'0', COALESCE($operator$hash_code(ws_item_sk), BIGINT'0')), COALESCE($operator$hash_code(ws_order_number), BIGINT'0')) (44:11)
                                                                                                                        ws_item_sk := 3:ws_item_sk:integer (43:8)
                                                                                                                        ws_web_site_sk := 13:ws_web_site_sk:integer (43:8)
                                                                                                                        ws_order_number := 17:ws_order_number:bigint (43:8)
                                                                                                                        ws_promo_sk := 16:ws_promo_sk:integer (43:8)
                                                                                                                        ws_net_profit := 33:ws_net_profit:decimal(7,2) (43:8)
                                                                                                                        ws_sold_date_sk := 34:ws_sold_date_sk:integer (43:8)
                                                                                                                        ws_ext_sales_price := 23:ws_ext_sales_price:decimal(7,2) (43:8)
                                                                                                                - LocalExchange[HASH][$hashvalue_372] (wr_item_sk, wr_order_number) => [wr_item_sk:integer, wr_order_number:bigint, wr_return_amt:decimal(7,2), wr_net_loss:decimal(7,2), $hashvalue_372:bigint]
                                                                                                                        Estimates: {rows: 68566 (10.53MB), cpu: 6331215.00, memory: 0.00, network: 4632206.00}
                                                                                                                    - RemoteStreamingExchange[REPLICATE] => [wr_item_sk:integer, wr_order_number:bigint, wr_return_amt:decimal(7,2), wr_net_loss:decimal(7,2), $hashvalue_373:bigint]
                                                                                                                            Estimates: {rows: 68566 (10.53MB), cpu: 4015112.00, memory: 0.00, network: 4632206.00}
                                                                                                                        - ScanProject[table = TableHandle {connectorId='iceberg', connectorHandle='tpcds_sf1_iceberg.web_returns$data@Optional[7671782342680522162]', layout='Optional[tpcds_sf1_iceberg.web_returns$data@Optional[7671782342680522162]]'}, projectLocality = LOCAL] => [wr_item_sk:integer, wr_order_number:bigint, wr_return_amt:decimal(7,2), wr_net_loss:decimal(7,2), $hashvalue_374:bigint]
                                                                                                                                Estimates: {rows: 68566 (10.53MB), cpu: 1699009.00, memory: 0.00, network: 0.00}/{rows: 68566 (10.53MB), cpu: 4015112.00, memory: 0.00, network: 0.00}
                                                                                                                                $hashvalue_374 := combine_hash(combine_hash(BIGINT'0', COALESCE($operator$hash_code(wr_item_sk), BIGINT'0')), COALESCE($operator$hash_code(wr_order_number), BIGINT'0')) (43:34)
                                                                                                                                wr_order_number := 13:wr_order_number:bigint (43:34)
                                                                                                                                wr_net_loss := 23:wr_net_loss:decimal(7,2) (43:34)
                                                                                                                                wr_return_amt := 15:wr_return_amt:decimal(7,2) (43:34)
                                                                                                                                wr_item_sk := 2:wr_item_sk:integer (43:34)
                                                                                                        - LocalExchange[HASH][$hashvalue_376] (d_date_sk_159) => [d_date_sk_159:integer, $hashvalue_376:bigint]
                                                                                                                Estimates: {rows: 30 (4.72kB), cpu: 698401.25, memory: 0.00, network: 683.25}
                                                                                                            - RemoteStreamingExchange[REPLICATE] => [d_date_sk_159:integer, $hashvalue_377:bigint]
                                                                                                                    Estimates: {rows: 30 (4.72kB), cpu: 698059.62, memory: 0.00, network: 683.25}
                                                                                                                - ScanFilterProject[table = TableHandle {connectorId='iceberg', connectorHandle='tpcds_sf1_iceberg.date_dim$data@Optional[1154205875244276767]', layout='Optional[tpcds_sf1_iceberg.date_dim$data@Optional[1154205875244276767]]'}, filterPredicate = d_date_161 BETWEEN (DATE'2000-08-23') AND (DATE'2000-09-22'), projectLocality = LOCAL] => [d_date_sk_159:integer, $hashvalue_378:bigint]
                                                                                                                        Estimates: {rows: 73049 (11.22MB), cpu: 348859.00, memory: 0.00, network: 0.00}/{rows: 30 (4.72kB), cpu: 697718.00, memory: 0.00, network: 0.00}/{rows: 30 (4.72kB), cpu: 698059.62, memory: 0.00, network: 0.00}
                                                                                                                        $hashvalue_378 := combine_hash(BIGINT'0', COALESCE($operator$hash_code(d_date_sk_159), BIGINT'0')) (45:6)
                                                                                                                        d_date_161 := 3:d_date:date (45:6)
                                                                                                                        d_date_sk_159 := 1:d_date_sk:integer (45:6)
                                                                                                - LocalExchange[HASH][$hashvalue_380] (web_site_sk) => [web_site_sk:integer, web_site_id:varchar, $hashvalue_380:bigint]
                                                                                                        Estimates: {rows: 30 (4.72kB), cpu: 1878.00, memory: 0.00, network: 1432.00}
                                                                                                    - RemoteStreamingExchange[REPLICATE] => [web_site_sk:integer, web_site_id:varchar, $hashvalue_381:bigint]
                                                                                                            Estimates: {rows: 30 (4.72kB), cpu: 1162.00, memory: 0.00, network: 1432.00}
                                                                                                        - ScanProject[table = TableHandle {connectorId='iceberg', connectorHandle='tpcds_sf1_iceberg.web_site$data@Optional[5168270616915825040]', layout='Optional[tpcds_sf1_iceberg.web_site$data@Optional[5168270616915825040]]'}, projectLocality = LOCAL] => [web_site_sk:integer, web_site_id:varchar, $hashvalue_382:bigint]
                                                                                                                Estimates: {rows: 30 (4.72kB), cpu: 446.00, memory: 0.00, network: 0.00}/{rows: 30 (4.72kB), cpu: 1162.00, memory: 0.00, network: 0.00}
                                                                                                                $hashvalue_382 := combine_hash(BIGINT'0', COALESCE($operator$hash_code(web_site_sk), BIGINT'0')) (45:16)
                                                                                                                web_site_sk := 1:web_site_sk:integer (45:16)
                                                                                                                web_site_id := 2:web_site_id:varchar (45:16)
                                                                                        - LocalExchange[HASH][$hashvalue_384] (i_item_sk_187) => [i_item_sk_187:integer, $hashvalue_384:bigint]
                                                                                                Estimates: {rows: 8980 (1.38MB), cpu: 391534.67, memory: 0.00, network: 204566.67}
                                                                                            - RemoteStreamingExchange[REPLICATE] => [i_item_sk_187:integer, $hashvalue_385:bigint]
                                                                                                    Estimates: {rows: 8980 (1.38MB), cpu: 289251.33, memory: 0.00, network: 204566.67}
                                                                                                - ScanFilterProject[table = TableHandle {connectorId='iceberg', connectorHandle='tpcds_sf1_iceberg.item$data@Optional[8481639847816879046]', layout='Optional[tpcds_sf1_iceberg.item$data@Optional[8481639847816879046]]'}, filterPredicate = (i_current_price_192) > (DECIMAL'50.00'), projectLocality = LOCAL] => [i_item_sk_187:integer, $hashvalue_386:bigint]
                                                                                                        Estimates: {rows: 18000 (2.76MB), cpu: 93484.00, memory: 0.00, network: 0.00}/{rows: 8980 (1.38MB), cpu: 186968.00, memory: 0.00, network: 0.00}/{rows: 8980 (1.38MB), cpu: 289251.33, memory: 0.00, network: 0.00}
                                                                                                        $hashvalue_386 := combine_hash(BIGINT'0', COALESCE($operator$hash_code(i_item_sk_187), BIGINT'0')) (45:26)
                                                                                                        i_item_sk_187 := 1:i_item_sk:integer (45:26)
                                                                                                        i_current_price_192 := 6:i_current_price:decimal(7,2) (45:26)
                                                                                - LocalExchange[HASH][$hashvalue_388] (p_promo_sk_209) => [p_promo_sk_209:integer, $hashvalue_388:bigint]
                                                                                        Estimates: {rows: 149 (23.35kB), cpu: 8359.73, memory: 0.00, network: 3491.73}
                                                                                    - RemoteStreamingExchange[REPLICATE] => [p_promo_sk_209:integer, $hashvalue_389:bigint]
                                                                                            Estimates: {rows: 149 (23.35kB), cpu: 6613.87, memory: 0.00, network: 3491.73}
                                                                                        - ScanFilterProject[table = TableHandle {connectorId='iceberg', connectorHandle='tpcds_sf1_iceberg.promotion$data@Optional[1256690337524469734]', layout='Optional[tpcds_sf1_iceberg.promotion$data@Optional[1256690337524469734]]'}, filterPredicate = (p_channel_tv_220) = (VARCHAR'N'), projectLocality = LOCAL] => [p_promo_sk_209:integer, $hashvalue_390:bigint]
                                                                                                Estimates: {rows: 300 (47.17kB), cpu: 2434.00, memory: 0.00, network: 0.00}/{rows: 149 (23.35kB), cpu: 4868.00, memory: 0.00, network: 0.00}/{rows: 149 (23.35kB), cpu: 6613.87, memory: 0.00, network: 0.00}
                                                                                                $hashvalue_390 := combine_hash(BIGINT'0', COALESCE($operator$hash_code(p_promo_sk_209), BIGINT'0')) (45:32)
                                                                                                p_promo_sk_209 := 1:p_promo_sk:integer (45:32)
                                                                                                p_channel_tv_220 := 12:p_channel_tv:varchar (45:32)
"
