"- Output[h8_30_to_9, h9_to_9_30, h9_30_to_10, h10_to_10_30, h10_30_to_11, h11_to_11_30, h11_30_to_12, h12_to_12_30] => [count:bigint, count_70:bigint, count_142:bigint, count_214:bigint, count_286:bigint, count_358:bigint, count_430:bigint, count_502:bigint]
        h8_30_to_9 := count (4:2)
        h9_to_9_30 := count_70 (4:2)
        h9_30_to_10 := count_142 (4:2)
        h10_to_10_30 := count_214 (4:2)
        h10_30_to_11 := count_286 (4:2)
        h11_to_11_30 := count_358 (4:2)
        h11_30_to_12 := count_430 (4:2)
        h12_to_12_30 := count_502 (4:2)
    - CrossJoin => [count:bigint, count_70:bigint, count_142:bigint, count_214:bigint, count_286:bigint, count_358:bigint, count_430:bigint, count_502:bigint]
            Distribution: REPLICATED
        - CrossJoin => [count:bigint, count_70:bigint, count_142:bigint, count_214:bigint, count_286:bigint, count_358:bigint, count_430:bigint]
                Distribution: REPLICATED
            - CrossJoin => [count:bigint, count_70:bigint, count_142:bigint, count_214:bigint, count_286:bigint, count_358:bigint]
                    Distribution: REPLICATED
                - CrossJoin => [count:bigint, count_70:bigint, count_142:bigint, count_214:bigint, count_286:bigint]
                        Distribution: REPLICATED
                    - CrossJoin => [count:bigint, count_70:bigint, count_142:bigint, count_214:bigint]
                            Distribution: REPLICATED
                        - CrossJoin => [count:bigint, count_70:bigint, count_142:bigint]
                                Distribution: REPLICATED
                            - CrossJoin => [count:bigint, count_70:bigint]
                                    Distribution: REPLICATED
                                - LocalExchange[ROUND_ROBIN] () => [count:bigint]
                                    - Aggregate(FINAL) => [count:bigint]
                                            count := ""presto.default.count""((count_539)) (6:12)
                                        - LocalExchange[SINGLE] () => [count_539:bigint]
                                            - RemoteStreamingExchange[GATHER] => [count_539:bigint]
                                                - Aggregate(PARTIAL) => [count_539:bigint]
                                                        count_539 := ""presto.default.count""(*) (6:12)
                                                    - InnerJoin[(""ss_store_sk"" = ""s_store_sk"")][$hashvalue_554, $hashvalue_555] => []
                                                            Estimates: {rows: ? (?), cpu: ?, memory: 1017708.41, network: 1017708.41}
                                                            Distribution: REPLICATED
                                                        - Project[projectLocality = LOCAL] => [ss_store_sk:integer, $hashvalue_554:bigint]
                                                                Estimates: {rows: ? (?), cpu: ?, memory: 1017516.41, network: 1017516.41}
                                                                $hashvalue_554 := combine_hash(BIGINT'0', COALESCE($operator$hash_code(ss_store_sk), BIGINT'0')) (7:11)
                                                            - InnerJoin[(""ss_sold_time_sk"" = ""t_time_sk"")][$hashvalue_550, $hashvalue_551] => [ss_store_sk:integer]
                                                                    Estimates: {rows: ? (?), cpu: ?, memory: 1017516.41, network: 1017516.41}
                                                                    Distribution: REPLICATED
                                                                - Project[projectLocality = LOCAL] => [ss_sold_time_sk:integer, ss_store_sk:integer, $hashvalue_550:bigint]
                                                                        Estimates: {rows: ? (?), cpu: ?, memory: 147010.63, network: 147010.63}
                                                                        $hashvalue_550 := combine_hash(BIGINT'0', COALESCE($operator$hash_code(ss_sold_time_sk), BIGINT'0')) (7:11)
                                                                    - InnerJoin[(""ss_hdemo_sk"" = ""hd_demo_sk"")][$hashvalue, $hashvalue_547] => [ss_sold_time_sk:integer, ss_store_sk:integer]
                                                                            Estimates: {rows: ? (?), cpu: ?, memory: 147010.63, network: 147010.63}
                                                                            Distribution: REPLICATED
                                                                        - ScanProject[table = TableHandle {connectorId='iceberg', connectorHandle='tpcds_sf1_iceberg.store_sales$data@Optional[6526568472398842660]', layout='Optional[tpcds_sf1_iceberg.store_sales$data@Optional[6526568472398842660]]'}, projectLocality = LOCAL] => [ss_sold_time_sk:integer, ss_hdemo_sk:integer, ss_store_sk:integer, $hashvalue:bigint]
                                                                                Estimates: {rows: 2750838 (188.89MB), cpu: 12064030.00, memory: 0.00, network: 0.00}/{rows: 2750838 (188.89MB), cpu: 48885602.00, memory: 0.00, network: 0.00}
                                                                                $hashvalue := combine_hash(BIGINT'0', COALESCE($operator$hash_code(ss_hdemo_sk), BIGINT'0')) (7:11)
                                                                                ss_hdemo_sk := 5:ss_hdemo_sk:integer (7:10)
                                                                                ss_store_sk := 7:ss_store_sk:integer (7:10)
                                                                                ss_sold_time_sk := 1:ss_sold_time_sk:integer (7:10)
                                                                        - LocalExchange[HASH][$hashvalue_547] (hd_demo_sk) => [hd_demo_sk:integer, $hashvalue_547:bigint]
                                                                                Estimates: {rows: 6450 (453.53kB), cpu: 210866.63, memory: 0.00, network: 147010.63}
                                                                            - RemoteStreamingExchange[REPLICATE] => [hd_demo_sk:integer, $hashvalue_548:bigint]
                                                                                    Estimates: {rows: 6450 (453.53kB), cpu: 137361.31, memory: 0.00, network: 147010.63}
                                                                                - ScanFilterProject[table = TableHandle {connectorId='iceberg', connectorHandle='tpcds_sf1_iceberg.household_demographics$data@Optional[1417532563405616921]', layout='Optional[tpcds_sf1_iceberg.household_demographics$data@Optional[1417532563405616921]]'}, filterPredicate = ((IN(hd_dep_count, INTEGER'0', INTEGER'2', INTEGER'4')) AND ((hd_vehicle_count) <= (INTEGER'6'))) AND (((((hd_dep_count) = (INTEGER'4')) AND ((hd_vehicle_count) <= (INTEGER'6'))) OR (((hd_dep_count) = (INTEGER'2')) AND ((hd_vehicle_count) <= (INTEGER'4')))) OR (((hd_dep_count) = (INTEGER'0')) AND ((hd_vehicle_count) <= (INTEGER'2')))), projectLocality = LOCAL] => [hd_demo_sk:integer, $hashvalue_549:bigint]
                                                                                        Estimates: {rows: 7200 (506.25kB), cpu: 31928.00, memory: 0.00, network: 0.00}/{rows: 6450 (453.53kB), cpu: 63856.00, memory: 0.00, network: 0.00}/{rows: 6450 (453.53kB), cpu: 137361.31, memory: 0.00, network: 0.00}
                                                                                        $hashvalue_549 := combine_hash(BIGINT'0', COALESCE($operator$hash_code(hd_demo_sk), BIGINT'0')) (7:23)
                                                                                        hd_vehicle_count := 5:hd_vehicle_count:integer (7:23)
                                                                                        hd_dep_count := 4:hd_dep_count:integer (7:23)
                                                                                        hd_demo_sk := 1:hd_demo_sk:integer (7:23)
                                                                - LocalExchange[HASH][$hashvalue_551] (t_time_sk) => [t_time_sk:integer, $hashvalue_551:bigint]
                                                                        Estimates: {rows: 38221 (2.62MB), cpu: 1631349.78, memory: 0.00, network: 870505.78}
                                                                    - RemoteStreamingExchange[REPLICATE] => [t_time_sk:integer, $hashvalue_552:bigint]
                                                                            Estimates: {rows: 38221 (2.62MB), cpu: 1196096.89, memory: 0.00, network: 870505.78}
                                                                        - ScanFilterProject[table = TableHandle {connectorId='iceberg', connectorHandle='tpcds_sf1_iceberg.time_dim$data@Optional[6555865303308078278]', layout='Optional[tpcds_sf1_iceberg.time_dim$data@Optional[6555865303308078278]]'}, filterPredicate = ((t_minute) >= (INTEGER'30')) AND ((t_hour) = (INTEGER'8')), projectLocality = LOCAL] => [t_time_sk:integer, $hashvalue_553:bigint]
                                                                                Estimates: {rows: 86400 (5.93MB), cpu: 380422.00, memory: 0.00, network: 0.00}/{rows: 38221 (2.62MB), cpu: 760844.00, memory: 0.00, network: 0.00}/{rows: 38221 (2.62MB), cpu: 1196096.89, memory: 0.00, network: 0.00}
                                                                                $hashvalue_553 := combine_hash(BIGINT'0', COALESCE($operator$hash_code(t_time_sk), BIGINT'0')) (7:48)
                                                                                t_time_sk := 1:t_time_sk:integer (7:48)
                                                                                t_minute := 5:t_minute:integer (7:48)
                                                                                t_hour := 4:t_hour:integer (7:48)
                                                        - LocalExchange[HASH][$hashvalue_555] (s_store_sk) => [s_store_sk:integer, $hashvalue_555:bigint]
                                                                Estimates: {rows: 6 (432B), cpu: 762.00, memory: 0.00, network: 192.00}
                                                            - RemoteStreamingExchange[REPLICATE] => [s_store_sk:integer, $hashvalue_556:bigint]
                                                                    Estimates: {rows: 6 (432B), cpu: 666.00, memory: 0.00, network: 192.00}
                                                                - ScanFilterProject[table = TableHandle {connectorId='iceberg', connectorHandle='tpcds_sf1_iceberg.store$data@Optional[7359973075065441165]', layout='Optional[tpcds_sf1_iceberg.store$data@Optional[7359973075065441165]]'}, filterPredicate = (s_store_name) = (VARCHAR'ese'), projectLocality = LOCAL] => [s_store_sk:integer, $hashvalue_557:bigint]
                                                                        Estimates: {rows: 12 (864B), cpu: 285.00, memory: 0.00, network: 0.00}/{rows: 6 (432B), cpu: 570.00, memory: 0.00, network: 0.00}/{rows: 6 (432B), cpu: 666.00, memory: 0.00, network: 0.00}
                                                                        $hashvalue_557 := combine_hash(BIGINT'0', COALESCE($operator$hash_code(s_store_sk), BIGINT'0')) (7:58)
                                                                        s_store_name := 6:s_store_name:varchar (7:58)
                                                                        s_store_sk := 1:s_store_sk:integer (7:58)
                                - Aggregate(FINAL) => [count_70:bigint]
                                        count_70 := ""presto.default.count""((count_540)) (17:12)
                                    - LocalExchange[SINGLE] () => [count_540:bigint]
                                        - RemoteStreamingExchange[GATHER] => [count_540:bigint]
                                            - Aggregate(PARTIAL) => [count_540:bigint]
                                                    count_540 := ""presto.default.count""(*) (17:12)
                                                - InnerJoin[(""ss_store_sk_9"" = ""s_store_sk_41"")][$hashvalue_566, $hashvalue_567] => []
                                                        Estimates: {rows: ? (?), cpu: ?, memory: 1047725.85, network: 1047725.85}
                                                        Distribution: REPLICATED
                                                    - Project[projectLocality = LOCAL] => [ss_store_sk_9:integer, $hashvalue_566:bigint]
                                                            Estimates: {rows: ? (?), cpu: ?, memory: 1047533.85, network: 1047533.85}
                                                            $hashvalue_566 := combine_hash(BIGINT'0', COALESCE($operator$hash_code(ss_store_sk_9), BIGINT'0')) (18:11)
                                                        - InnerJoin[(""ss_sold_time_sk_3"" = ""t_time_sk_31"")][$hashvalue_562, $hashvalue_563] => [ss_store_sk_9:integer]
                                                                Estimates: {rows: ? (?), cpu: ?, memory: 1047533.85, network: 1047533.85}
                                                                Distribution: REPLICATED
                                                            - Project[projectLocality = LOCAL] => [ss_sold_time_sk_3:integer, ss_store_sk_9:integer, $hashvalue_562:bigint]
                                                                    Estimates: {rows: ? (?), cpu: ?, memory: 147010.63, network: 147010.63}
                                                                    $hashvalue_562 := combine_hash(BIGINT'0', COALESCE($operator$hash_code(ss_sold_time_sk_3), BIGINT'0')) (18:11)
                                                                - InnerJoin[(""ss_hdemo_sk_7"" = ""hd_demo_sk_26"")][$hashvalue_558, $hashvalue_559] => [ss_sold_time_sk_3:integer, ss_store_sk_9:integer]
                                                                        Estimates: {rows: ? (?), cpu: ?, memory: 147010.63, network: 147010.63}
                                                                        Distribution: REPLICATED
                                                                    - ScanProject[table = TableHandle {connectorId='iceberg', connectorHandle='tpcds_sf1_iceberg.store_sales$data@Optional[6526568472398842660]', layout='Optional[tpcds_sf1_iceberg.store_sales$data@Optional[6526568472398842660]]'}, projectLocality = LOCAL] => [ss_sold_time_sk_3:integer, ss_hdemo_sk_7:integer, ss_store_sk_9:integer, $hashvalue_558:bigint]
                                                                            Estimates: {rows: 2750838 (188.89MB), cpu: 12064030.00, memory: 0.00, network: 0.00}/{rows: 2750838 (188.89MB), cpu: 48885602.00, memory: 0.00, network: 0.00}
                                                                            $hashvalue_558 := combine_hash(BIGINT'0', COALESCE($operator$hash_code(ss_hdemo_sk_7), BIGINT'0')) (18:11)
                                                                            ss_store_sk_9 := 7:ss_store_sk:integer (18:10)
                                                                            ss_sold_time_sk_3 := 1:ss_sold_time_sk:integer (18:10)
                                                                            ss_hdemo_sk_7 := 5:ss_hdemo_sk:integer (18:10)
                                                                    - LocalExchange[HASH][$hashvalue_559] (hd_demo_sk_26) => [hd_demo_sk_26:integer, $hashvalue_559:bigint]
                                                                            Estimates: {rows: 6450 (453.53kB), cpu: 210866.63, memory: 0.00, network: 147010.63}
                                                                        - RemoteStreamingExchange[REPLICATE] => [hd_demo_sk_26:integer, $hashvalue_560:bigint]
                                                                                Estimates: {rows: 6450 (453.53kB), cpu: 137361.31, memory: 0.00, network: 147010.63}
                                                                            - ScanFilterProject[table = TableHandle {connectorId='iceberg', connectorHandle='tpcds_sf1_iceberg.household_demographics$data@Optional[1417532563405616921]', layout='Optional[tpcds_sf1_iceberg.household_demographics$data@Optional[1417532563405616921]]'}, filterPredicate = ((IN(hd_dep_count_29, INTEGER'0', INTEGER'2', INTEGER'4')) AND ((hd_vehicle_count_30) <= (INTEGER'6'))) AND (((((hd_dep_count_29) = (INTEGER'4')) AND ((hd_vehicle_count_30) <= (INTEGER'6'))) OR (((hd_dep_count_29) = (INTEGER'2')) AND ((hd_vehicle_count_30) <= (INTEGER'4')))) OR (((hd_dep_count_29) = (INTEGER'0')) AND ((hd_vehicle_count_30) <= (INTEGER'2')))), projectLocality = LOCAL] => [hd_demo_sk_26:integer, $hashvalue_561:bigint]
                                                                                    Estimates: {rows: 7200 (506.25kB), cpu: 31928.00, memory: 0.00, network: 0.00}/{rows: 6450 (453.53kB), cpu: 63856.00, memory: 0.00, network: 0.00}/{rows: 6450 (453.53kB), cpu: 137361.31, memory: 0.00, network: 0.00}
                                                                                    $hashvalue_561 := combine_hash(BIGINT'0', COALESCE($operator$hash_code(hd_demo_sk_26), BIGINT'0')) (18:23)
                                                                                    hd_vehicle_count_30 := 5:hd_vehicle_count:integer (18:23)
                                                                                    hd_dep_count_29 := 4:hd_dep_count:integer (18:23)
                                                                                    hd_demo_sk_26 := 1:hd_demo_sk:integer (18:23)
                                                            - LocalExchange[HASH][$hashvalue_563] (t_time_sk_31) => [t_time_sk_31:integer, $hashvalue_563:bigint]
                                                                    Estimates: {rows: 39539 (2.71MB), cpu: 1661367.22, memory: 0.00, network: 900523.22}
                                                                - RemoteStreamingExchange[REPLICATE] => [t_time_sk_31:integer, $hashvalue_564:bigint]
                                                                        Estimates: {rows: 39539 (2.71MB), cpu: 1211105.61, memory: 0.00, network: 900523.22}
                                                                    - ScanFilterProject[table = TableHandle {connectorId='iceberg', connectorHandle='tpcds_sf1_iceberg.time_dim$data@Optional[6555865303308078278]', layout='Optional[tpcds_sf1_iceberg.time_dim$data@Optional[6555865303308078278]]'}, filterPredicate = ((t_minute_35) < (INTEGER'30')) AND ((t_hour_34) = (INTEGER'9')), projectLocality = LOCAL] => [t_time_sk_31:integer, $hashvalue_565:bigint]
                                                                            Estimates: {rows: 86400 (5.93MB), cpu: 380422.00, memory: 0.00, network: 0.00}/{rows: 39539 (2.71MB), cpu: 760844.00, memory: 0.00, network: 0.00}/{rows: 39539 (2.71MB), cpu: 1211105.61, memory: 0.00, network: 0.00}
                                                                            $hashvalue_565 := combine_hash(BIGINT'0', COALESCE($operator$hash_code(t_time_sk_31), BIGINT'0')) (18:48)
                                                                            t_time_sk_31 := 1:t_time_sk:integer (18:48)
                                                                            t_hour_34 := 4:t_hour:integer (18:48)
                                                                            t_minute_35 := 5:t_minute:integer (18:48)
                                                    - LocalExchange[HASH][$hashvalue_567] (s_store_sk_41) => [s_store_sk_41:integer, $hashvalue_567:bigint]
                                                            Estimates: {rows: 6 (432B), cpu: 762.00, memory: 0.00, network: 192.00}
                                                        - RemoteStreamingExchange[REPLICATE] => [s_store_sk_41:integer, $hashvalue_568:bigint]
                                                                Estimates: {rows: 6 (432B), cpu: 666.00, memory: 0.00, network: 192.00}
                                                            - ScanFilterProject[table = TableHandle {connectorId='iceberg', connectorHandle='tpcds_sf1_iceberg.store$data@Optional[7359973075065441165]', layout='Optional[tpcds_sf1_iceberg.store$data@Optional[7359973075065441165]]'}, filterPredicate = (s_store_name_46) = (VARCHAR'ese'), projectLocality = LOCAL] => [s_store_sk_41:integer, $hashvalue_569:bigint]
                                                                    Estimates: {rows: 12 (864B), cpu: 285.00, memory: 0.00, network: 0.00}/{rows: 6 (432B), cpu: 570.00, memory: 0.00, network: 0.00}/{rows: 6 (432B), cpu: 666.00, memory: 0.00, network: 0.00}
                                                                    $hashvalue_569 := combine_hash(BIGINT'0', COALESCE($operator$hash_code(s_store_sk_41), BIGINT'0')) (18:58)
                                                                    s_store_name_46 := 6:s_store_name:varchar (18:58)
                                                                    s_store_sk_41 := 1:s_store_sk:integer (18:58)
                            - Aggregate(FINAL) => [count_142:bigint]
                                    count_142 := ""presto.default.count""((count_541)) (28:10)
                                - LocalExchange[SINGLE] () => [count_541:bigint]
                                    - RemoteStreamingExchange[GATHER] => [count_541:bigint]
                                        - Aggregate(PARTIAL) => [count_541:bigint]
                                                count_541 := ""presto.default.count""(*) (28:10)
                                            - InnerJoin[(""ss_store_sk_81"" = ""s_store_sk_113"")][$hashvalue_578, $hashvalue_579] => []
                                                    Estimates: {rows: ? (?), cpu: ?, memory: 1017708.41, network: 1017708.41}
                                                    Distribution: REPLICATED
                                                - Project[projectLocality = LOCAL] => [ss_store_sk_81:integer, $hashvalue_578:bigint]
                                                        Estimates: {rows: ? (?), cpu: ?, memory: 1017516.41, network: 1017516.41}
                                                        $hashvalue_578 := combine_hash(BIGINT'0', COALESCE($operator$hash_code(ss_store_sk_81), BIGINT'0')) (29:8)
                                                    - InnerJoin[(""ss_sold_time_sk_75"" = ""t_time_sk_103"")][$hashvalue_574, $hashvalue_575] => [ss_store_sk_81:integer]
                                                            Estimates: {rows: ? (?), cpu: ?, memory: 1017516.41, network: 1017516.41}
                                                            Distribution: REPLICATED
                                                        - Project[projectLocality = LOCAL] => [ss_sold_time_sk_75:integer, ss_store_sk_81:integer, $hashvalue_574:bigint]
                                                                Estimates: {rows: ? (?), cpu: ?, memory: 147010.63, network: 147010.63}
                                                                $hashvalue_574 := combine_hash(BIGINT'0', COALESCE($operator$hash_code(ss_sold_time_sk_75), BIGINT'0')) (29:8)
                                                            - InnerJoin[(""ss_hdemo_sk_79"" = ""hd_demo_sk_98"")][$hashvalue_570, $hashvalue_571] => [ss_sold_time_sk_75:integer, ss_store_sk_81:integer]
                                                                    Estimates: {rows: ? (?), cpu: ?, memory: 147010.63, network: 147010.63}
                                                                    Distribution: REPLICATED
                                                                - ScanProject[table = TableHandle {connectorId='iceberg', connectorHandle='tpcds_sf1_iceberg.store_sales$data@Optional[6526568472398842660]', layout='Optional[tpcds_sf1_iceberg.store_sales$data@Optional[6526568472398842660]]'}, projectLocality = LOCAL] => [ss_sold_time_sk_75:integer, ss_hdemo_sk_79:integer, ss_store_sk_81:integer, $hashvalue_570:bigint]
                                                                        Estimates: {rows: 2750838 (188.89MB), cpu: 12064030.00, memory: 0.00, network: 0.00}/{rows: 2750838 (188.89MB), cpu: 48885602.00, memory: 0.00, network: 0.00}
                                                                        $hashvalue_570 := combine_hash(BIGINT'0', COALESCE($operator$hash_code(ss_hdemo_sk_79), BIGINT'0')) (29:8)
                                                                        ss_hdemo_sk_79 := 5:ss_hdemo_sk:integer (29:7)
                                                                        ss_store_sk_81 := 7:ss_store_sk:integer (29:7)
                                                                        ss_sold_time_sk_75 := 1:ss_sold_time_sk:integer (29:7)
                                                                - LocalExchange[HASH][$hashvalue_571] (hd_demo_sk_98) => [hd_demo_sk_98:integer, $hashvalue_571:bigint]
                                                                        Estimates: {rows: 6450 (453.53kB), cpu: 210866.63, memory: 0.00, network: 147010.63}
                                                                    - RemoteStreamingExchange[REPLICATE] => [hd_demo_sk_98:integer, $hashvalue_572:bigint]
                                                                            Estimates: {rows: 6450 (453.53kB), cpu: 137361.31, memory: 0.00, network: 147010.63}
                                                                        - ScanFilterProject[table = TableHandle {connectorId='iceberg', connectorHandle='tpcds_sf1_iceberg.household_demographics$data@Optional[1417532563405616921]', layout='Optional[tpcds_sf1_iceberg.household_demographics$data@Optional[1417532563405616921]]'}, filterPredicate = ((IN(hd_dep_count_101, INTEGER'0', INTEGER'2', INTEGER'4')) AND ((hd_vehicle_count_102) <= (INTEGER'6'))) AND (((((hd_dep_count_101) = (INTEGER'4')) AND ((hd_vehicle_count_102) <= (INTEGER'6'))) OR (((hd_dep_count_101) = (INTEGER'2')) AND ((hd_vehicle_count_102) <= (INTEGER'4')))) OR (((hd_dep_count_101) = (INTEGER'0')) AND ((hd_vehicle_count_102) <= (INTEGER'2')))), projectLocality = LOCAL] => [hd_demo_sk_98:integer, $hashvalue_573:bigint]
                                                                                Estimates: {rows: 7200 (506.25kB), cpu: 31928.00, memory: 0.00, network: 0.00}/{rows: 6450 (453.53kB), cpu: 63856.00, memory: 0.00, network: 0.00}/{rows: 6450 (453.53kB), cpu: 137361.31, memory: 0.00, network: 0.00}
                                                                                $hashvalue_573 := combine_hash(BIGINT'0', COALESCE($operator$hash_code(hd_demo_sk_98), BIGINT'0')) (29:20)
                                                                                hd_dep_count_101 := 4:hd_dep_count:integer (29:20)
                                                                                hd_vehicle_count_102 := 5:hd_vehicle_count:integer (29:20)
                                                                                hd_demo_sk_98 := 1:hd_demo_sk:integer (29:20)
                                                        - LocalExchange[HASH][$hashvalue_575] (t_time_sk_103) => [t_time_sk_103:integer, $hashvalue_575:bigint]
                                                                Estimates: {rows: 38221 (2.62MB), cpu: 1631349.78, memory: 0.00, network: 870505.78}
                                                            - RemoteStreamingExchange[REPLICATE] => [t_time_sk_103:integer, $hashvalue_576:bigint]
                                                                    Estimates: {rows: 38221 (2.62MB), cpu: 1196096.89, memory: 0.00, network: 870505.78}
                                                                - ScanFilterProject[table = TableHandle {connectorId='iceberg', connectorHandle='tpcds_sf1_iceberg.time_dim$data@Optional[6555865303308078278]', layout='Optional[tpcds_sf1_iceberg.time_dim$data@Optional[6555865303308078278]]'}, filterPredicate = ((t_minute_107) >= (INTEGER'30')) AND ((t_hour_106) = (INTEGER'9')), projectLocality = LOCAL] => [t_time_sk_103:integer, $hashvalue_577:bigint]
                                                                        Estimates: {rows: 86400 (5.93MB), cpu: 380422.00, memory: 0.00, network: 0.00}/{rows: 38221 (2.62MB), cpu: 760844.00, memory: 0.00, network: 0.00}/{rows: 38221 (2.62MB), cpu: 1196096.89, memory: 0.00, network: 0.00}
                                                                        $hashvalue_577 := combine_hash(BIGINT'0', COALESCE($operator$hash_code(t_time_sk_103), BIGINT'0')) (29:45)
                                                                        t_time_sk_103 := 1:t_time_sk:integer (29:45)
                                                                        t_minute_107 := 5:t_minute:integer (29:45)
                                                                        t_hour_106 := 4:t_hour:integer (29:45)
                                                - LocalExchange[HASH][$hashvalue_579] (s_store_sk_113) => [s_store_sk_113:integer, $hashvalue_579:bigint]
                                                        Estimates: {rows: 6 (432B), cpu: 762.00, memory: 0.00, network: 192.00}
                                                    - RemoteStreamingExchange[REPLICATE] => [s_store_sk_113:integer, $hashvalue_580:bigint]
                                                            Estimates: {rows: 6 (432B), cpu: 666.00, memory: 0.00, network: 192.00}
                                                        - ScanFilterProject[table = TableHandle {connectorId='iceberg', connectorHandle='tpcds_sf1_iceberg.store$data@Optional[7359973075065441165]', layout='Optional[tpcds_sf1_iceberg.store$data@Optional[7359973075065441165]]'}, filterPredicate = (s_store_name_118) = (VARCHAR'ese'), projectLocality = LOCAL] => [s_store_sk_113:integer, $hashvalue_581:bigint]
                                                                Estimates: {rows: 12 (864B), cpu: 285.00, memory: 0.00, network: 0.00}/{rows: 6 (432B), cpu: 570.00, memory: 0.00, network: 0.00}/{rows: 6 (432B), cpu: 666.00, memory: 0.00, network: 0.00}
                                                                $hashvalue_581 := combine_hash(BIGINT'0', COALESCE($operator$hash_code(s_store_sk_113), BIGINT'0')) (29:55)
                                                                s_store_name_118 := 6:s_store_name:varchar (29:55)
                                                                s_store_sk_113 := 1:s_store_sk:integer (29:55)
                        - Aggregate(FINAL) => [count_214:bigint]
                                count_214 := ""presto.default.count""((count_542)) (39:10)
                            - LocalExchange[SINGLE] () => [count_542:bigint]
                                - RemoteStreamingExchange[GATHER] => [count_542:bigint]
                                    - Aggregate(PARTIAL) => [count_542:bigint]
                                            count_542 := ""presto.default.count""(*) (39:10)
                                        - InnerJoin[(""ss_store_sk_153"" = ""s_store_sk_185"")][$hashvalue_590, $hashvalue_591] => []
                                                Estimates: {rows: ? (?), cpu: ?, memory: 1047725.85, network: 1047725.85}
                                                Distribution: REPLICATED
                                            - Project[projectLocality = LOCAL] => [ss_store_sk_153:integer, $hashvalue_590:bigint]
                                                    Estimates: {rows: ? (?), cpu: ?, memory: 1047533.85, network: 1047533.85}
                                                    $hashvalue_590 := combine_hash(BIGINT'0', COALESCE($operator$hash_code(ss_store_sk_153), BIGINT'0')) (40:8)
                                                - InnerJoin[(""ss_sold_time_sk_147"" = ""t_time_sk_175"")][$hashvalue_586, $hashvalue_587] => [ss_store_sk_153:integer]
                                                        Estimates: {rows: ? (?), cpu: ?, memory: 1047533.85, network: 1047533.85}
                                                        Distribution: REPLICATED
                                                    - Project[projectLocality = LOCAL] => [ss_sold_time_sk_147:integer, ss_store_sk_153:integer, $hashvalue_586:bigint]
                                                            Estimates: {rows: ? (?), cpu: ?, memory: 147010.63, network: 147010.63}
                                                            $hashvalue_586 := combine_hash(BIGINT'0', COALESCE($operator$hash_code(ss_sold_time_sk_147), BIGINT'0')) (40:8)
                                                        - InnerJoin[(""ss_hdemo_sk_151"" = ""hd_demo_sk_170"")][$hashvalue_582, $hashvalue_583] => [ss_sold_time_sk_147:integer, ss_store_sk_153:integer]
                                                                Estimates: {rows: ? (?), cpu: ?, memory: 147010.63, network: 147010.63}
                                                                Distribution: REPLICATED
                                                            - ScanProject[table = TableHandle {connectorId='iceberg', connectorHandle='tpcds_sf1_iceberg.store_sales$data@Optional[6526568472398842660]', layout='Optional[tpcds_sf1_iceberg.store_sales$data@Optional[6526568472398842660]]'}, projectLocality = LOCAL] => [ss_sold_time_sk_147:integer, ss_hdemo_sk_151:integer, ss_store_sk_153:integer, $hashvalue_582:bigint]
                                                                    Estimates: {rows: 2750838 (188.89MB), cpu: 12064030.00, memory: 0.00, network: 0.00}/{rows: 2750838 (188.89MB), cpu: 48885602.00, memory: 0.00, network: 0.00}
                                                                    $hashvalue_582 := combine_hash(BIGINT'0', COALESCE($operator$hash_code(ss_hdemo_sk_151), BIGINT'0')) (40:8)
                                                                    ss_store_sk_153 := 7:ss_store_sk:integer (40:7)
                                                                    ss_hdemo_sk_151 := 5:ss_hdemo_sk:integer (40:7)
                                                                    ss_sold_time_sk_147 := 1:ss_sold_time_sk:integer (40:7)
                                                            - LocalExchange[HASH][$hashvalue_583] (hd_demo_sk_170) => [hd_demo_sk_170:integer, $hashvalue_583:bigint]
                                                                    Estimates: {rows: 6450 (453.53kB), cpu: 210866.63, memory: 0.00, network: 147010.63}
                                                                - RemoteStreamingExchange[REPLICATE] => [hd_demo_sk_170:integer, $hashvalue_584:bigint]
                                                                        Estimates: {rows: 6450 (453.53kB), cpu: 137361.31, memory: 0.00, network: 147010.63}
                                                                    - ScanFilterProject[table = TableHandle {connectorId='iceberg', connectorHandle='tpcds_sf1_iceberg.household_demographics$data@Optional[1417532563405616921]', layout='Optional[tpcds_sf1_iceberg.household_demographics$data@Optional[1417532563405616921]]'}, filterPredicate = ((IN(hd_dep_count_173, INTEGER'0', INTEGER'2', INTEGER'4')) AND ((hd_vehicle_count_174) <= (INTEGER'6'))) AND (((((hd_dep_count_173) = (INTEGER'4')) AND ((hd_vehicle_count_174) <= (INTEGER'6'))) OR (((hd_dep_count_173) = (INTEGER'2')) AND ((hd_vehicle_count_174) <= (INTEGER'4')))) OR (((hd_dep_count_173) = (INTEGER'0')) AND ((hd_vehicle_count_174) <= (INTEGER'2')))), projectLocality = LOCAL] => [hd_demo_sk_170:integer, $hashvalue_585:bigint]
                                                                            Estimates: {rows: 7200 (506.25kB), cpu: 31928.00, memory: 0.00, network: 0.00}/{rows: 6450 (453.53kB), cpu: 63856.00, memory: 0.00, network: 0.00}/{rows: 6450 (453.53kB), cpu: 137361.31, memory: 0.00, network: 0.00}
                                                                            $hashvalue_585 := combine_hash(BIGINT'0', COALESCE($operator$hash_code(hd_demo_sk_170), BIGINT'0')) (40:20)
                                                                            hd_vehicle_count_174 := 5:hd_vehicle_count:integer (40:20)
                                                                            hd_dep_count_173 := 4:hd_dep_count:integer (40:20)
                                                                            hd_demo_sk_170 := 1:hd_demo_sk:integer (40:20)
                                                    - LocalExchange[HASH][$hashvalue_587] (t_time_sk_175) => [t_time_sk_175:integer, $hashvalue_587:bigint]
                                                            Estimates: {rows: 39539 (2.71MB), cpu: 1661367.22, memory: 0.00, network: 900523.22}
                                                        - RemoteStreamingExchange[REPLICATE] => [t_time_sk_175:integer, $hashvalue_588:bigint]
                                                                Estimates: {rows: 39539 (2.71MB), cpu: 1211105.61, memory: 0.00, network: 900523.22}
                                                            - ScanFilterProject[table = TableHandle {connectorId='iceberg', connectorHandle='tpcds_sf1_iceberg.time_dim$data@Optional[6555865303308078278]', layout='Optional[tpcds_sf1_iceberg.time_dim$data@Optional[6555865303308078278]]'}, filterPredicate = ((t_minute_179) < (INTEGER'30')) AND ((t_hour_178) = (INTEGER'10')), projectLocality = LOCAL] => [t_time_sk_175:integer, $hashvalue_589:bigint]
                                                                    Estimates: {rows: 86400 (5.93MB), cpu: 380422.00, memory: 0.00, network: 0.00}/{rows: 39539 (2.71MB), cpu: 760844.00, memory: 0.00, network: 0.00}/{rows: 39539 (2.71MB), cpu: 1211105.61, memory: 0.00, network: 0.00}
                                                                    $hashvalue_589 := combine_hash(BIGINT'0', COALESCE($operator$hash_code(t_time_sk_175), BIGINT'0')) (40:45)
                                                                    t_hour_178 := 4:t_hour:integer (40:45)
                                                                    t_time_sk_175 := 1:t_time_sk:integer (40:45)
                                                                    t_minute_179 := 5:t_minute:integer (40:45)
                                            - LocalExchange[HASH][$hashvalue_591] (s_store_sk_185) => [s_store_sk_185:integer, $hashvalue_591:bigint]
                                                    Estimates: {rows: 6 (432B), cpu: 762.00, memory: 0.00, network: 192.00}
                                                - RemoteStreamingExchange[REPLICATE] => [s_store_sk_185:integer, $hashvalue_592:bigint]
                                                        Estimates: {rows: 6 (432B), cpu: 666.00, memory: 0.00, network: 192.00}
                                                    - ScanFilterProject[table = TableHandle {connectorId='iceberg', connectorHandle='tpcds_sf1_iceberg.store$data@Optional[7359973075065441165]', layout='Optional[tpcds_sf1_iceberg.store$data@Optional[7359973075065441165]]'}, filterPredicate = (s_store_name_190) = (VARCHAR'ese'), projectLocality = LOCAL] => [s_store_sk_185:integer, $hashvalue_593:bigint]
                                                            Estimates: {rows: 12 (864B), cpu: 285.00, memory: 0.00, network: 0.00}/{rows: 6 (432B), cpu: 570.00, memory: 0.00, network: 0.00}/{rows: 6 (432B), cpu: 666.00, memory: 0.00, network: 0.00}
                                                            $hashvalue_593 := combine_hash(BIGINT'0', COALESCE($operator$hash_code(s_store_sk_185), BIGINT'0')) (40:55)
                                                            s_store_name_190 := 6:s_store_name:varchar (40:55)
                                                            s_store_sk_185 := 1:s_store_sk:integer (40:55)
                    - Aggregate(FINAL) => [count_286:bigint]
                            count_286 := ""presto.default.count""((count_543)) (50:10)
                        - LocalExchange[SINGLE] () => [count_543:bigint]
                            - RemoteStreamingExchange[GATHER] => [count_543:bigint]
                                - Aggregate(PARTIAL) => [count_543:bigint]
                                        count_543 := ""presto.default.count""(*) (50:10)
                                    - InnerJoin[(""ss_store_sk_225"" = ""s_store_sk_257"")][$hashvalue_602, $hashvalue_603] => []
                                            Estimates: {rows: ? (?), cpu: ?, memory: 1017708.41, network: 1017708.41}
                                            Distribution: REPLICATED
                                        - Project[projectLocality = LOCAL] => [ss_store_sk_225:integer, $hashvalue_602:bigint]
                                                Estimates: {rows: ? (?), cpu: ?, memory: 1017516.41, network: 1017516.41}
                                                $hashvalue_602 := combine_hash(BIGINT'0', COALESCE($operator$hash_code(ss_store_sk_225), BIGINT'0')) (51:8)
                                            - InnerJoin[(""ss_sold_time_sk_219"" = ""t_time_sk_247"")][$hashvalue_598, $hashvalue_599] => [ss_store_sk_225:integer]
                                                    Estimates: {rows: ? (?), cpu: ?, memory: 1017516.41, network: 1017516.41}
                                                    Distribution: REPLICATED
                                                - Project[projectLocality = LOCAL] => [ss_sold_time_sk_219:integer, ss_store_sk_225:integer, $hashvalue_598:bigint]
                                                        Estimates: {rows: ? (?), cpu: ?, memory: 147010.63, network: 147010.63}
                                                        $hashvalue_598 := combine_hash(BIGINT'0', COALESCE($operator$hash_code(ss_sold_time_sk_219), BIGINT'0')) (51:8)
                                                    - InnerJoin[(""ss_hdemo_sk_223"" = ""hd_demo_sk_242"")][$hashvalue_594, $hashvalue_595] => [ss_sold_time_sk_219:integer, ss_store_sk_225:integer]
                                                            Estimates: {rows: ? (?), cpu: ?, memory: 147010.63, network: 147010.63}
                                                            Distribution: REPLICATED
                                                        - ScanProject[table = TableHandle {connectorId='iceberg', connectorHandle='tpcds_sf1_iceberg.store_sales$data@Optional[6526568472398842660]', layout='Optional[tpcds_sf1_iceberg.store_sales$data@Optional[6526568472398842660]]'}, projectLocality = LOCAL] => [ss_sold_time_sk_219:integer, ss_hdemo_sk_223:integer, ss_store_sk_225:integer, $hashvalue_594:bigint]
                                                                Estimates: {rows: 2750838 (188.89MB), cpu: 12064030.00, memory: 0.00, network: 0.00}/{rows: 2750838 (188.89MB), cpu: 48885602.00, memory: 0.00, network: 0.00}
                                                                $hashvalue_594 := combine_hash(BIGINT'0', COALESCE($operator$hash_code(ss_hdemo_sk_223), BIGINT'0')) (51:8)
                                                                ss_store_sk_225 := 7:ss_store_sk:integer (51:7)
                                                                ss_hdemo_sk_223 := 5:ss_hdemo_sk:integer (51:7)
                                                                ss_sold_time_sk_219 := 1:ss_sold_time_sk:integer (51:7)
                                                        - LocalExchange[HASH][$hashvalue_595] (hd_demo_sk_242) => [hd_demo_sk_242:integer, $hashvalue_595:bigint]
                                                                Estimates: {rows: 6450 (453.53kB), cpu: 210866.63, memory: 0.00, network: 147010.63}
                                                            - RemoteStreamingExchange[REPLICATE] => [hd_demo_sk_242:integer, $hashvalue_596:bigint]
                                                                    Estimates: {rows: 6450 (453.53kB), cpu: 137361.31, memory: 0.00, network: 147010.63}
                                                                - ScanFilterProject[table = TableHandle {connectorId='iceberg', connectorHandle='tpcds_sf1_iceberg.household_demographics$data@Optional[1417532563405616921]', layout='Optional[tpcds_sf1_iceberg.household_demographics$data@Optional[1417532563405616921]]'}, filterPredicate = ((IN(hd_dep_count_245, INTEGER'0', INTEGER'2', INTEGER'4')) AND ((hd_vehicle_count_246) <= (INTEGER'6'))) AND (((((hd_dep_count_245) = (INTEGER'4')) AND ((hd_vehicle_count_246) <= (INTEGER'6'))) OR (((hd_dep_count_245) = (INTEGER'2')) AND ((hd_vehicle_count_246) <= (INTEGER'4')))) OR (((hd_dep_count_245) = (INTEGER'0')) AND ((hd_vehicle_count_246) <= (INTEGER'2')))), projectLocality = LOCAL] => [hd_demo_sk_242:integer, $hashvalue_597:bigint]
                                                                        Estimates: {rows: 7200 (506.25kB), cpu: 31928.00, memory: 0.00, network: 0.00}/{rows: 6450 (453.53kB), cpu: 63856.00, memory: 0.00, network: 0.00}/{rows: 6450 (453.53kB), cpu: 137361.31, memory: 0.00, network: 0.00}
                                                                        $hashvalue_597 := combine_hash(BIGINT'0', COALESCE($operator$hash_code(hd_demo_sk_242), BIGINT'0')) (51:20)
                                                                        hd_demo_sk_242 := 1:hd_demo_sk:integer (51:20)
                                                                        hd_vehicle_count_246 := 5:hd_vehicle_count:integer (51:20)
                                                                        hd_dep_count_245 := 4:hd_dep_count:integer (51:20)
                                                - LocalExchange[HASH][$hashvalue_599] (t_time_sk_247) => [t_time_sk_247:integer, $hashvalue_599:bigint]
                                                        Estimates: {rows: 38221 (2.62MB), cpu: 1631349.78, memory: 0.00, network: 870505.78}
                                                    - RemoteStreamingExchange[REPLICATE] => [t_time_sk_247:integer, $hashvalue_600:bigint]
                                                            Estimates: {rows: 38221 (2.62MB), cpu: 1196096.89, memory: 0.00, network: 870505.78}
                                                        - ScanFilterProject[table = TableHandle {connectorId='iceberg', connectorHandle='tpcds_sf1_iceberg.time_dim$data@Optional[6555865303308078278]', layout='Optional[tpcds_sf1_iceberg.time_dim$data@Optional[6555865303308078278]]'}, filterPredicate = ((t_minute_251) >= (INTEGER'30')) AND ((t_hour_250) = (INTEGER'10')), projectLocality = LOCAL] => [t_time_sk_247:integer, $hashvalue_601:bigint]
                                                                Estimates: {rows: 86400 (5.93MB), cpu: 380422.00, memory: 0.00, network: 0.00}/{rows: 38221 (2.62MB), cpu: 760844.00, memory: 0.00, network: 0.00}/{rows: 38221 (2.62MB), cpu: 1196096.89, memory: 0.00, network: 0.00}
                                                                $hashvalue_601 := combine_hash(BIGINT'0', COALESCE($operator$hash_code(t_time_sk_247), BIGINT'0')) (51:45)
                                                                t_minute_251 := 5:t_minute:integer (51:45)
                                                                t_hour_250 := 4:t_hour:integer (51:45)
                                                                t_time_sk_247 := 1:t_time_sk:integer (51:45)
                                        - LocalExchange[HASH][$hashvalue_603] (s_store_sk_257) => [s_store_sk_257:integer, $hashvalue_603:bigint]
                                                Estimates: {rows: 6 (432B), cpu: 762.00, memory: 0.00, network: 192.00}
                                            - RemoteStreamingExchange[REPLICATE] => [s_store_sk_257:integer, $hashvalue_604:bigint]
                                                    Estimates: {rows: 6 (432B), cpu: 666.00, memory: 0.00, network: 192.00}
                                                - ScanFilterProject[table = TableHandle {connectorId='iceberg', connectorHandle='tpcds_sf1_iceberg.store$data@Optional[7359973075065441165]', layout='Optional[tpcds_sf1_iceberg.store$data@Optional[7359973075065441165]]'}, filterPredicate = (s_store_name_262) = (VARCHAR'ese'), projectLocality = LOCAL] => [s_store_sk_257:integer, $hashvalue_605:bigint]
                                                        Estimates: {rows: 12 (864B), cpu: 285.00, memory: 0.00, network: 0.00}/{rows: 6 (432B), cpu: 570.00, memory: 0.00, network: 0.00}/{rows: 6 (432B), cpu: 666.00, memory: 0.00, network: 0.00}
                                                        $hashvalue_605 := combine_hash(BIGINT'0', COALESCE($operator$hash_code(s_store_sk_257), BIGINT'0')) (51:55)
                                                        s_store_sk_257 := 1:s_store_sk:integer (51:55)
                                                        s_store_name_262 := 6:s_store_name:varchar (51:55)
                - Aggregate(FINAL) => [count_358:bigint]
                        count_358 := ""presto.default.count""((count_544)) (61:10)
                    - LocalExchange[SINGLE] () => [count_544:bigint]
                        - RemoteStreamingExchange[GATHER] => [count_544:bigint]
                            - Aggregate(PARTIAL) => [count_544:bigint]
                                    count_544 := ""presto.default.count""(*) (61:10)
                                - InnerJoin[(""ss_store_sk_297"" = ""s_store_sk_329"")][$hashvalue_614, $hashvalue_615] => []
                                        Estimates: {rows: ? (?), cpu: ?, memory: 1047725.85, network: 1047725.85}
                                        Distribution: REPLICATED
                                    - Project[projectLocality = LOCAL] => [ss_store_sk_297:integer, $hashvalue_614:bigint]
                                            Estimates: {rows: ? (?), cpu: ?, memory: 1047533.85, network: 1047533.85}
                                            $hashvalue_614 := combine_hash(BIGINT'0', COALESCE($operator$hash_code(ss_store_sk_297), BIGINT'0')) (62:8)
                                        - InnerJoin[(""ss_sold_time_sk_291"" = ""t_time_sk_319"")][$hashvalue_610, $hashvalue_611] => [ss_store_sk_297:integer]
                                                Estimates: {rows: ? (?), cpu: ?, memory: 1047533.85, network: 1047533.85}
                                                Distribution: REPLICATED
                                            - Project[projectLocality = LOCAL] => [ss_sold_time_sk_291:integer, ss_store_sk_297:integer, $hashvalue_610:bigint]
                                                    Estimates: {rows: ? (?), cpu: ?, memory: 147010.63, network: 147010.63}
                                                    $hashvalue_610 := combine_hash(BIGINT'0', COALESCE($operator$hash_code(ss_sold_time_sk_291), BIGINT'0')) (62:8)
                                                - InnerJoin[(""ss_hdemo_sk_295"" = ""hd_demo_sk_314"")][$hashvalue_606, $hashvalue_607] => [ss_sold_time_sk_291:integer, ss_store_sk_297:integer]
                                                        Estimates: {rows: ? (?), cpu: ?, memory: 147010.63, network: 147010.63}
                                                        Distribution: REPLICATED
                                                    - ScanProject[table = TableHandle {connectorId='iceberg', connectorHandle='tpcds_sf1_iceberg.store_sales$data@Optional[6526568472398842660]', layout='Optional[tpcds_sf1_iceberg.store_sales$data@Optional[6526568472398842660]]'}, projectLocality = LOCAL] => [ss_sold_time_sk_291:integer, ss_hdemo_sk_295:integer, ss_store_sk_297:integer, $hashvalue_606:bigint]
                                                            Estimates: {rows: 2750838 (188.89MB), cpu: 12064030.00, memory: 0.00, network: 0.00}/{rows: 2750838 (188.89MB), cpu: 48885602.00, memory: 0.00, network: 0.00}
                                                            $hashvalue_606 := combine_hash(BIGINT'0', COALESCE($operator$hash_code(ss_hdemo_sk_295), BIGINT'0')) (62:8)
                                                            ss_hdemo_sk_295 := 5:ss_hdemo_sk:integer (62:7)
                                                            ss_store_sk_297 := 7:ss_store_sk:integer (62:7)
                                                            ss_sold_time_sk_291 := 1:ss_sold_time_sk:integer (62:7)
                                                    - LocalExchange[HASH][$hashvalue_607] (hd_demo_sk_314) => [hd_demo_sk_314:integer, $hashvalue_607:bigint]
                                                            Estimates: {rows: 6450 (453.53kB), cpu: 210866.63, memory: 0.00, network: 147010.63}
                                                        - RemoteStreamingExchange[REPLICATE] => [hd_demo_sk_314:integer, $hashvalue_608:bigint]
                                                                Estimates: {rows: 6450 (453.53kB), cpu: 137361.31, memory: 0.00, network: 147010.63}
                                                            - ScanFilterProject[table = TableHandle {connectorId='iceberg', connectorHandle='tpcds_sf1_iceberg.household_demographics$data@Optional[1417532563405616921]', layout='Optional[tpcds_sf1_iceberg.household_demographics$data@Optional[1417532563405616921]]'}, filterPredicate = ((IN(hd_dep_count_317, INTEGER'0', INTEGER'2', INTEGER'4')) AND ((hd_vehicle_count_318) <= (INTEGER'6'))) AND (((((hd_dep_count_317) = (INTEGER'4')) AND ((hd_vehicle_count_318) <= (INTEGER'6'))) OR (((hd_dep_count_317) = (INTEGER'2')) AND ((hd_vehicle_count_318) <= (INTEGER'4')))) OR (((hd_dep_count_317) = (INTEGER'0')) AND ((hd_vehicle_count_318) <= (INTEGER'2')))), projectLocality = LOCAL] => [hd_demo_sk_314:integer, $hashvalue_609:bigint]
                                                                    Estimates: {rows: 7200 (506.25kB), cpu: 31928.00, memory: 0.00, network: 0.00}/{rows: 6450 (453.53kB), cpu: 63856.00, memory: 0.00, network: 0.00}/{rows: 6450 (453.53kB), cpu: 137361.31, memory: 0.00, network: 0.00}
                                                                    $hashvalue_609 := combine_hash(BIGINT'0', COALESCE($operator$hash_code(hd_demo_sk_314), BIGINT'0')) (62:20)
                                                                    hd_demo_sk_314 := 1:hd_demo_sk:integer (62:20)
                                                                    hd_vehicle_count_318 := 5:hd_vehicle_count:integer (62:20)
                                                                    hd_dep_count_317 := 4:hd_dep_count:integer (62:20)
                                            - LocalExchange[HASH][$hashvalue_611] (t_time_sk_319) => [t_time_sk_319:integer, $hashvalue_611:bigint]
                                                    Estimates: {rows: 39539 (2.71MB), cpu: 1661367.22, memory: 0.00, network: 900523.22}
                                                - RemoteStreamingExchange[REPLICATE] => [t_time_sk_319:integer, $hashvalue_612:bigint]
                                                        Estimates: {rows: 39539 (2.71MB), cpu: 1211105.61, memory: 0.00, network: 900523.22}
                                                    - ScanFilterProject[table = TableHandle {connectorId='iceberg', connectorHandle='tpcds_sf1_iceberg.time_dim$data@Optional[6555865303308078278]', layout='Optional[tpcds_sf1_iceberg.time_dim$data@Optional[6555865303308078278]]'}, filterPredicate = ((t_minute_323) < (INTEGER'30')) AND ((t_hour_322) = (INTEGER'11')), projectLocality = LOCAL] => [t_time_sk_319:integer, $hashvalue_613:bigint]
                                                            Estimates: {rows: 86400 (5.93MB), cpu: 380422.00, memory: 0.00, network: 0.00}/{rows: 39539 (2.71MB), cpu: 760844.00, memory: 0.00, network: 0.00}/{rows: 39539 (2.71MB), cpu: 1211105.61, memory: 0.00, network: 0.00}
                                                            $hashvalue_613 := combine_hash(BIGINT'0', COALESCE($operator$hash_code(t_time_sk_319), BIGINT'0')) (62:45)
                                                            t_minute_323 := 5:t_minute:integer (62:45)
                                                            t_hour_322 := 4:t_hour:integer (62:45)
                                                            t_time_sk_319 := 1:t_time_sk:integer (62:45)
                                    - LocalExchange[HASH][$hashvalue_615] (s_store_sk_329) => [s_store_sk_329:integer, $hashvalue_615:bigint]
                                            Estimates: {rows: 6 (432B), cpu: 762.00, memory: 0.00, network: 192.00}
                                        - RemoteStreamingExchange[REPLICATE] => [s_store_sk_329:integer, $hashvalue_616:bigint]
                                                Estimates: {rows: 6 (432B), cpu: 666.00, memory: 0.00, network: 192.00}
                                            - ScanFilterProject[table = TableHandle {connectorId='iceberg', connectorHandle='tpcds_sf1_iceberg.store$data@Optional[7359973075065441165]', layout='Optional[tpcds_sf1_iceberg.store$data@Optional[7359973075065441165]]'}, filterPredicate = (s_store_name_334) = (VARCHAR'ese'), projectLocality = LOCAL] => [s_store_sk_329:integer, $hashvalue_617:bigint]
                                                    Estimates: {rows: 12 (864B), cpu: 285.00, memory: 0.00, network: 0.00}/{rows: 6 (432B), cpu: 570.00, memory: 0.00, network: 0.00}/{rows: 6 (432B), cpu: 666.00, memory: 0.00, network: 0.00}
                                                    $hashvalue_617 := combine_hash(BIGINT'0', COALESCE($operator$hash_code(s_store_sk_329), BIGINT'0')) (62:55)
                                                    s_store_name_334 := 6:s_store_name:varchar (62:55)
                                                    s_store_sk_329 := 1:s_store_sk:integer (62:55)
            - Aggregate(FINAL) => [count_430:bigint]
                    count_430 := ""presto.default.count""((count_545)) (72:10)
                - LocalExchange[SINGLE] () => [count_545:bigint]
                    - RemoteStreamingExchange[GATHER] => [count_545:bigint]
                        - Aggregate(PARTIAL) => [count_545:bigint]
                                count_545 := ""presto.default.count""(*) (72:10)
                            - InnerJoin[(""ss_store_sk_369"" = ""s_store_sk_401"")][$hashvalue_626, $hashvalue_627] => []
                                    Estimates: {rows: ? (?), cpu: ?, memory: 1017708.41, network: 1017708.41}
                                    Distribution: REPLICATED
                                - Project[projectLocality = LOCAL] => [ss_store_sk_369:integer, $hashvalue_626:bigint]
                                        Estimates: {rows: ? (?), cpu: ?, memory: 1017516.41, network: 1017516.41}
                                        $hashvalue_626 := combine_hash(BIGINT'0', COALESCE($operator$hash_code(ss_store_sk_369), BIGINT'0')) (73:8)
                                    - InnerJoin[(""ss_sold_time_sk_363"" = ""t_time_sk_391"")][$hashvalue_622, $hashvalue_623] => [ss_store_sk_369:integer]
                                            Estimates: {rows: ? (?), cpu: ?, memory: 1017516.41, network: 1017516.41}
                                            Distribution: REPLICATED
                                        - Project[projectLocality = LOCAL] => [ss_sold_time_sk_363:integer, ss_store_sk_369:integer, $hashvalue_622:bigint]
                                                Estimates: {rows: ? (?), cpu: ?, memory: 147010.63, network: 147010.63}
                                                $hashvalue_622 := combine_hash(BIGINT'0', COALESCE($operator$hash_code(ss_sold_time_sk_363), BIGINT'0')) (73:8)
                                            - InnerJoin[(""ss_hdemo_sk_367"" = ""hd_demo_sk_386"")][$hashvalue_618, $hashvalue_619] => [ss_sold_time_sk_363:integer, ss_store_sk_369:integer]
                                                    Estimates: {rows: ? (?), cpu: ?, memory: 147010.63, network: 147010.63}
                                                    Distribution: REPLICATED
                                                - ScanProject[table = TableHandle {connectorId='iceberg', connectorHandle='tpcds_sf1_iceberg.store_sales$data@Optional[6526568472398842660]', layout='Optional[tpcds_sf1_iceberg.store_sales$data@Optional[6526568472398842660]]'}, projectLocality = LOCAL] => [ss_sold_time_sk_363:integer, ss_hdemo_sk_367:integer, ss_store_sk_369:integer, $hashvalue_618:bigint]
                                                        Estimates: {rows: 2750838 (188.89MB), cpu: 12064030.00, memory: 0.00, network: 0.00}/{rows: 2750838 (188.89MB), cpu: 48885602.00, memory: 0.00, network: 0.00}
                                                        $hashvalue_618 := combine_hash(BIGINT'0', COALESCE($operator$hash_code(ss_hdemo_sk_367), BIGINT'0')) (73:8)
                                                        ss_sold_time_sk_363 := 1:ss_sold_time_sk:integer (73:7)
                                                        ss_store_sk_369 := 7:ss_store_sk:integer (73:7)
                                                        ss_hdemo_sk_367 := 5:ss_hdemo_sk:integer (73:7)
                                                - LocalExchange[HASH][$hashvalue_619] (hd_demo_sk_386) => [hd_demo_sk_386:integer, $hashvalue_619:bigint]
                                                        Estimates: {rows: 6450 (453.53kB), cpu: 210866.63, memory: 0.00, network: 147010.63}
                                                    - RemoteStreamingExchange[REPLICATE] => [hd_demo_sk_386:integer, $hashvalue_620:bigint]
                                                            Estimates: {rows: 6450 (453.53kB), cpu: 137361.31, memory: 0.00, network: 147010.63}
                                                        - ScanFilterProject[table = TableHandle {connectorId='iceberg', connectorHandle='tpcds_sf1_iceberg.household_demographics$data@Optional[1417532563405616921]', layout='Optional[tpcds_sf1_iceberg.household_demographics$data@Optional[1417532563405616921]]'}, filterPredicate = ((IN(hd_dep_count_389, INTEGER'0', INTEGER'2', INTEGER'4')) AND ((hd_vehicle_count_390) <= (INTEGER'6'))) AND (((((hd_dep_count_389) = (INTEGER'4')) AND ((hd_vehicle_count_390) <= (INTEGER'6'))) OR (((hd_dep_count_389) = (INTEGER'2')) AND ((hd_vehicle_count_390) <= (INTEGER'4')))) OR (((hd_dep_count_389) = (INTEGER'0')) AND ((hd_vehicle_count_390) <= (INTEGER'2')))), projectLocality = LOCAL] => [hd_demo_sk_386:integer, $hashvalue_621:bigint]
                                                                Estimates: {rows: 7200 (506.25kB), cpu: 31928.00, memory: 0.00, network: 0.00}/{rows: 6450 (453.53kB), cpu: 63856.00, memory: 0.00, network: 0.00}/{rows: 6450 (453.53kB), cpu: 137361.31, memory: 0.00, network: 0.00}
                                                                $hashvalue_621 := combine_hash(BIGINT'0', COALESCE($operator$hash_code(hd_demo_sk_386), BIGINT'0')) (73:20)
                                                                hd_demo_sk_386 := 1:hd_demo_sk:integer (73:20)
                                                                hd_dep_count_389 := 4:hd_dep_count:integer (73:20)
                                                                hd_vehicle_count_390 := 5:hd_vehicle_count:integer (73:20)
                                        - LocalExchange[HASH][$hashvalue_623] (t_time_sk_391) => [t_time_sk_391:integer, $hashvalue_623:bigint]
                                                Estimates: {rows: 38221 (2.62MB), cpu: 1631349.78, memory: 0.00, network: 870505.78}
                                            - RemoteStreamingExchange[REPLICATE] => [t_time_sk_391:integer, $hashvalue_624:bigint]
                                                    Estimates: {rows: 38221 (2.62MB), cpu: 1196096.89, memory: 0.00, network: 870505.78}
                                                - ScanFilterProject[table = TableHandle {connectorId='iceberg', connectorHandle='tpcds_sf1_iceberg.time_dim$data@Optional[6555865303308078278]', layout='Optional[tpcds_sf1_iceberg.time_dim$data@Optional[6555865303308078278]]'}, filterPredicate = ((t_minute_395) >= (INTEGER'30')) AND ((t_hour_394) = (INTEGER'11')), projectLocality = LOCAL] => [t_time_sk_391:integer, $hashvalue_625:bigint]
                                                        Estimates: {rows: 86400 (5.93MB), cpu: 380422.00, memory: 0.00, network: 0.00}/{rows: 38221 (2.62MB), cpu: 760844.00, memory: 0.00, network: 0.00}/{rows: 38221 (2.62MB), cpu: 1196096.89, memory: 0.00, network: 0.00}
                                                        $hashvalue_625 := combine_hash(BIGINT'0', COALESCE($operator$hash_code(t_time_sk_391), BIGINT'0')) (73:45)
                                                        t_time_sk_391 := 1:t_time_sk:integer (73:45)
                                                        t_hour_394 := 4:t_hour:integer (73:45)
                                                        t_minute_395 := 5:t_minute:integer (73:45)
                                - LocalExchange[HASH][$hashvalue_627] (s_store_sk_401) => [s_store_sk_401:integer, $hashvalue_627:bigint]
                                        Estimates: {rows: 6 (432B), cpu: 762.00, memory: 0.00, network: 192.00}
                                    - RemoteStreamingExchange[REPLICATE] => [s_store_sk_401:integer, $hashvalue_628:bigint]
                                            Estimates: {rows: 6 (432B), cpu: 666.00, memory: 0.00, network: 192.00}
                                        - ScanFilterProject[table = TableHandle {connectorId='iceberg', connectorHandle='tpcds_sf1_iceberg.store$data@Optional[7359973075065441165]', layout='Optional[tpcds_sf1_iceberg.store$data@Optional[7359973075065441165]]'}, filterPredicate = (s_store_name_406) = (VARCHAR'ese'), projectLocality = LOCAL] => [s_store_sk_401:integer, $hashvalue_629:bigint]
                                                Estimates: {rows: 12 (864B), cpu: 285.00, memory: 0.00, network: 0.00}/{rows: 6 (432B), cpu: 570.00, memory: 0.00, network: 0.00}/{rows: 6 (432B), cpu: 666.00, memory: 0.00, network: 0.00}
                                                $hashvalue_629 := combine_hash(BIGINT'0', COALESCE($operator$hash_code(s_store_sk_401), BIGINT'0')) (73:55)
                                                s_store_sk_401 := 1:s_store_sk:integer (73:55)
                                                s_store_name_406 := 6:s_store_name:varchar (73:55)
        - Aggregate(FINAL) => [count_502:bigint]
                count_502 := ""presto.default.count""((count_546)) (83:10)
            - LocalExchange[SINGLE] () => [count_546:bigint]
                - RemoteStreamingExchange[GATHER] => [count_546:bigint]
                    - Aggregate(PARTIAL) => [count_546:bigint]
                            count_546 := ""presto.default.count""(*) (83:10)
                        - InnerJoin[(""ss_store_sk_441"" = ""s_store_sk_473"")][$hashvalue_638, $hashvalue_639] => []
                                Estimates: {rows: ? (?), cpu: ?, memory: 1047725.85, network: 1047725.85}
                                Distribution: REPLICATED
                            - Project[projectLocality = LOCAL] => [ss_store_sk_441:integer, $hashvalue_638:bigint]
                                    Estimates: {rows: ? (?), cpu: ?, memory: 1047533.85, network: 1047533.85}
                                    $hashvalue_638 := combine_hash(BIGINT'0', COALESCE($operator$hash_code(ss_store_sk_441), BIGINT'0')) (84:8)
                                - InnerJoin[(""ss_sold_time_sk_435"" = ""t_time_sk_463"")][$hashvalue_634, $hashvalue_635] => [ss_store_sk_441:integer]
                                        Estimates: {rows: ? (?), cpu: ?, memory: 1047533.85, network: 1047533.85}
                                        Distribution: REPLICATED
                                    - Project[projectLocality = LOCAL] => [ss_sold_time_sk_435:integer, ss_store_sk_441:integer, $hashvalue_634:bigint]
                                            Estimates: {rows: ? (?), cpu: ?, memory: 147010.63, network: 147010.63}
                                            $hashvalue_634 := combine_hash(BIGINT'0', COALESCE($operator$hash_code(ss_sold_time_sk_435), BIGINT'0')) (84:8)
                                        - InnerJoin[(""ss_hdemo_sk_439"" = ""hd_demo_sk_458"")][$hashvalue_630, $hashvalue_631] => [ss_sold_time_sk_435:integer, ss_store_sk_441:integer]
                                                Estimates: {rows: ? (?), cpu: ?, memory: 147010.63, network: 147010.63}
                                                Distribution: REPLICATED
                                            - ScanProject[table = TableHandle {connectorId='iceberg', connectorHandle='tpcds_sf1_iceberg.store_sales$data@Optional[6526568472398842660]', layout='Optional[tpcds_sf1_iceberg.store_sales$data@Optional[6526568472398842660]]'}, projectLocality = LOCAL] => [ss_sold_time_sk_435:integer, ss_hdemo_sk_439:integer, ss_store_sk_441:integer, $hashvalue_630:bigint]
                                                    Estimates: {rows: 2750838 (188.89MB), cpu: 12064030.00, memory: 0.00, network: 0.00}/{rows: 2750838 (188.89MB), cpu: 48885602.00, memory: 0.00, network: 0.00}
                                                    $hashvalue_630 := combine_hash(BIGINT'0', COALESCE($operator$hash_code(ss_hdemo_sk_439), BIGINT'0')) (84:8)
                                                    ss_sold_time_sk_435 := 1:ss_sold_time_sk:integer (84:7)
                                                    ss_store_sk_441 := 7:ss_store_sk:integer (84:7)
                                                    ss_hdemo_sk_439 := 5:ss_hdemo_sk:integer (84:7)
                                            - LocalExchange[HASH][$hashvalue_631] (hd_demo_sk_458) => [hd_demo_sk_458:integer, $hashvalue_631:bigint]
                                                    Estimates: {rows: 6450 (453.53kB), cpu: 210866.63, memory: 0.00, network: 147010.63}
                                                - RemoteStreamingExchange[REPLICATE] => [hd_demo_sk_458:integer, $hashvalue_632:bigint]
                                                        Estimates: {rows: 6450 (453.53kB), cpu: 137361.31, memory: 0.00, network: 147010.63}
                                                    - ScanFilterProject[table = TableHandle {connectorId='iceberg', connectorHandle='tpcds_sf1_iceberg.household_demographics$data@Optional[1417532563405616921]', layout='Optional[tpcds_sf1_iceberg.household_demographics$data@Optional[1417532563405616921]]'}, filterPredicate = ((IN(hd_dep_count_461, INTEGER'0', INTEGER'2', INTEGER'4')) AND ((hd_vehicle_count_462) <= (INTEGER'6'))) AND (((((hd_dep_count_461) = (INTEGER'4')) AND ((hd_vehicle_count_462) <= (INTEGER'6'))) OR (((hd_dep_count_461) = (INTEGER'2')) AND ((hd_vehicle_count_462) <= (INTEGER'4')))) OR (((hd_dep_count_461) = (INTEGER'0')) AND ((hd_vehicle_count_462) <= (INTEGER'2')))), projectLocality = LOCAL] => [hd_demo_sk_458:integer, $hashvalue_633:bigint]
                                                            Estimates: {rows: 7200 (506.25kB), cpu: 31928.00, memory: 0.00, network: 0.00}/{rows: 6450 (453.53kB), cpu: 63856.00, memory: 0.00, network: 0.00}/{rows: 6450 (453.53kB), cpu: 137361.31, memory: 0.00, network: 0.00}
                                                            $hashvalue_633 := combine_hash(BIGINT'0', COALESCE($operator$hash_code(hd_demo_sk_458), BIGINT'0')) (84:20)
                                                            hd_dep_count_461 := 4:hd_dep_count:integer (84:20)
                                                            hd_demo_sk_458 := 1:hd_demo_sk:integer (84:20)
                                                            hd_vehicle_count_462 := 5:hd_vehicle_count:integer (84:20)
                                    - LocalExchange[HASH][$hashvalue_635] (t_time_sk_463) => [t_time_sk_463:integer, $hashvalue_635:bigint]
                                            Estimates: {rows: 39539 (2.71MB), cpu: 1661367.22, memory: 0.00, network: 900523.22}
                                        - RemoteStreamingExchange[REPLICATE] => [t_time_sk_463:integer, $hashvalue_636:bigint]
                                                Estimates: {rows: 39539 (2.71MB), cpu: 1211105.61, memory: 0.00, network: 900523.22}
                                            - ScanFilterProject[table = TableHandle {connectorId='iceberg', connectorHandle='tpcds_sf1_iceberg.time_dim$data@Optional[6555865303308078278]', layout='Optional[tpcds_sf1_iceberg.time_dim$data@Optional[6555865303308078278]]'}, filterPredicate = ((t_minute_467) < (INTEGER'30')) AND ((t_hour_466) = (INTEGER'12')), projectLocality = LOCAL] => [t_time_sk_463:integer, $hashvalue_637:bigint]
                                                    Estimates: {rows: 86400 (5.93MB), cpu: 380422.00, memory: 0.00, network: 0.00}/{rows: 39539 (2.71MB), cpu: 760844.00, memory: 0.00, network: 0.00}/{rows: 39539 (2.71MB), cpu: 1211105.61, memory: 0.00, network: 0.00}
                                                    $hashvalue_637 := combine_hash(BIGINT'0', COALESCE($operator$hash_code(t_time_sk_463), BIGINT'0')) (84:45)
                                                    t_time_sk_463 := 1:t_time_sk:integer (84:45)
                                                    t_hour_466 := 4:t_hour:integer (84:45)
                                                    t_minute_467 := 5:t_minute:integer (84:45)
                            - LocalExchange[HASH][$hashvalue_639] (s_store_sk_473) => [s_store_sk_473:integer, $hashvalue_639:bigint]
                                    Estimates: {rows: 6 (432B), cpu: 762.00, memory: 0.00, network: 192.00}
                                - RemoteStreamingExchange[REPLICATE] => [s_store_sk_473:integer, $hashvalue_640:bigint]
                                        Estimates: {rows: 6 (432B), cpu: 666.00, memory: 0.00, network: 192.00}
                                    - ScanFilterProject[table = TableHandle {connectorId='iceberg', connectorHandle='tpcds_sf1_iceberg.store$data@Optional[7359973075065441165]', layout='Optional[tpcds_sf1_iceberg.store$data@Optional[7359973075065441165]]'}, filterPredicate = (s_store_name_478) = (VARCHAR'ese'), projectLocality = LOCAL] => [s_store_sk_473:integer, $hashvalue_641:bigint]
                                            Estimates: {rows: 12 (864B), cpu: 285.00, memory: 0.00, network: 0.00}/{rows: 6 (432B), cpu: 570.00, memory: 0.00, network: 0.00}/{rows: 6 (432B), cpu: 666.00, memory: 0.00, network: 0.00}
                                            $hashvalue_641 := combine_hash(BIGINT'0', COALESCE($operator$hash_code(s_store_sk_473), BIGINT'0')) (84:55)
                                            s_store_name_478 := 6:s_store_name:varchar (84:55)
                                            s_store_sk_473 := 1:s_store_sk:integer (84:55)
"
